[2025-07-20T21:39:29.653+0000] {logging_mixin.py:151} INFO - Changing /opt/***/logs/dag_id=fraud_detection_pipeline/run_id=manual__2025-07-20T21:39:27.407490+00:00/task_id=aggregate_and_store_pickle_data permission to 509
[2025-07-20T21:39:29.653+0000] {logging_mixin.py:151} INFO - Failed to change /opt/***/logs/dag_id=fraud_detection_pipeline/run_id=manual__2025-07-20T21:39:27.407490+00:00/task_id=aggregate_and_store_pickle_data permission to 509: [Errno 1] Operation not permitted: '/opt/***/logs/dag_id=fraud_detection_pipeline/run_id=manual__2025-07-20T21:39:27.407490+00:00/task_id=aggregate_and_store_pickle_data'
[2025-07-20T21:39:29.688+0000] {logging_mixin.py:151} INFO - Changing /opt/***/logs/dag_id=fraud_detection_pipeline/run_id=manual__2025-07-20T21:39:27.407490+00:00/task_id=aggregate_and_store_pickle_data permission to 509
[2025-07-20T21:39:29.689+0000] {logging_mixin.py:151} INFO - Failed to change /opt/***/logs/dag_id=fraud_detection_pipeline/run_id=manual__2025-07-20T21:39:27.407490+00:00/task_id=aggregate_and_store_pickle_data permission to 509: [Errno 1] Operation not permitted: '/opt/***/logs/dag_id=fraud_detection_pipeline/run_id=manual__2025-07-20T21:39:27.407490+00:00/task_id=aggregate_and_store_pickle_data'
[2025-07-20T21:39:29.705+0000] {taskinstance.py:1157} INFO - Dependencies all met for dep_context=non-requeueable deps ti=<TaskInstance: fraud_detection_pipeline.aggregate_and_store_pickle_data manual__2025-07-20T21:39:27.407490+00:00 [queued]>
[2025-07-20T21:39:29.713+0000] {taskinstance.py:1157} INFO - Dependencies all met for dep_context=requeueable deps ti=<TaskInstance: fraud_detection_pipeline.aggregate_and_store_pickle_data manual__2025-07-20T21:39:27.407490+00:00 [queued]>
[2025-07-20T21:39:29.715+0000] {taskinstance.py:1359} INFO - Starting attempt 1 of 1
[2025-07-20T21:39:29.724+0000] {taskinstance.py:1380} INFO - Executing <Task(PythonOperator): aggregate_and_store_pickle_data> on 2025-07-20 21:39:27.407490+00:00
[2025-07-20T21:39:29.726+0000] {standard_task_runner.py:57} INFO - Started process 64 to run task
[2025-07-20T21:39:29.729+0000] {standard_task_runner.py:84} INFO - Running: ['***', 'tasks', 'run', 'fraud_detection_pipeline', 'aggregate_and_store_pickle_data', 'manual__2025-07-20T21:39:27.407490+00:00', '--job-id', '10', '--raw', '--subdir', 'DAGS_FOLDER/fraud_pipeline_dag.py', '--cfg-path', '/tmp/tmpsstv8hmi']
[2025-07-20T21:39:29.730+0000] {standard_task_runner.py:85} INFO - Job 10: Subtask aggregate_and_store_pickle_data
[2025-07-20T21:39:29.740+0000] {logging_mixin.py:151} WARNING - /home/***/.local/lib/python3.8/site-packages/***/settings.py:195 DeprecationWarning: The sql_alchemy_conn option in [core] has been moved to the sql_alchemy_conn option in [database] - the old setting has been used, but please update your config.
[2025-07-20T21:39:29.758+0000] {logging_mixin.py:151} INFO - Changing /opt/***/logs/dag_id=fraud_detection_pipeline/run_id=manual__2025-07-20T21:39:27.407490+00:00/task_id=aggregate_and_store_pickle_data permission to 509
[2025-07-20T21:39:29.759+0000] {logging_mixin.py:151} INFO - Failed to change /opt/***/logs/dag_id=fraud_detection_pipeline/run_id=manual__2025-07-20T21:39:27.407490+00:00/task_id=aggregate_and_store_pickle_data permission to 509: [Errno 1] Operation not permitted: '/opt/***/logs/dag_id=fraud_detection_pipeline/run_id=manual__2025-07-20T21:39:27.407490+00:00/task_id=aggregate_and_store_pickle_data'
[2025-07-20T21:39:29.760+0000] {task_command.py:415} INFO - Running <TaskInstance: fraud_detection_pipeline.aggregate_and_store_pickle_data manual__2025-07-20T21:39:27.407490+00:00 [running]> on host 1cccc10213a9
[2025-07-20T21:39:29.799+0000] {taskinstance.py:1660} INFO - Exporting env vars: AIRFLOW_CTX_DAG_OWNER='***' AIRFLOW_CTX_DAG_ID='fraud_detection_pipeline' AIRFLOW_CTX_TASK_ID='aggregate_and_store_pickle_data' AIRFLOW_CTX_EXECUTION_DATE='2025-07-20T21:39:27.407490+00:00' AIRFLOW_CTX_TRY_NUMBER='1' AIRFLOW_CTX_DAG_RUN_ID='manual__2025-07-20T21:39:27.407490+00:00'
[2025-07-20T21:39:29.800+0000] {fraud_pipeline_dag.py:15} INFO - Reading pickle files from /opt/***/data/data_raw
[2025-07-20T21:39:29.804+0000] {fraud_pipeline_dag.py:20} INFO - Reading 2018-04-01.pkl
[2025-07-20T21:39:29.817+0000] {fraud_pipeline_dag.py:20} INFO - Reading 2018-04-02.pkl
[2025-07-20T21:39:29.829+0000] {fraud_pipeline_dag.py:20} INFO - Reading 2018-04-03.pkl
[2025-07-20T21:39:29.841+0000] {fraud_pipeline_dag.py:20} INFO - Reading 2018-04-04.pkl
[2025-07-20T21:39:29.853+0000] {fraud_pipeline_dag.py:20} INFO - Reading 2018-04-05.pkl
[2025-07-20T21:39:29.866+0000] {fraud_pipeline_dag.py:20} INFO - Reading 2018-04-06.pkl
[2025-07-20T21:39:29.878+0000] {fraud_pipeline_dag.py:20} INFO - Reading 2018-04-07.pkl
[2025-07-20T21:39:29.890+0000] {fraud_pipeline_dag.py:20} INFO - Reading 2018-04-08.pkl
[2025-07-20T21:39:29.902+0000] {fraud_pipeline_dag.py:20} INFO - Reading 2018-04-09.pkl
[2025-07-20T21:39:29.914+0000] {fraud_pipeline_dag.py:20} INFO - Reading 2018-04-10.pkl
[2025-07-20T21:39:29.927+0000] {fraud_pipeline_dag.py:20} INFO - Reading 2018-04-11.pkl
[2025-07-20T21:39:29.939+0000] {fraud_pipeline_dag.py:20} INFO - Reading 2018-04-12.pkl
[2025-07-20T21:39:29.958+0000] {fraud_pipeline_dag.py:20} INFO - Reading 2018-04-13.pkl
[2025-07-20T21:39:29.971+0000] {fraud_pipeline_dag.py:20} INFO - Reading 2018-04-14.pkl
[2025-07-20T21:39:29.983+0000] {fraud_pipeline_dag.py:20} INFO - Reading 2018-04-15.pkl
[2025-07-20T21:39:29.994+0000] {fraud_pipeline_dag.py:20} INFO - Reading 2018-04-16.pkl
[2025-07-20T21:39:30.006+0000] {fraud_pipeline_dag.py:20} INFO - Reading 2018-04-17.pkl
[2025-07-20T21:39:30.017+0000] {fraud_pipeline_dag.py:20} INFO - Reading 2018-04-18.pkl
[2025-07-20T21:39:30.029+0000] {fraud_pipeline_dag.py:20} INFO - Reading 2018-04-19.pkl
[2025-07-20T21:39:30.041+0000] {fraud_pipeline_dag.py:20} INFO - Reading 2018-04-20.pkl
[2025-07-20T21:39:30.052+0000] {fraud_pipeline_dag.py:20} INFO - Reading 2018-04-21.pkl
[2025-07-20T21:39:30.064+0000] {fraud_pipeline_dag.py:20} INFO - Reading 2018-04-22.pkl
[2025-07-20T21:39:30.076+0000] {fraud_pipeline_dag.py:20} INFO - Reading 2018-04-23.pkl
[2025-07-20T21:39:30.088+0000] {fraud_pipeline_dag.py:20} INFO - Reading 2018-04-24.pkl
[2025-07-20T21:39:30.100+0000] {fraud_pipeline_dag.py:20} INFO - Reading 2018-04-25.pkl
[2025-07-20T21:39:30.112+0000] {fraud_pipeline_dag.py:20} INFO - Reading 2018-04-26.pkl
[2025-07-20T21:39:30.123+0000] {fraud_pipeline_dag.py:20} INFO - Reading 2018-04-27.pkl
[2025-07-20T21:39:30.136+0000] {fraud_pipeline_dag.py:20} INFO - Reading 2018-04-28.pkl
[2025-07-20T21:39:30.148+0000] {fraud_pipeline_dag.py:20} INFO - Reading 2018-04-29.pkl
[2025-07-20T21:39:30.160+0000] {fraud_pipeline_dag.py:20} INFO - Reading 2018-04-30.pkl
[2025-07-20T21:39:30.172+0000] {fraud_pipeline_dag.py:20} INFO - Reading 2018-05-01.pkl
[2025-07-20T21:39:30.184+0000] {fraud_pipeline_dag.py:20} INFO - Reading 2018-05-02.pkl
[2025-07-20T21:39:30.195+0000] {fraud_pipeline_dag.py:20} INFO - Reading 2018-05-03.pkl
[2025-07-20T21:39:30.207+0000] {fraud_pipeline_dag.py:20} INFO - Reading 2018-05-04.pkl
[2025-07-20T21:39:30.220+0000] {fraud_pipeline_dag.py:20} INFO - Reading 2018-05-05.pkl
[2025-07-20T21:39:30.235+0000] {fraud_pipeline_dag.py:20} INFO - Reading 2018-05-06.pkl
[2025-07-20T21:39:30.246+0000] {fraud_pipeline_dag.py:20} INFO - Reading 2018-05-07.pkl
[2025-07-20T21:39:30.258+0000] {fraud_pipeline_dag.py:20} INFO - Reading 2018-05-08.pkl
[2025-07-20T21:39:30.270+0000] {fraud_pipeline_dag.py:20} INFO - Reading 2018-05-09.pkl
[2025-07-20T21:39:30.284+0000] {fraud_pipeline_dag.py:20} INFO - Reading 2018-05-10.pkl
[2025-07-20T21:39:30.301+0000] {fraud_pipeline_dag.py:20} INFO - Reading 2018-05-11.pkl
[2025-07-20T21:39:30.316+0000] {fraud_pipeline_dag.py:20} INFO - Reading 2018-05-12.pkl
[2025-07-20T21:39:30.329+0000] {fraud_pipeline_dag.py:20} INFO - Reading 2018-05-13.pkl
[2025-07-20T21:39:30.343+0000] {fraud_pipeline_dag.py:20} INFO - Reading 2018-05-14.pkl
[2025-07-20T21:39:30.359+0000] {fraud_pipeline_dag.py:20} INFO - Reading 2018-05-15.pkl
[2025-07-20T21:39:30.373+0000] {fraud_pipeline_dag.py:20} INFO - Reading 2018-05-16.pkl
[2025-07-20T21:39:30.389+0000] {fraud_pipeline_dag.py:20} INFO - Reading 2018-05-17.pkl
[2025-07-20T21:39:30.404+0000] {fraud_pipeline_dag.py:20} INFO - Reading 2018-05-18.pkl
[2025-07-20T21:39:30.417+0000] {fraud_pipeline_dag.py:20} INFO - Reading 2018-05-19.pkl
[2025-07-20T21:39:30.434+0000] {fraud_pipeline_dag.py:20} INFO - Reading 2018-05-20.pkl
[2025-07-20T21:39:30.450+0000] {fraud_pipeline_dag.py:20} INFO - Reading 2018-05-21.pkl
[2025-07-20T21:39:30.465+0000] {fraud_pipeline_dag.py:20} INFO - Reading 2018-05-22.pkl
[2025-07-20T21:39:30.481+0000] {fraud_pipeline_dag.py:20} INFO - Reading 2018-05-23.pkl
[2025-07-20T21:39:30.496+0000] {fraud_pipeline_dag.py:20} INFO - Reading 2018-05-24.pkl
[2025-07-20T21:39:30.511+0000] {fraud_pipeline_dag.py:20} INFO - Reading 2018-05-25.pkl
[2025-07-20T21:39:30.526+0000] {fraud_pipeline_dag.py:20} INFO - Reading 2018-05-26.pkl
[2025-07-20T21:39:30.540+0000] {fraud_pipeline_dag.py:20} INFO - Reading 2018-05-27.pkl
[2025-07-20T21:39:30.555+0000] {fraud_pipeline_dag.py:20} INFO - Reading 2018-05-28.pkl
[2025-07-20T21:39:30.572+0000] {fraud_pipeline_dag.py:20} INFO - Reading 2018-05-29.pkl
[2025-07-20T21:39:30.587+0000] {fraud_pipeline_dag.py:20} INFO - Reading 2018-05-30.pkl
[2025-07-20T21:39:30.602+0000] {fraud_pipeline_dag.py:20} INFO - Reading 2018-05-31.pkl
[2025-07-20T21:39:30.620+0000] {fraud_pipeline_dag.py:20} INFO - Reading 2018-06-01.pkl
[2025-07-20T21:39:30.639+0000] {fraud_pipeline_dag.py:20} INFO - Reading 2018-06-02.pkl
[2025-07-20T21:39:30.678+0000] {fraud_pipeline_dag.py:20} INFO - Reading 2018-06-03.pkl
[2025-07-20T21:39:30.694+0000] {fraud_pipeline_dag.py:20} INFO - Reading 2018-06-04.pkl
[2025-07-20T21:39:30.712+0000] {fraud_pipeline_dag.py:20} INFO - Reading 2018-06-05.pkl
[2025-07-20T21:39:30.730+0000] {fraud_pipeline_dag.py:20} INFO - Reading 2018-06-06.pkl
[2025-07-20T21:39:30.746+0000] {fraud_pipeline_dag.py:20} INFO - Reading 2018-06-07.pkl
[2025-07-20T21:39:30.766+0000] {fraud_pipeline_dag.py:20} INFO - Reading 2018-06-08.pkl
[2025-07-20T21:39:30.781+0000] {fraud_pipeline_dag.py:20} INFO - Reading 2018-06-09.pkl
[2025-07-20T21:39:30.797+0000] {fraud_pipeline_dag.py:20} INFO - Reading 2018-06-10.pkl
[2025-07-20T21:39:30.812+0000] {fraud_pipeline_dag.py:20} INFO - Reading 2018-06-11.pkl
[2025-07-20T21:39:30.827+0000] {fraud_pipeline_dag.py:20} INFO - Reading 2018-06-12.pkl
[2025-07-20T21:39:30.840+0000] {fraud_pipeline_dag.py:20} INFO - Reading 2018-06-13.pkl
[2025-07-20T21:39:30.854+0000] {fraud_pipeline_dag.py:20} INFO - Reading 2018-06-14.pkl
[2025-07-20T21:39:30.867+0000] {fraud_pipeline_dag.py:20} INFO - Reading 2018-06-15.pkl
[2025-07-20T21:39:30.880+0000] {fraud_pipeline_dag.py:20} INFO - Reading 2018-06-16.pkl
[2025-07-20T21:39:30.891+0000] {fraud_pipeline_dag.py:20} INFO - Reading 2018-06-17.pkl
[2025-07-20T21:39:30.902+0000] {fraud_pipeline_dag.py:20} INFO - Reading 2018-06-18.pkl
[2025-07-20T21:39:30.913+0000] {fraud_pipeline_dag.py:20} INFO - Reading 2018-06-19.pkl
[2025-07-20T21:39:30.924+0000] {fraud_pipeline_dag.py:20} INFO - Reading 2018-06-20.pkl
[2025-07-20T21:39:30.935+0000] {fraud_pipeline_dag.py:20} INFO - Reading 2018-06-21.pkl
[2025-07-20T21:39:30.946+0000] {fraud_pipeline_dag.py:20} INFO - Reading 2018-06-22.pkl
[2025-07-20T21:39:30.957+0000] {fraud_pipeline_dag.py:20} INFO - Reading 2018-06-23.pkl
[2025-07-20T21:39:30.968+0000] {fraud_pipeline_dag.py:20} INFO - Reading 2018-06-24.pkl
[2025-07-20T21:39:30.978+0000] {fraud_pipeline_dag.py:20} INFO - Reading 2018-06-25.pkl
[2025-07-20T21:39:30.989+0000] {fraud_pipeline_dag.py:20} INFO - Reading 2018-06-26.pkl
[2025-07-20T21:39:30.999+0000] {fraud_pipeline_dag.py:20} INFO - Reading 2018-06-27.pkl
[2025-07-20T21:39:31.010+0000] {fraud_pipeline_dag.py:20} INFO - Reading 2018-06-28.pkl
[2025-07-20T21:39:31.023+0000] {fraud_pipeline_dag.py:20} INFO - Reading 2018-06-29.pkl
[2025-07-20T21:39:31.037+0000] {fraud_pipeline_dag.py:20} INFO - Reading 2018-06-30.pkl
[2025-07-20T21:39:31.052+0000] {fraud_pipeline_dag.py:20} INFO - Reading 2018-07-01.pkl
[2025-07-20T21:39:31.068+0000] {fraud_pipeline_dag.py:20} INFO - Reading 2018-07-02.pkl
[2025-07-20T21:39:31.079+0000] {fraud_pipeline_dag.py:20} INFO - Reading 2018-07-03.pkl
[2025-07-20T21:39:31.090+0000] {fraud_pipeline_dag.py:20} INFO - Reading 2018-07-04.pkl
[2025-07-20T21:39:31.101+0000] {fraud_pipeline_dag.py:20} INFO - Reading 2018-07-05.pkl
[2025-07-20T21:39:31.123+0000] {fraud_pipeline_dag.py:20} INFO - Reading 2018-07-06.pkl
[2025-07-20T21:39:31.134+0000] {fraud_pipeline_dag.py:20} INFO - Reading 2018-07-07.pkl
[2025-07-20T21:39:31.146+0000] {fraud_pipeline_dag.py:20} INFO - Reading 2018-07-08.pkl
[2025-07-20T21:39:31.156+0000] {fraud_pipeline_dag.py:20} INFO - Reading 2018-07-09.pkl
[2025-07-20T21:39:31.167+0000] {fraud_pipeline_dag.py:20} INFO - Reading 2018-07-10.pkl
[2025-07-20T21:39:31.178+0000] {fraud_pipeline_dag.py:20} INFO - Reading 2018-07-11.pkl
[2025-07-20T21:39:31.189+0000] {fraud_pipeline_dag.py:20} INFO - Reading 2018-07-12.pkl
[2025-07-20T21:39:31.200+0000] {fraud_pipeline_dag.py:20} INFO - Reading 2018-07-13.pkl
[2025-07-20T21:39:31.212+0000] {fraud_pipeline_dag.py:20} INFO - Reading 2018-07-14.pkl
[2025-07-20T21:39:31.226+0000] {fraud_pipeline_dag.py:20} INFO - Reading 2018-07-15.pkl
[2025-07-20T21:39:31.238+0000] {fraud_pipeline_dag.py:20} INFO - Reading 2018-07-16.pkl
[2025-07-20T21:39:31.252+0000] {fraud_pipeline_dag.py:20} INFO - Reading 2018-07-17.pkl
[2025-07-20T21:39:31.267+0000] {fraud_pipeline_dag.py:20} INFO - Reading 2018-07-18.pkl
[2025-07-20T21:39:31.282+0000] {fraud_pipeline_dag.py:20} INFO - Reading 2018-07-19.pkl
[2025-07-20T21:39:31.296+0000] {fraud_pipeline_dag.py:20} INFO - Reading 2018-07-20.pkl
[2025-07-20T21:39:31.310+0000] {fraud_pipeline_dag.py:20} INFO - Reading 2018-07-21.pkl
[2025-07-20T21:39:31.329+0000] {fraud_pipeline_dag.py:20} INFO - Reading 2018-07-22.pkl
[2025-07-20T21:39:31.356+0000] {fraud_pipeline_dag.py:20} INFO - Reading 2018-07-23.pkl
[2025-07-20T21:39:31.370+0000] {fraud_pipeline_dag.py:20} INFO - Reading 2018-07-24.pkl
[2025-07-20T21:39:31.384+0000] {fraud_pipeline_dag.py:20} INFO - Reading 2018-07-25.pkl
[2025-07-20T21:39:31.396+0000] {fraud_pipeline_dag.py:20} INFO - Reading 2018-07-26.pkl
[2025-07-20T21:39:31.407+0000] {fraud_pipeline_dag.py:20} INFO - Reading 2018-07-27.pkl
[2025-07-20T21:39:31.419+0000] {fraud_pipeline_dag.py:20} INFO - Reading 2018-07-28.pkl
[2025-07-20T21:39:31.429+0000] {fraud_pipeline_dag.py:20} INFO - Reading 2018-07-29.pkl
[2025-07-20T21:39:31.440+0000] {fraud_pipeline_dag.py:20} INFO - Reading 2018-07-30.pkl
[2025-07-20T21:39:31.451+0000] {fraud_pipeline_dag.py:20} INFO - Reading 2018-07-31.pkl
[2025-07-20T21:39:31.462+0000] {fraud_pipeline_dag.py:20} INFO - Reading 2018-08-01.pkl
[2025-07-20T21:39:31.474+0000] {fraud_pipeline_dag.py:20} INFO - Reading 2018-08-02.pkl
[2025-07-20T21:39:31.484+0000] {fraud_pipeline_dag.py:20} INFO - Reading 2018-08-03.pkl
[2025-07-20T21:39:31.495+0000] {fraud_pipeline_dag.py:20} INFO - Reading 2018-08-04.pkl
[2025-07-20T21:39:31.507+0000] {fraud_pipeline_dag.py:20} INFO - Reading 2018-08-05.pkl
[2025-07-20T21:39:31.520+0000] {fraud_pipeline_dag.py:20} INFO - Reading 2018-08-06.pkl
[2025-07-20T21:39:31.535+0000] {fraud_pipeline_dag.py:20} INFO - Reading 2018-08-07.pkl
[2025-07-20T21:39:31.552+0000] {fraud_pipeline_dag.py:20} INFO - Reading 2018-08-08.pkl
[2025-07-20T21:39:31.567+0000] {fraud_pipeline_dag.py:20} INFO - Reading 2018-08-09.pkl
[2025-07-20T21:39:31.579+0000] {fraud_pipeline_dag.py:20} INFO - Reading 2018-08-10.pkl
[2025-07-20T21:39:31.595+0000] {fraud_pipeline_dag.py:20} INFO - Reading 2018-08-11.pkl
[2025-07-20T21:39:31.612+0000] {fraud_pipeline_dag.py:20} INFO - Reading 2018-08-12.pkl
[2025-07-20T21:39:31.628+0000] {fraud_pipeline_dag.py:20} INFO - Reading 2018-08-13.pkl
[2025-07-20T21:39:31.640+0000] {fraud_pipeline_dag.py:20} INFO - Reading 2018-08-14.pkl
[2025-07-20T21:39:31.652+0000] {fraud_pipeline_dag.py:20} INFO - Reading 2018-08-15.pkl
[2025-07-20T21:39:31.663+0000] {fraud_pipeline_dag.py:20} INFO - Reading 2018-08-16.pkl
[2025-07-20T21:39:31.674+0000] {fraud_pipeline_dag.py:20} INFO - Reading 2018-08-17.pkl
[2025-07-20T21:39:31.771+0000] {fraud_pipeline_dag.py:20} INFO - Reading 2018-08-18.pkl
[2025-07-20T21:39:31.785+0000] {fraud_pipeline_dag.py:20} INFO - Reading 2018-08-19.pkl
[2025-07-20T21:39:31.796+0000] {fraud_pipeline_dag.py:20} INFO - Reading 2018-08-20.pkl
[2025-07-20T21:39:31.807+0000] {fraud_pipeline_dag.py:20} INFO - Reading 2018-08-21.pkl
[2025-07-20T21:39:31.818+0000] {fraud_pipeline_dag.py:20} INFO - Reading 2018-08-22.pkl
[2025-07-20T21:39:31.828+0000] {fraud_pipeline_dag.py:20} INFO - Reading 2018-08-23.pkl
[2025-07-20T21:39:31.839+0000] {fraud_pipeline_dag.py:20} INFO - Reading 2018-08-24.pkl
[2025-07-20T21:39:31.851+0000] {fraud_pipeline_dag.py:20} INFO - Reading 2018-08-25.pkl
[2025-07-20T21:39:31.861+0000] {fraud_pipeline_dag.py:20} INFO - Reading 2018-08-26.pkl
[2025-07-20T21:39:31.873+0000] {fraud_pipeline_dag.py:20} INFO - Reading 2018-08-27.pkl
[2025-07-20T21:39:31.884+0000] {fraud_pipeline_dag.py:20} INFO - Reading 2018-08-28.pkl
[2025-07-20T21:39:31.895+0000] {fraud_pipeline_dag.py:20} INFO - Reading 2018-08-29.pkl
[2025-07-20T21:39:31.907+0000] {fraud_pipeline_dag.py:20} INFO - Reading 2018-08-30.pkl
[2025-07-20T21:39:31.918+0000] {fraud_pipeline_dag.py:20} INFO - Reading 2018-08-31.pkl
[2025-07-20T21:39:31.930+0000] {fraud_pipeline_dag.py:20} INFO - Reading 2018-09-01.pkl
[2025-07-20T21:39:31.942+0000] {fraud_pipeline_dag.py:20} INFO - Reading 2018-09-02.pkl
[2025-07-20T21:39:31.953+0000] {fraud_pipeline_dag.py:20} INFO - Reading 2018-09-03.pkl
[2025-07-20T21:39:31.968+0000] {fraud_pipeline_dag.py:20} INFO - Reading 2018-09-04.pkl
[2025-07-20T21:39:31.981+0000] {fraud_pipeline_dag.py:20} INFO - Reading 2018-09-05.pkl
[2025-07-20T21:39:31.992+0000] {fraud_pipeline_dag.py:20} INFO - Reading 2018-09-06.pkl
[2025-07-20T21:39:32.003+0000] {fraud_pipeline_dag.py:20} INFO - Reading 2018-09-07.pkl
[2025-07-20T21:39:32.014+0000] {fraud_pipeline_dag.py:20} INFO - Reading 2018-09-08.pkl
[2025-07-20T21:39:32.026+0000] {fraud_pipeline_dag.py:20} INFO - Reading 2018-09-09.pkl
[2025-07-20T21:39:32.038+0000] {fraud_pipeline_dag.py:20} INFO - Reading 2018-09-10.pkl
[2025-07-20T21:39:32.050+0000] {fraud_pipeline_dag.py:20} INFO - Reading 2018-09-11.pkl
[2025-07-20T21:39:32.062+0000] {fraud_pipeline_dag.py:20} INFO - Reading 2018-09-12.pkl
[2025-07-20T21:39:32.078+0000] {fraud_pipeline_dag.py:20} INFO - Reading 2018-09-13.pkl
[2025-07-20T21:39:32.095+0000] {fraud_pipeline_dag.py:20} INFO - Reading 2018-09-14.pkl
[2025-07-20T21:39:32.111+0000] {fraud_pipeline_dag.py:20} INFO - Reading 2018-09-15.pkl
[2025-07-20T21:39:32.124+0000] {fraud_pipeline_dag.py:20} INFO - Reading 2018-09-16.pkl
[2025-07-20T21:39:32.136+0000] {fraud_pipeline_dag.py:20} INFO - Reading 2018-09-17.pkl
[2025-07-20T21:39:32.149+0000] {fraud_pipeline_dag.py:20} INFO - Reading 2018-09-18.pkl
[2025-07-20T21:39:32.160+0000] {fraud_pipeline_dag.py:20} INFO - Reading 2018-09-19.pkl
[2025-07-20T21:39:32.172+0000] {fraud_pipeline_dag.py:20} INFO - Reading 2018-09-20.pkl
[2025-07-20T21:39:32.184+0000] {fraud_pipeline_dag.py:20} INFO - Reading 2018-09-21.pkl
[2025-07-20T21:39:32.195+0000] {fraud_pipeline_dag.py:20} INFO - Reading 2018-09-22.pkl
[2025-07-20T21:39:32.214+0000] {fraud_pipeline_dag.py:20} INFO - Reading 2018-09-23.pkl
[2025-07-20T21:39:32.232+0000] {fraud_pipeline_dag.py:20} INFO - Reading 2018-09-24.pkl
[2025-07-20T21:39:32.246+0000] {fraud_pipeline_dag.py:20} INFO - Reading 2018-09-25.pkl
[2025-07-20T21:39:32.262+0000] {fraud_pipeline_dag.py:20} INFO - Reading 2018-09-26.pkl
[2025-07-20T21:39:32.279+0000] {fraud_pipeline_dag.py:20} INFO - Reading 2018-09-27.pkl
[2025-07-20T21:39:32.297+0000] {fraud_pipeline_dag.py:20} INFO - Reading 2018-09-28.pkl
[2025-07-20T21:39:32.313+0000] {fraud_pipeline_dag.py:20} INFO - Reading 2018-09-29.pkl
[2025-07-20T21:39:32.326+0000] {fraud_pipeline_dag.py:20} INFO - Reading 2018-09-30.pkl
[2025-07-20T21:39:32.490+0000] {fraud_pipeline_dag.py:31} INFO - Total rows to insert: 1754155
[2025-07-20T21:41:00.392+0000] {job.py:219} ERROR - Job heartbeat got an exception
Traceback (most recent call last):
  File "/home/airflow/.local/lib/python3.8/site-packages/sqlalchemy/engine/base.py", line 3371, in _wrap_pool_connect
    return fn()
  File "/home/airflow/.local/lib/python3.8/site-packages/sqlalchemy/pool/base.py", line 327, in connect
    return _ConnectionFairy._checkout(self)
  File "/home/airflow/.local/lib/python3.8/site-packages/sqlalchemy/pool/base.py", line 894, in _checkout
    fairy = _ConnectionRecord.checkout(pool)
  File "/home/airflow/.local/lib/python3.8/site-packages/sqlalchemy/pool/base.py", line 493, in checkout
    rec = pool._do_get()
  File "/home/airflow/.local/lib/python3.8/site-packages/sqlalchemy/pool/impl.py", line 256, in _do_get
    return self._create_connection()
  File "/home/airflow/.local/lib/python3.8/site-packages/sqlalchemy/pool/base.py", line 273, in _create_connection
    return _ConnectionRecord(self)
  File "/home/airflow/.local/lib/python3.8/site-packages/sqlalchemy/pool/base.py", line 388, in __init__
    self.__connect()
  File "/home/airflow/.local/lib/python3.8/site-packages/sqlalchemy/pool/base.py", line 691, in __connect
    pool.logger.debug("Error on connect(): %s", e)
  File "/home/airflow/.local/lib/python3.8/site-packages/sqlalchemy/util/langhelpers.py", line 70, in __exit__
    compat.raise_(
  File "/home/airflow/.local/lib/python3.8/site-packages/sqlalchemy/util/compat.py", line 211, in raise_
    raise exception
  File "/home/airflow/.local/lib/python3.8/site-packages/sqlalchemy/pool/base.py", line 686, in __connect
    self.dbapi_connection = connection = pool._invoke_creator(self)
  File "/home/airflow/.local/lib/python3.8/site-packages/sqlalchemy/engine/create.py", line 574, in connect
    return dialect.connect(*cargs, **cparams)
  File "/home/airflow/.local/lib/python3.8/site-packages/sqlalchemy/engine/default.py", line 598, in connect
    return self.dbapi.connect(*cargs, **cparams)
  File "/home/airflow/.local/lib/python3.8/site-packages/psycopg2/__init__.py", line 122, in connect
    conn = _connect(dsn, connection_factory=connection_factory, **kwasync)
psycopg2.OperationalError: could not translate host name "postgres" to address: Temporary failure in name resolution


The above exception was the direct cause of the following exception:

Traceback (most recent call last):
  File "/home/airflow/.local/lib/python3.8/site-packages/airflow/jobs/job.py", line 190, in heartbeat
    session.merge(self)
  File "/home/airflow/.local/lib/python3.8/site-packages/sqlalchemy/orm/session.py", line 3056, in merge
    return self._merge(
  File "/home/airflow/.local/lib/python3.8/site-packages/sqlalchemy/orm/session.py", line 3136, in _merge
    merged = self.get(
  File "/home/airflow/.local/lib/python3.8/site-packages/sqlalchemy/orm/session.py", line 2853, in get
    return self._get_impl(
  File "/home/airflow/.local/lib/python3.8/site-packages/sqlalchemy/orm/session.py", line 2975, in _get_impl
    return db_load_fn(
  File "/home/airflow/.local/lib/python3.8/site-packages/sqlalchemy/orm/loading.py", line 530, in load_on_pk_identity
    session.execute(
  File "/home/airflow/.local/lib/python3.8/site-packages/sqlalchemy/orm/session.py", line 1716, in execute
    conn = self._connection_for_bind(bind)
  File "/home/airflow/.local/lib/python3.8/site-packages/sqlalchemy/orm/session.py", line 1555, in _connection_for_bind
    return self._transaction._connection_for_bind(
  File "/home/airflow/.local/lib/python3.8/site-packages/sqlalchemy/orm/session.py", line 750, in _connection_for_bind
    conn = bind.connect()
  File "/home/airflow/.local/lib/python3.8/site-packages/sqlalchemy/future/engine.py", line 406, in connect
    return super(Engine, self).connect()
  File "/home/airflow/.local/lib/python3.8/site-packages/sqlalchemy/engine/base.py", line 3325, in connect
    return self._connection_cls(self, close_with_result=close_with_result)
  File "/home/airflow/.local/lib/python3.8/site-packages/sqlalchemy/engine/base.py", line 96, in __init__
    else engine.raw_connection()
  File "/home/airflow/.local/lib/python3.8/site-packages/sqlalchemy/engine/base.py", line 3404, in raw_connection
    return self._wrap_pool_connect(self.pool.connect, _connection)
  File "/home/airflow/.local/lib/python3.8/site-packages/sqlalchemy/engine/base.py", line 3374, in _wrap_pool_connect
    Connection._handle_dbapi_exception_noconnection(
  File "/home/airflow/.local/lib/python3.8/site-packages/sqlalchemy/engine/base.py", line 2208, in _handle_dbapi_exception_noconnection
    util.raise_(
  File "/home/airflow/.local/lib/python3.8/site-packages/sqlalchemy/util/compat.py", line 211, in raise_
    raise exception
  File "/home/airflow/.local/lib/python3.8/site-packages/sqlalchemy/engine/base.py", line 3371, in _wrap_pool_connect
    return fn()
  File "/home/airflow/.local/lib/python3.8/site-packages/sqlalchemy/pool/base.py", line 327, in connect
    return _ConnectionFairy._checkout(self)
  File "/home/airflow/.local/lib/python3.8/site-packages/sqlalchemy/pool/base.py", line 894, in _checkout
    fairy = _ConnectionRecord.checkout(pool)
  File "/home/airflow/.local/lib/python3.8/site-packages/sqlalchemy/pool/base.py", line 493, in checkout
    rec = pool._do_get()
  File "/home/airflow/.local/lib/python3.8/site-packages/sqlalchemy/pool/impl.py", line 256, in _do_get
    return self._create_connection()
  File "/home/airflow/.local/lib/python3.8/site-packages/sqlalchemy/pool/base.py", line 273, in _create_connection
    return _ConnectionRecord(self)
  File "/home/airflow/.local/lib/python3.8/site-packages/sqlalchemy/pool/base.py", line 388, in __init__
    self.__connect()
  File "/home/airflow/.local/lib/python3.8/site-packages/sqlalchemy/pool/base.py", line 691, in __connect
    pool.logger.debug("Error on connect(): %s", e)
  File "/home/airflow/.local/lib/python3.8/site-packages/sqlalchemy/util/langhelpers.py", line 70, in __exit__
    compat.raise_(
  File "/home/airflow/.local/lib/python3.8/site-packages/sqlalchemy/util/compat.py", line 211, in raise_
    raise exception
  File "/home/airflow/.local/lib/python3.8/site-packages/sqlalchemy/pool/base.py", line 686, in __connect
    self.dbapi_connection = connection = pool._invoke_creator(self)
  File "/home/airflow/.local/lib/python3.8/site-packages/sqlalchemy/engine/create.py", line 574, in connect
    return dialect.connect(*cargs, **cparams)
  File "/home/airflow/.local/lib/python3.8/site-packages/sqlalchemy/engine/default.py", line 598, in connect
    return self.dbapi.connect(*cargs, **cparams)
  File "/home/airflow/.local/lib/python3.8/site-packages/psycopg2/__init__.py", line 122, in connect
    conn = _connect(dsn, connection_factory=connection_factory, **kwasync)
sqlalchemy.exc.OperationalError: (psycopg2.OperationalError) could not translate host name "postgres" to address: Temporary failure in name resolution

(Background on this error at: https://sqlalche.me/e/14/e3q8)
[2025-07-20T21:41:08.258+0000] {local_task_job_runner.py:228} INFO - Task exited with return code -9
[2025-07-20T21:41:08.384+0000] {taskinstance.py:2776} INFO - 0 downstream tasks scheduled from follow-on schedule check
