[2025-07-30T22:19:57.484+0000] {logging_mixin.py:151} INFO - Changing /opt/***/logs/dag_id=fraud_detection_pipeline/run_id=manual__2025-07-30T22:19:54.769398+00:00/task_id=aggregate_and_store_pickle_data permission to 509
[2025-07-30T22:19:57.485+0000] {logging_mixin.py:151} INFO - Failed to change /opt/***/logs/dag_id=fraud_detection_pipeline/run_id=manual__2025-07-30T22:19:54.769398+00:00/task_id=aggregate_and_store_pickle_data permission to 509: [Errno 1] Operation not permitted: '/opt/***/logs/dag_id=fraud_detection_pipeline/run_id=manual__2025-07-30T22:19:54.769398+00:00/task_id=aggregate_and_store_pickle_data'
[2025-07-30T22:19:57.507+0000] {logging_mixin.py:151} INFO - Changing /opt/***/logs/dag_id=fraud_detection_pipeline/run_id=manual__2025-07-30T22:19:54.769398+00:00/task_id=aggregate_and_store_pickle_data permission to 509
[2025-07-30T22:19:57.507+0000] {logging_mixin.py:151} INFO - Failed to change /opt/***/logs/dag_id=fraud_detection_pipeline/run_id=manual__2025-07-30T22:19:54.769398+00:00/task_id=aggregate_and_store_pickle_data permission to 509: [Errno 1] Operation not permitted: '/opt/***/logs/dag_id=fraud_detection_pipeline/run_id=manual__2025-07-30T22:19:54.769398+00:00/task_id=aggregate_and_store_pickle_data'
[2025-07-30T22:19:57.528+0000] {taskinstance.py:1157} INFO - Dependencies all met for dep_context=non-requeueable deps ti=<TaskInstance: fraud_detection_pipeline.aggregate_and_store_pickle_data manual__2025-07-30T22:19:54.769398+00:00 [queued]>
[2025-07-30T22:19:57.533+0000] {taskinstance.py:1157} INFO - Dependencies all met for dep_context=requeueable deps ti=<TaskInstance: fraud_detection_pipeline.aggregate_and_store_pickle_data manual__2025-07-30T22:19:54.769398+00:00 [queued]>
[2025-07-30T22:19:57.534+0000] {taskinstance.py:1359} INFO - Starting attempt 1 of 1
[2025-07-30T22:19:57.539+0000] {taskinstance.py:1380} INFO - Executing <Task(PythonOperator): aggregate_and_store_pickle_data> on 2025-07-30 22:19:54.769398+00:00
[2025-07-30T22:19:57.542+0000] {standard_task_runner.py:57} INFO - Started process 194 to run task
[2025-07-30T22:19:57.544+0000] {standard_task_runner.py:84} INFO - Running: ['***', 'tasks', 'run', 'fraud_detection_pipeline', 'aggregate_and_store_pickle_data', 'manual__2025-07-30T22:19:54.769398+00:00', '--job-id', '69', '--raw', '--subdir', 'DAGS_FOLDER/fraud_pipeline_dag.py', '--cfg-path', '/tmp/tmpef9u0bi1']
[2025-07-30T22:19:57.545+0000] {standard_task_runner.py:85} INFO - Job 69: Subtask aggregate_and_store_pickle_data
[2025-07-30T22:19:57.555+0000] {logging_mixin.py:151} WARNING - /home/***/.local/lib/python3.8/site-packages/***/settings.py:195 DeprecationWarning: The sql_alchemy_conn option in [core] has been moved to the sql_alchemy_conn option in [database] - the old setting has been used, but please update your config.
[2025-07-30T22:19:57.572+0000] {logging_mixin.py:151} INFO - Changing /opt/***/logs/dag_id=fraud_detection_pipeline/run_id=manual__2025-07-30T22:19:54.769398+00:00/task_id=aggregate_and_store_pickle_data permission to 509
[2025-07-30T22:19:57.573+0000] {logging_mixin.py:151} INFO - Failed to change /opt/***/logs/dag_id=fraud_detection_pipeline/run_id=manual__2025-07-30T22:19:54.769398+00:00/task_id=aggregate_and_store_pickle_data permission to 509: [Errno 1] Operation not permitted: '/opt/***/logs/dag_id=fraud_detection_pipeline/run_id=manual__2025-07-30T22:19:54.769398+00:00/task_id=aggregate_and_store_pickle_data'
[2025-07-30T22:19:57.574+0000] {task_command.py:415} INFO - Running <TaskInstance: fraud_detection_pipeline.aggregate_and_store_pickle_data manual__2025-07-30T22:19:54.769398+00:00 [running]> on host 1f06df29444a
[2025-07-30T22:19:57.621+0000] {taskinstance.py:1660} INFO - Exporting env vars: AIRFLOW_CTX_DAG_OWNER='***' AIRFLOW_CTX_DAG_ID='fraud_detection_pipeline' AIRFLOW_CTX_TASK_ID='aggregate_and_store_pickle_data' AIRFLOW_CTX_EXECUTION_DATE='2025-07-30T22:19:54.769398+00:00' AIRFLOW_CTX_TRY_NUMBER='1' AIRFLOW_CTX_DAG_RUN_ID='manual__2025-07-30T22:19:54.769398+00:00'
[2025-07-30T22:19:57.622+0000] {fraud_pipeline_dag.py:22} INFO - Reading pickle files from /opt/***/data/data_raw
[2025-07-30T22:19:57.623+0000] {fraud_pipeline_dag.py:26} INFO - Reading /opt/***/data/data_raw/2018-04-01.pkl
[2025-07-30T22:19:57.640+0000] {fraud_pipeline_dag.py:26} INFO - Reading /opt/***/data/data_raw/2018-04-02.pkl
[2025-07-30T22:19:57.653+0000] {fraud_pipeline_dag.py:26} INFO - Reading /opt/***/data/data_raw/2018-04-03.pkl
[2025-07-30T22:19:57.664+0000] {fraud_pipeline_dag.py:26} INFO - Reading /opt/***/data/data_raw/2018-04-04.pkl
[2025-07-30T22:19:57.678+0000] {fraud_pipeline_dag.py:26} INFO - Reading /opt/***/data/data_raw/2018-04-05.pkl
[2025-07-30T22:19:57.691+0000] {fraud_pipeline_dag.py:26} INFO - Reading /opt/***/data/data_raw/2018-04-06.pkl
[2025-07-30T22:19:57.704+0000] {fraud_pipeline_dag.py:26} INFO - Reading /opt/***/data/data_raw/2018-04-07.pkl
[2025-07-30T22:19:57.717+0000] {fraud_pipeline_dag.py:26} INFO - Reading /opt/***/data/data_raw/2018-04-08.pkl
[2025-07-30T22:19:57.729+0000] {fraud_pipeline_dag.py:26} INFO - Reading /opt/***/data/data_raw/2018-04-09.pkl
[2025-07-30T22:19:57.740+0000] {fraud_pipeline_dag.py:26} INFO - Reading /opt/***/data/data_raw/2018-04-10.pkl
[2025-07-30T22:19:57.751+0000] {fraud_pipeline_dag.py:26} INFO - Reading /opt/***/data/data_raw/2018-04-11.pkl
[2025-07-30T22:19:57.762+0000] {fraud_pipeline_dag.py:26} INFO - Reading /opt/***/data/data_raw/2018-04-12.pkl
[2025-07-30T22:19:57.773+0000] {fraud_pipeline_dag.py:26} INFO - Reading /opt/***/data/data_raw/2018-04-13.pkl
[2025-07-30T22:19:57.785+0000] {fraud_pipeline_dag.py:26} INFO - Reading /opt/***/data/data_raw/2018-04-14.pkl
[2025-07-30T22:19:57.797+0000] {fraud_pipeline_dag.py:26} INFO - Reading /opt/***/data/data_raw/2018-04-15.pkl
[2025-07-30T22:19:57.808+0000] {fraud_pipeline_dag.py:26} INFO - Reading /opt/***/data/data_raw/2018-04-16.pkl
[2025-07-30T22:19:57.822+0000] {fraud_pipeline_dag.py:26} INFO - Reading /opt/***/data/data_raw/2018-04-17.pkl
[2025-07-30T22:19:57.834+0000] {fraud_pipeline_dag.py:26} INFO - Reading /opt/***/data/data_raw/2018-04-18.pkl
[2025-07-30T22:19:57.847+0000] {fraud_pipeline_dag.py:26} INFO - Reading /opt/***/data/data_raw/2018-04-19.pkl
[2025-07-30T22:19:57.859+0000] {fraud_pipeline_dag.py:26} INFO - Reading /opt/***/data/data_raw/2018-04-20.pkl
[2025-07-30T22:19:57.873+0000] {fraud_pipeline_dag.py:26} INFO - Reading /opt/***/data/data_raw/2018-04-21.pkl
[2025-07-30T22:19:57.885+0000] {fraud_pipeline_dag.py:26} INFO - Reading /opt/***/data/data_raw/2018-04-22.pkl
[2025-07-30T22:19:57.899+0000] {fraud_pipeline_dag.py:26} INFO - Reading /opt/***/data/data_raw/2018-04-23.pkl
[2025-07-30T22:19:57.931+0000] {fraud_pipeline_dag.py:26} INFO - Reading /opt/***/data/data_raw/2018-04-24.pkl
[2025-07-30T22:19:57.944+0000] {fraud_pipeline_dag.py:26} INFO - Reading /opt/***/data/data_raw/2018-04-25.pkl
[2025-07-30T22:19:57.957+0000] {fraud_pipeline_dag.py:26} INFO - Reading /opt/***/data/data_raw/2018-04-26.pkl
[2025-07-30T22:19:57.971+0000] {fraud_pipeline_dag.py:26} INFO - Reading /opt/***/data/data_raw/2018-04-27.pkl
[2025-07-30T22:19:58.011+0000] {fraud_pipeline_dag.py:26} INFO - Reading /opt/***/data/data_raw/2018-04-28.pkl
[2025-07-30T22:19:58.047+0000] {fraud_pipeline_dag.py:26} INFO - Reading /opt/***/data/data_raw/2018-04-29.pkl
[2025-07-30T22:19:58.084+0000] {fraud_pipeline_dag.py:26} INFO - Reading /opt/***/data/data_raw/2018-04-30.pkl
[2025-07-30T22:19:58.123+0000] {fraud_pipeline_dag.py:26} INFO - Reading /opt/***/data/data_raw/2018-05-01.pkl
[2025-07-30T22:19:58.149+0000] {fraud_pipeline_dag.py:26} INFO - Reading /opt/***/data/data_raw/2018-05-02.pkl
[2025-07-30T22:19:58.168+0000] {fraud_pipeline_dag.py:26} INFO - Reading /opt/***/data/data_raw/2018-05-03.pkl
[2025-07-30T22:19:58.186+0000] {fraud_pipeline_dag.py:26} INFO - Reading /opt/***/data/data_raw/2018-05-04.pkl
[2025-07-30T22:19:58.198+0000] {fraud_pipeline_dag.py:26} INFO - Reading /opt/***/data/data_raw/2018-05-05.pkl
[2025-07-30T22:19:58.211+0000] {fraud_pipeline_dag.py:26} INFO - Reading /opt/***/data/data_raw/2018-05-06.pkl
[2025-07-30T22:19:58.223+0000] {fraud_pipeline_dag.py:26} INFO - Reading /opt/***/data/data_raw/2018-05-07.pkl
[2025-07-30T22:19:58.237+0000] {fraud_pipeline_dag.py:26} INFO - Reading /opt/***/data/data_raw/2018-05-08.pkl
[2025-07-30T22:19:58.249+0000] {fraud_pipeline_dag.py:26} INFO - Reading /opt/***/data/data_raw/2018-05-09.pkl
[2025-07-30T22:19:58.267+0000] {fraud_pipeline_dag.py:26} INFO - Reading /opt/***/data/data_raw/2018-05-10.pkl
[2025-07-30T22:19:58.281+0000] {fraud_pipeline_dag.py:26} INFO - Reading /opt/***/data/data_raw/2018-05-11.pkl
[2025-07-30T22:19:58.293+0000] {fraud_pipeline_dag.py:26} INFO - Reading /opt/***/data/data_raw/2018-05-12.pkl
[2025-07-30T22:19:58.308+0000] {fraud_pipeline_dag.py:26} INFO - Reading /opt/***/data/data_raw/2018-05-13.pkl
[2025-07-30T22:19:58.320+0000] {fraud_pipeline_dag.py:26} INFO - Reading /opt/***/data/data_raw/2018-05-14.pkl
[2025-07-30T22:19:58.333+0000] {fraud_pipeline_dag.py:26} INFO - Reading /opt/***/data/data_raw/2018-05-15.pkl
[2025-07-30T22:19:58.346+0000] {fraud_pipeline_dag.py:26} INFO - Reading /opt/***/data/data_raw/2018-05-16.pkl
[2025-07-30T22:19:58.364+0000] {fraud_pipeline_dag.py:26} INFO - Reading /opt/***/data/data_raw/2018-05-17.pkl
[2025-07-30T22:19:58.381+0000] {fraud_pipeline_dag.py:26} INFO - Reading /opt/***/data/data_raw/2018-05-18.pkl
[2025-07-30T22:19:58.394+0000] {fraud_pipeline_dag.py:26} INFO - Reading /opt/***/data/data_raw/2018-05-19.pkl
[2025-07-30T22:19:58.406+0000] {fraud_pipeline_dag.py:26} INFO - Reading /opt/***/data/data_raw/2018-05-20.pkl
[2025-07-30T22:19:58.417+0000] {fraud_pipeline_dag.py:26} INFO - Reading /opt/***/data/data_raw/2018-05-21.pkl
[2025-07-30T22:19:58.430+0000] {fraud_pipeline_dag.py:26} INFO - Reading /opt/***/data/data_raw/2018-05-22.pkl
[2025-07-30T22:19:58.442+0000] {fraud_pipeline_dag.py:26} INFO - Reading /opt/***/data/data_raw/2018-05-23.pkl
[2025-07-30T22:19:58.462+0000] {fraud_pipeline_dag.py:26} INFO - Reading /opt/***/data/data_raw/2018-05-24.pkl
[2025-07-30T22:19:58.474+0000] {fraud_pipeline_dag.py:26} INFO - Reading /opt/***/data/data_raw/2018-05-25.pkl
[2025-07-30T22:19:58.487+0000] {fraud_pipeline_dag.py:26} INFO - Reading /opt/***/data/data_raw/2018-05-26.pkl
[2025-07-30T22:19:58.499+0000] {fraud_pipeline_dag.py:26} INFO - Reading /opt/***/data/data_raw/2018-05-27.pkl
[2025-07-30T22:19:58.511+0000] {fraud_pipeline_dag.py:26} INFO - Reading /opt/***/data/data_raw/2018-05-28.pkl
[2025-07-30T22:19:58.523+0000] {fraud_pipeline_dag.py:26} INFO - Reading /opt/***/data/data_raw/2018-05-29.pkl
[2025-07-30T22:19:58.538+0000] {fraud_pipeline_dag.py:26} INFO - Reading /opt/***/data/data_raw/2018-05-30.pkl
[2025-07-30T22:19:58.550+0000] {fraud_pipeline_dag.py:26} INFO - Reading /opt/***/data/data_raw/2018-05-31.pkl
[2025-07-30T22:19:58.564+0000] {fraud_pipeline_dag.py:26} INFO - Reading /opt/***/data/data_raw/2018-06-01.pkl
[2025-07-30T22:19:58.578+0000] {fraud_pipeline_dag.py:26} INFO - Reading /opt/***/data/data_raw/2018-06-02.pkl
[2025-07-30T22:19:58.590+0000] {fraud_pipeline_dag.py:26} INFO - Reading /opt/***/data/data_raw/2018-06-03.pkl
[2025-07-30T22:19:58.604+0000] {fraud_pipeline_dag.py:26} INFO - Reading /opt/***/data/data_raw/2018-06-04.pkl
[2025-07-30T22:19:58.618+0000] {fraud_pipeline_dag.py:26} INFO - Reading /opt/***/data/data_raw/2018-06-05.pkl
[2025-07-30T22:19:58.630+0000] {fraud_pipeline_dag.py:26} INFO - Reading /opt/***/data/data_raw/2018-06-06.pkl
[2025-07-30T22:19:58.642+0000] {fraud_pipeline_dag.py:26} INFO - Reading /opt/***/data/data_raw/2018-06-07.pkl
[2025-07-30T22:19:58.654+0000] {fraud_pipeline_dag.py:26} INFO - Reading /opt/***/data/data_raw/2018-06-08.pkl
[2025-07-30T22:19:58.667+0000] {fraud_pipeline_dag.py:26} INFO - Reading /opt/***/data/data_raw/2018-06-09.pkl
[2025-07-30T22:19:58.680+0000] {fraud_pipeline_dag.py:26} INFO - Reading /opt/***/data/data_raw/2018-06-10.pkl
[2025-07-30T22:19:58.692+0000] {fraud_pipeline_dag.py:26} INFO - Reading /opt/***/data/data_raw/2018-06-11.pkl
[2025-07-30T22:19:58.705+0000] {fraud_pipeline_dag.py:26} INFO - Reading /opt/***/data/data_raw/2018-06-12.pkl
[2025-07-30T22:19:58.717+0000] {fraud_pipeline_dag.py:26} INFO - Reading /opt/***/data/data_raw/2018-06-13.pkl
[2025-07-30T22:19:58.731+0000] {fraud_pipeline_dag.py:26} INFO - Reading /opt/***/data/data_raw/2018-06-14.pkl
[2025-07-30T22:19:58.744+0000] {fraud_pipeline_dag.py:26} INFO - Reading /opt/***/data/data_raw/2018-06-15.pkl
[2025-07-30T22:19:58.758+0000] {fraud_pipeline_dag.py:26} INFO - Reading /opt/***/data/data_raw/2018-06-16.pkl
[2025-07-30T22:19:58.774+0000] {fraud_pipeline_dag.py:26} INFO - Reading /opt/***/data/data_raw/2018-06-17.pkl
[2025-07-30T22:19:58.787+0000] {fraud_pipeline_dag.py:26} INFO - Reading /opt/***/data/data_raw/2018-06-18.pkl
[2025-07-30T22:19:58.800+0000] {fraud_pipeline_dag.py:26} INFO - Reading /opt/***/data/data_raw/2018-06-19.pkl
[2025-07-30T22:19:58.816+0000] {fraud_pipeline_dag.py:26} INFO - Reading /opt/***/data/data_raw/2018-06-20.pkl
[2025-07-30T22:19:58.830+0000] {fraud_pipeline_dag.py:26} INFO - Reading /opt/***/data/data_raw/2018-06-21.pkl
[2025-07-30T22:19:58.844+0000] {fraud_pipeline_dag.py:26} INFO - Reading /opt/***/data/data_raw/2018-06-22.pkl
[2025-07-30T22:19:58.859+0000] {fraud_pipeline_dag.py:26} INFO - Reading /opt/***/data/data_raw/2018-06-23.pkl
[2025-07-30T22:19:58.873+0000] {fraud_pipeline_dag.py:26} INFO - Reading /opt/***/data/data_raw/2018-06-24.pkl
[2025-07-30T22:19:58.887+0000] {fraud_pipeline_dag.py:26} INFO - Reading /opt/***/data/data_raw/2018-06-25.pkl
[2025-07-30T22:19:58.902+0000] {fraud_pipeline_dag.py:26} INFO - Reading /opt/***/data/data_raw/2018-06-26.pkl
[2025-07-30T22:19:58.915+0000] {fraud_pipeline_dag.py:26} INFO - Reading /opt/***/data/data_raw/2018-06-27.pkl
[2025-07-30T22:19:58.927+0000] {fraud_pipeline_dag.py:26} INFO - Reading /opt/***/data/data_raw/2018-06-28.pkl
[2025-07-30T22:19:58.942+0000] {fraud_pipeline_dag.py:26} INFO - Reading /opt/***/data/data_raw/2018-06-29.pkl
[2025-07-30T22:19:58.971+0000] {fraud_pipeline_dag.py:26} INFO - Reading /opt/***/data/data_raw/2018-06-30.pkl
[2025-07-30T22:19:58.986+0000] {fraud_pipeline_dag.py:26} INFO - Reading /opt/***/data/data_raw/2018-07-01.pkl
[2025-07-30T22:19:59.000+0000] {fraud_pipeline_dag.py:26} INFO - Reading /opt/***/data/data_raw/2018-07-02.pkl
[2025-07-30T22:19:59.014+0000] {fraud_pipeline_dag.py:26} INFO - Reading /opt/***/data/data_raw/2018-07-03.pkl
[2025-07-30T22:19:59.030+0000] {fraud_pipeline_dag.py:26} INFO - Reading /opt/***/data/data_raw/2018-07-04.pkl
[2025-07-30T22:19:59.043+0000] {fraud_pipeline_dag.py:26} INFO - Reading /opt/***/data/data_raw/2018-07-05.pkl
[2025-07-30T22:19:59.069+0000] {fraud_pipeline_dag.py:26} INFO - Reading /opt/***/data/data_raw/2018-07-06.pkl
[2025-07-30T22:19:59.082+0000] {fraud_pipeline_dag.py:26} INFO - Reading /opt/***/data/data_raw/2018-07-07.pkl
[2025-07-30T22:19:59.096+0000] {fraud_pipeline_dag.py:26} INFO - Reading /opt/***/data/data_raw/2018-07-08.pkl
[2025-07-30T22:19:59.130+0000] {fraud_pipeline_dag.py:26} INFO - Reading /opt/***/data/data_raw/2018-07-09.pkl
[2025-07-30T22:19:59.143+0000] {fraud_pipeline_dag.py:26} INFO - Reading /opt/***/data/data_raw/2018-07-10.pkl
[2025-07-30T22:19:59.155+0000] {fraud_pipeline_dag.py:26} INFO - Reading /opt/***/data/data_raw/2018-07-11.pkl
[2025-07-30T22:19:59.168+0000] {fraud_pipeline_dag.py:26} INFO - Reading /opt/***/data/data_raw/2018-07-12.pkl
[2025-07-30T22:19:59.180+0000] {fraud_pipeline_dag.py:26} INFO - Reading /opt/***/data/data_raw/2018-07-13.pkl
[2025-07-30T22:19:59.195+0000] {fraud_pipeline_dag.py:26} INFO - Reading /opt/***/data/data_raw/2018-07-14.pkl
[2025-07-30T22:19:59.208+0000] {fraud_pipeline_dag.py:26} INFO - Reading /opt/***/data/data_raw/2018-07-15.pkl
[2025-07-30T22:19:59.222+0000] {fraud_pipeline_dag.py:26} INFO - Reading /opt/***/data/data_raw/2018-07-16.pkl
[2025-07-30T22:19:59.235+0000] {fraud_pipeline_dag.py:26} INFO - Reading /opt/***/data/data_raw/2018-07-17.pkl
[2025-07-30T22:19:59.246+0000] {fraud_pipeline_dag.py:26} INFO - Reading /opt/***/data/data_raw/2018-07-18.pkl
[2025-07-30T22:19:59.260+0000] {fraud_pipeline_dag.py:26} INFO - Reading /opt/***/data/data_raw/2018-07-19.pkl
[2025-07-30T22:19:59.274+0000] {fraud_pipeline_dag.py:26} INFO - Reading /opt/***/data/data_raw/2018-07-20.pkl
[2025-07-30T22:19:59.288+0000] {fraud_pipeline_dag.py:26} INFO - Reading /opt/***/data/data_raw/2018-07-21.pkl
[2025-07-30T22:19:59.301+0000] {fraud_pipeline_dag.py:26} INFO - Reading /opt/***/data/data_raw/2018-07-22.pkl
[2025-07-30T22:19:59.314+0000] {fraud_pipeline_dag.py:26} INFO - Reading /opt/***/data/data_raw/2018-07-23.pkl
[2025-07-30T22:19:59.326+0000] {fraud_pipeline_dag.py:26} INFO - Reading /opt/***/data/data_raw/2018-07-24.pkl
[2025-07-30T22:19:59.339+0000] {fraud_pipeline_dag.py:26} INFO - Reading /opt/***/data/data_raw/2018-07-25.pkl
[2025-07-30T22:19:59.352+0000] {fraud_pipeline_dag.py:26} INFO - Reading /opt/***/data/data_raw/2018-07-26.pkl
[2025-07-30T22:19:59.368+0000] {fraud_pipeline_dag.py:26} INFO - Reading /opt/***/data/data_raw/2018-07-27.pkl
[2025-07-30T22:19:59.382+0000] {fraud_pipeline_dag.py:26} INFO - Reading /opt/***/data/data_raw/2018-07-28.pkl
[2025-07-30T22:19:59.397+0000] {fraud_pipeline_dag.py:26} INFO - Reading /opt/***/data/data_raw/2018-07-29.pkl
[2025-07-30T22:19:59.411+0000] {fraud_pipeline_dag.py:26} INFO - Reading /opt/***/data/data_raw/2018-07-30.pkl
[2025-07-30T22:19:59.424+0000] {fraud_pipeline_dag.py:26} INFO - Reading /opt/***/data/data_raw/2018-07-31.pkl
[2025-07-30T22:19:59.438+0000] {fraud_pipeline_dag.py:26} INFO - Reading /opt/***/data/data_raw/2018-08-01.pkl
[2025-07-30T22:19:59.454+0000] {fraud_pipeline_dag.py:26} INFO - Reading /opt/***/data/data_raw/2018-08-02.pkl
[2025-07-30T22:19:59.467+0000] {fraud_pipeline_dag.py:26} INFO - Reading /opt/***/data/data_raw/2018-08-03.pkl
[2025-07-30T22:19:59.480+0000] {fraud_pipeline_dag.py:26} INFO - Reading /opt/***/data/data_raw/2018-08-04.pkl
[2025-07-30T22:19:59.493+0000] {fraud_pipeline_dag.py:26} INFO - Reading /opt/***/data/data_raw/2018-08-05.pkl
[2025-07-30T22:19:59.504+0000] {fraud_pipeline_dag.py:26} INFO - Reading /opt/***/data/data_raw/2018-08-06.pkl
[2025-07-30T22:19:59.517+0000] {fraud_pipeline_dag.py:26} INFO - Reading /opt/***/data/data_raw/2018-08-07.pkl
[2025-07-30T22:19:59.529+0000] {fraud_pipeline_dag.py:26} INFO - Reading /opt/***/data/data_raw/2018-08-08.pkl
[2025-07-30T22:19:59.543+0000] {fraud_pipeline_dag.py:26} INFO - Reading /opt/***/data/data_raw/2018-08-09.pkl
[2025-07-30T22:19:59.558+0000] {fraud_pipeline_dag.py:26} INFO - Reading /opt/***/data/data_raw/2018-08-10.pkl
[2025-07-30T22:19:59.642+0000] {fraud_pipeline_dag.py:26} INFO - Reading /opt/***/data/data_raw/2018-08-11.pkl
[2025-07-30T22:19:59.655+0000] {fraud_pipeline_dag.py:26} INFO - Reading /opt/***/data/data_raw/2018-08-12.pkl
[2025-07-30T22:19:59.667+0000] {fraud_pipeline_dag.py:26} INFO - Reading /opt/***/data/data_raw/2018-08-13.pkl
[2025-07-30T22:19:59.680+0000] {fraud_pipeline_dag.py:26} INFO - Reading /opt/***/data/data_raw/2018-08-14.pkl
[2025-07-30T22:19:59.692+0000] {fraud_pipeline_dag.py:26} INFO - Reading /opt/***/data/data_raw/2018-08-15.pkl
[2025-07-30T22:19:59.706+0000] {fraud_pipeline_dag.py:26} INFO - Reading /opt/***/data/data_raw/2018-08-16.pkl
[2025-07-30T22:19:59.719+0000] {fraud_pipeline_dag.py:26} INFO - Reading /opt/***/data/data_raw/2018-08-17.pkl
[2025-07-30T22:19:59.730+0000] {fraud_pipeline_dag.py:26} INFO - Reading /opt/***/data/data_raw/2018-08-18.pkl
[2025-07-30T22:19:59.745+0000] {fraud_pipeline_dag.py:26} INFO - Reading /opt/***/data/data_raw/2018-08-19.pkl
[2025-07-30T22:19:59.759+0000] {fraud_pipeline_dag.py:26} INFO - Reading /opt/***/data/data_raw/2018-08-20.pkl
[2025-07-30T22:19:59.772+0000] {fraud_pipeline_dag.py:26} INFO - Reading /opt/***/data/data_raw/2018-08-21.pkl
[2025-07-30T22:19:59.786+0000] {fraud_pipeline_dag.py:26} INFO - Reading /opt/***/data/data_raw/2018-08-22.pkl
[2025-07-30T22:19:59.802+0000] {fraud_pipeline_dag.py:26} INFO - Reading /opt/***/data/data_raw/2018-08-23.pkl
[2025-07-30T22:19:59.815+0000] {fraud_pipeline_dag.py:26} INFO - Reading /opt/***/data/data_raw/2018-08-24.pkl
[2025-07-30T22:19:59.832+0000] {fraud_pipeline_dag.py:26} INFO - Reading /opt/***/data/data_raw/2018-08-25.pkl
[2025-07-30T22:19:59.844+0000] {fraud_pipeline_dag.py:26} INFO - Reading /opt/***/data/data_raw/2018-08-26.pkl
[2025-07-30T22:19:59.859+0000] {fraud_pipeline_dag.py:26} INFO - Reading /opt/***/data/data_raw/2018-08-27.pkl
[2025-07-30T22:19:59.874+0000] {fraud_pipeline_dag.py:26} INFO - Reading /opt/***/data/data_raw/2018-08-28.pkl
[2025-07-30T22:19:59.887+0000] {fraud_pipeline_dag.py:26} INFO - Reading /opt/***/data/data_raw/2018-08-29.pkl
[2025-07-30T22:19:59.900+0000] {fraud_pipeline_dag.py:26} INFO - Reading /opt/***/data/data_raw/2018-08-30.pkl
[2025-07-30T22:19:59.916+0000] {fraud_pipeline_dag.py:26} INFO - Reading /opt/***/data/data_raw/2018-08-31.pkl
[2025-07-30T22:19:59.932+0000] {fraud_pipeline_dag.py:26} INFO - Reading /opt/***/data/data_raw/2018-09-01.pkl
[2025-07-30T22:19:59.946+0000] {fraud_pipeline_dag.py:26} INFO - Reading /opt/***/data/data_raw/2018-09-02.pkl
[2025-07-30T22:19:59.959+0000] {fraud_pipeline_dag.py:26} INFO - Reading /opt/***/data/data_raw/2018-09-03.pkl
[2025-07-30T22:19:59.971+0000] {fraud_pipeline_dag.py:26} INFO - Reading /opt/***/data/data_raw/2018-09-04.pkl
[2025-07-30T22:19:59.983+0000] {fraud_pipeline_dag.py:26} INFO - Reading /opt/***/data/data_raw/2018-09-05.pkl
[2025-07-30T22:19:59.995+0000] {fraud_pipeline_dag.py:26} INFO - Reading /opt/***/data/data_raw/2018-09-06.pkl
[2025-07-30T22:20:00.008+0000] {fraud_pipeline_dag.py:26} INFO - Reading /opt/***/data/data_raw/2018-09-07.pkl
[2025-07-30T22:20:00.020+0000] {fraud_pipeline_dag.py:26} INFO - Reading /opt/***/data/data_raw/2018-09-08.pkl
[2025-07-30T22:20:00.033+0000] {fraud_pipeline_dag.py:26} INFO - Reading /opt/***/data/data_raw/2018-09-09.pkl
[2025-07-30T22:20:00.045+0000] {fraud_pipeline_dag.py:26} INFO - Reading /opt/***/data/data_raw/2018-09-10.pkl
[2025-07-30T22:20:00.058+0000] {fraud_pipeline_dag.py:26} INFO - Reading /opt/***/data/data_raw/2018-09-11.pkl
[2025-07-30T22:20:00.070+0000] {fraud_pipeline_dag.py:26} INFO - Reading /opt/***/data/data_raw/2018-09-12.pkl
[2025-07-30T22:20:00.082+0000] {fraud_pipeline_dag.py:26} INFO - Reading /opt/***/data/data_raw/2018-09-13.pkl
[2025-07-30T22:20:00.163+0000] {fraud_pipeline_dag.py:26} INFO - Reading /opt/***/data/data_raw/2018-09-14.pkl
[2025-07-30T22:20:00.202+0000] {fraud_pipeline_dag.py:26} INFO - Reading /opt/***/data/data_raw/2018-09-15.pkl
[2025-07-30T22:20:00.222+0000] {fraud_pipeline_dag.py:26} INFO - Reading /opt/***/data/data_raw/2018-09-16.pkl
[2025-07-30T22:20:00.241+0000] {fraud_pipeline_dag.py:26} INFO - Reading /opt/***/data/data_raw/2018-09-17.pkl
[2025-07-30T22:20:00.255+0000] {fraud_pipeline_dag.py:26} INFO - Reading /opt/***/data/data_raw/2018-09-18.pkl
[2025-07-30T22:20:00.267+0000] {fraud_pipeline_dag.py:26} INFO - Reading /opt/***/data/data_raw/2018-09-19.pkl
[2025-07-30T22:20:00.280+0000] {fraud_pipeline_dag.py:26} INFO - Reading /opt/***/data/data_raw/2018-09-20.pkl
[2025-07-30T22:20:00.291+0000] {fraud_pipeline_dag.py:26} INFO - Reading /opt/***/data/data_raw/2018-09-21.pkl
[2025-07-30T22:20:00.304+0000] {fraud_pipeline_dag.py:26} INFO - Reading /opt/***/data/data_raw/2018-09-22.pkl
[2025-07-30T22:20:00.316+0000] {fraud_pipeline_dag.py:26} INFO - Reading /opt/***/data/data_raw/2018-09-23.pkl
[2025-07-30T22:20:00.328+0000] {fraud_pipeline_dag.py:26} INFO - Reading /opt/***/data/data_raw/2018-09-24.pkl
[2025-07-30T22:20:00.339+0000] {fraud_pipeline_dag.py:26} INFO - Reading /opt/***/data/data_raw/2018-09-25.pkl
[2025-07-30T22:20:00.352+0000] {fraud_pipeline_dag.py:26} INFO - Reading /opt/***/data/data_raw/2018-09-26.pkl
[2025-07-30T22:20:00.366+0000] {fraud_pipeline_dag.py:26} INFO - Reading /opt/***/data/data_raw/2018-09-27.pkl
[2025-07-30T22:20:00.378+0000] {fraud_pipeline_dag.py:26} INFO - Reading /opt/***/data/data_raw/2018-09-28.pkl
[2025-07-30T22:20:00.390+0000] {fraud_pipeline_dag.py:26} INFO - Reading /opt/***/data/data_raw/2018-09-29.pkl
[2025-07-30T22:20:00.401+0000] {fraud_pipeline_dag.py:26} INFO - Reading /opt/***/data/data_raw/2018-09-30.pkl
[2025-07-30T22:20:00.576+0000] {fraud_pipeline_dag.py:34} INFO - Total rows to insert: 1754155
[2025-07-30T22:22:32.016+0000] {fraud_pipeline_dag.py:46} INFO - Data inserted successfully.
[2025-07-30T22:22:32.068+0000] {python.py:194} INFO - Done. Returned value was: None
[2025-07-30T22:22:32.074+0000] {taskinstance.py:1398} INFO - Marking task as SUCCESS. dag_id=fraud_detection_pipeline, task_id=aggregate_and_store_pickle_data, execution_date=20250730T221954, start_date=20250730T221957, end_date=20250730T222232
[2025-07-30T22:22:32.111+0000] {local_task_job_runner.py:228} INFO - Task exited with return code 0
[2025-07-30T22:22:32.123+0000] {taskinstance.py:2776} INFO - 0 downstream tasks scheduled from follow-on schedule check
