[2025-07-30T21:56:34.613+0000] {processor.py:157} INFO - Started process (PID=40) to work on /opt/airflow/dags/feature_engineering.py
[2025-07-30T21:56:34.614+0000] {processor.py:829} INFO - Processing file /opt/airflow/dags/feature_engineering.py for tasks to queue
[2025-07-30T21:56:34.615+0000] {logging_mixin.py:151} INFO - [2025-07-30T21:56:34.615+0000] {dagbag.py:539} INFO - Filling up the DagBag from /opt/airflow/dags/feature_engineering.py
[2025-07-30T21:56:35.404+0000] {processor.py:839} INFO - DAG(s) dict_keys(['feature_engineering_dag']) retrieved from /opt/airflow/dags/feature_engineering.py
[2025-07-30T21:56:35.429+0000] {logging_mixin.py:151} INFO - [2025-07-30T21:56:35.429+0000] {dag.py:2915} INFO - Sync 1 DAGs
[2025-07-30T21:56:35.436+0000] {logging_mixin.py:151} INFO - [2025-07-30T21:56:35.436+0000] {dag.py:3696} INFO - Setting next_dagrun for feature_engineering_dag to None, run_after=None
[2025-07-30T21:56:35.447+0000] {processor.py:179} INFO - Processing /opt/airflow/dags/feature_engineering.py took 0.837 seconds
[2025-07-30T21:57:05.515+0000] {processor.py:157} INFO - Started process (PID=44) to work on /opt/airflow/dags/feature_engineering.py
[2025-07-30T21:57:05.516+0000] {processor.py:829} INFO - Processing file /opt/airflow/dags/feature_engineering.py for tasks to queue
[2025-07-30T21:57:05.516+0000] {logging_mixin.py:151} INFO - [2025-07-30T21:57:05.516+0000] {dagbag.py:539} INFO - Filling up the DagBag from /opt/airflow/dags/feature_engineering.py
[2025-07-30T21:57:05.786+0000] {processor.py:839} INFO - DAG(s) dict_keys(['feature_engineering_dag']) retrieved from /opt/airflow/dags/feature_engineering.py
[2025-07-30T21:57:05.799+0000] {logging_mixin.py:151} INFO - [2025-07-30T21:57:05.799+0000] {dag.py:2915} INFO - Sync 1 DAGs
[2025-07-30T21:57:05.805+0000] {logging_mixin.py:151} INFO - [2025-07-30T21:57:05.805+0000] {dag.py:3696} INFO - Setting next_dagrun for feature_engineering_dag to None, run_after=None
[2025-07-30T21:57:05.816+0000] {processor.py:179} INFO - Processing /opt/airflow/dags/feature_engineering.py took 0.303 seconds
[2025-07-30T21:57:36.434+0000] {processor.py:157} INFO - Started process (PID=48) to work on /opt/airflow/dags/feature_engineering.py
[2025-07-30T21:57:36.435+0000] {processor.py:829} INFO - Processing file /opt/airflow/dags/feature_engineering.py for tasks to queue
[2025-07-30T21:57:36.436+0000] {logging_mixin.py:151} INFO - [2025-07-30T21:57:36.435+0000] {dagbag.py:539} INFO - Filling up the DagBag from /opt/airflow/dags/feature_engineering.py
[2025-07-30T21:57:36.701+0000] {processor.py:839} INFO - DAG(s) dict_keys(['feature_engineering_dag']) retrieved from /opt/airflow/dags/feature_engineering.py
[2025-07-30T21:57:36.714+0000] {logging_mixin.py:151} INFO - [2025-07-30T21:57:36.713+0000] {dag.py:2915} INFO - Sync 1 DAGs
[2025-07-30T21:57:36.720+0000] {logging_mixin.py:151} INFO - [2025-07-30T21:57:36.720+0000] {dag.py:3696} INFO - Setting next_dagrun for feature_engineering_dag to None, run_after=None
[2025-07-30T21:57:36.731+0000] {processor.py:179} INFO - Processing /opt/airflow/dags/feature_engineering.py took 0.300 seconds
[2025-07-30T21:58:07.739+0000] {processor.py:157} INFO - Started process (PID=52) to work on /opt/airflow/dags/feature_engineering.py
[2025-07-30T21:58:07.741+0000] {processor.py:829} INFO - Processing file /opt/airflow/dags/feature_engineering.py for tasks to queue
[2025-07-30T21:58:07.742+0000] {logging_mixin.py:151} INFO - [2025-07-30T21:58:07.742+0000] {dagbag.py:539} INFO - Filling up the DagBag from /opt/airflow/dags/feature_engineering.py
[2025-07-30T21:58:08.005+0000] {processor.py:839} INFO - DAG(s) dict_keys(['feature_engineering_dag']) retrieved from /opt/airflow/dags/feature_engineering.py
[2025-07-30T21:58:08.028+0000] {logging_mixin.py:151} INFO - [2025-07-30T21:58:08.027+0000] {dag.py:2915} INFO - Sync 1 DAGs
[2025-07-30T21:58:08.035+0000] {logging_mixin.py:151} INFO - [2025-07-30T21:58:08.035+0000] {dag.py:3696} INFO - Setting next_dagrun for feature_engineering_dag to None, run_after=None
[2025-07-30T21:58:08.046+0000] {processor.py:179} INFO - Processing /opt/airflow/dags/feature_engineering.py took 0.309 seconds
[2025-07-30T21:58:38.178+0000] {processor.py:157} INFO - Started process (PID=56) to work on /opt/airflow/dags/feature_engineering.py
[2025-07-30T21:58:38.179+0000] {processor.py:829} INFO - Processing file /opt/airflow/dags/feature_engineering.py for tasks to queue
[2025-07-30T21:58:38.179+0000] {logging_mixin.py:151} INFO - [2025-07-30T21:58:38.179+0000] {dagbag.py:539} INFO - Filling up the DagBag from /opt/airflow/dags/feature_engineering.py
[2025-07-30T21:58:38.425+0000] {processor.py:839} INFO - DAG(s) dict_keys(['feature_engineering_dag']) retrieved from /opt/airflow/dags/feature_engineering.py
[2025-07-30T21:58:38.439+0000] {logging_mixin.py:151} INFO - [2025-07-30T21:58:38.438+0000] {dag.py:2915} INFO - Sync 1 DAGs
[2025-07-30T21:58:38.445+0000] {logging_mixin.py:151} INFO - [2025-07-30T21:58:38.445+0000] {dag.py:3696} INFO - Setting next_dagrun for feature_engineering_dag to None, run_after=None
[2025-07-30T21:58:38.455+0000] {processor.py:179} INFO - Processing /opt/airflow/dags/feature_engineering.py took 0.279 seconds
[2025-07-30T21:59:09.154+0000] {processor.py:157} INFO - Started process (PID=60) to work on /opt/airflow/dags/feature_engineering.py
[2025-07-30T21:59:09.155+0000] {processor.py:829} INFO - Processing file /opt/airflow/dags/feature_engineering.py for tasks to queue
[2025-07-30T21:59:09.156+0000] {logging_mixin.py:151} INFO - [2025-07-30T21:59:09.155+0000] {dagbag.py:539} INFO - Filling up the DagBag from /opt/airflow/dags/feature_engineering.py
[2025-07-30T21:59:09.439+0000] {processor.py:839} INFO - DAG(s) dict_keys(['feature_engineering_dag']) retrieved from /opt/airflow/dags/feature_engineering.py
[2025-07-30T21:59:09.453+0000] {logging_mixin.py:151} INFO - [2025-07-30T21:59:09.453+0000] {dag.py:2915} INFO - Sync 1 DAGs
[2025-07-30T21:59:09.460+0000] {logging_mixin.py:151} INFO - [2025-07-30T21:59:09.460+0000] {dag.py:3696} INFO - Setting next_dagrun for feature_engineering_dag to None, run_after=None
[2025-07-30T21:59:09.471+0000] {processor.py:179} INFO - Processing /opt/airflow/dags/feature_engineering.py took 0.319 seconds
[2025-07-30T21:59:39.537+0000] {processor.py:157} INFO - Started process (PID=64) to work on /opt/airflow/dags/feature_engineering.py
[2025-07-30T21:59:39.538+0000] {processor.py:829} INFO - Processing file /opt/airflow/dags/feature_engineering.py for tasks to queue
[2025-07-30T21:59:39.538+0000] {logging_mixin.py:151} INFO - [2025-07-30T21:59:39.538+0000] {dagbag.py:539} INFO - Filling up the DagBag from /opt/airflow/dags/feature_engineering.py
[2025-07-30T21:59:39.809+0000] {processor.py:839} INFO - DAG(s) dict_keys(['feature_engineering_dag']) retrieved from /opt/airflow/dags/feature_engineering.py
[2025-07-30T21:59:39.825+0000] {logging_mixin.py:151} INFO - [2025-07-30T21:59:39.824+0000] {dag.py:2915} INFO - Sync 1 DAGs
[2025-07-30T21:59:39.832+0000] {logging_mixin.py:151} INFO - [2025-07-30T21:59:39.832+0000] {dag.py:3696} INFO - Setting next_dagrun for feature_engineering_dag to None, run_after=None
[2025-07-30T21:59:39.844+0000] {processor.py:179} INFO - Processing /opt/airflow/dags/feature_engineering.py took 0.310 seconds
[2025-07-30T22:00:09.869+0000] {processor.py:157} INFO - Started process (PID=68) to work on /opt/airflow/dags/feature_engineering.py
[2025-07-30T22:00:09.870+0000] {processor.py:829} INFO - Processing file /opt/airflow/dags/feature_engineering.py for tasks to queue
[2025-07-30T22:00:09.871+0000] {logging_mixin.py:151} INFO - [2025-07-30T22:00:09.870+0000] {dagbag.py:539} INFO - Filling up the DagBag from /opt/airflow/dags/feature_engineering.py
[2025-07-30T22:00:10.049+0000] {processor.py:839} INFO - DAG(s) dict_keys(['feature_engineering_dag']) retrieved from /opt/airflow/dags/feature_engineering.py
[2025-07-30T22:00:10.065+0000] {logging_mixin.py:151} INFO - [2025-07-30T22:00:10.065+0000] {dag.py:2915} INFO - Sync 1 DAGs
[2025-07-30T22:00:10.072+0000] {logging_mixin.py:151} INFO - [2025-07-30T22:00:10.072+0000] {dag.py:3696} INFO - Setting next_dagrun for feature_engineering_dag to None, run_after=None
[2025-07-30T22:00:10.083+0000] {processor.py:179} INFO - Processing /opt/airflow/dags/feature_engineering.py took 0.217 seconds
[2025-07-30T22:00:40.295+0000] {processor.py:157} INFO - Started process (PID=72) to work on /opt/airflow/dags/feature_engineering.py
[2025-07-30T22:00:40.296+0000] {processor.py:829} INFO - Processing file /opt/airflow/dags/feature_engineering.py for tasks to queue
[2025-07-30T22:00:40.296+0000] {logging_mixin.py:151} INFO - [2025-07-30T22:00:40.296+0000] {dagbag.py:539} INFO - Filling up the DagBag from /opt/airflow/dags/feature_engineering.py
[2025-07-30T22:00:40.457+0000] {processor.py:839} INFO - DAG(s) dict_keys(['feature_engineering_dag']) retrieved from /opt/airflow/dags/feature_engineering.py
[2025-07-30T22:00:40.471+0000] {logging_mixin.py:151} INFO - [2025-07-30T22:00:40.470+0000] {dag.py:2915} INFO - Sync 1 DAGs
[2025-07-30T22:00:40.478+0000] {logging_mixin.py:151} INFO - [2025-07-30T22:00:40.478+0000] {dag.py:3696} INFO - Setting next_dagrun for feature_engineering_dag to None, run_after=None
[2025-07-30T22:00:40.487+0000] {processor.py:179} INFO - Processing /opt/airflow/dags/feature_engineering.py took 0.193 seconds
[2025-07-30T22:01:10.689+0000] {processor.py:157} INFO - Started process (PID=76) to work on /opt/airflow/dags/feature_engineering.py
[2025-07-30T22:01:10.690+0000] {processor.py:829} INFO - Processing file /opt/airflow/dags/feature_engineering.py for tasks to queue
[2025-07-30T22:01:10.690+0000] {logging_mixin.py:151} INFO - [2025-07-30T22:01:10.690+0000] {dagbag.py:539} INFO - Filling up the DagBag from /opt/airflow/dags/feature_engineering.py
[2025-07-30T22:01:10.863+0000] {processor.py:839} INFO - DAG(s) dict_keys(['feature_engineering_dag']) retrieved from /opt/airflow/dags/feature_engineering.py
[2025-07-30T22:01:10.879+0000] {logging_mixin.py:151} INFO - [2025-07-30T22:01:10.878+0000] {dag.py:2915} INFO - Sync 1 DAGs
[2025-07-30T22:01:10.886+0000] {logging_mixin.py:151} INFO - [2025-07-30T22:01:10.886+0000] {dag.py:3696} INFO - Setting next_dagrun for feature_engineering_dag to None, run_after=None
[2025-07-30T22:01:10.900+0000] {processor.py:179} INFO - Processing /opt/airflow/dags/feature_engineering.py took 0.213 seconds
[2025-07-30T22:01:40.945+0000] {processor.py:157} INFO - Started process (PID=80) to work on /opt/airflow/dags/feature_engineering.py
[2025-07-30T22:01:40.946+0000] {processor.py:829} INFO - Processing file /opt/airflow/dags/feature_engineering.py for tasks to queue
[2025-07-30T22:01:40.947+0000] {logging_mixin.py:151} INFO - [2025-07-30T22:01:40.947+0000] {dagbag.py:539} INFO - Filling up the DagBag from /opt/airflow/dags/feature_engineering.py
[2025-07-30T22:01:41.122+0000] {processor.py:839} INFO - DAG(s) dict_keys(['feature_engineering_dag']) retrieved from /opt/airflow/dags/feature_engineering.py
[2025-07-30T22:01:41.138+0000] {logging_mixin.py:151} INFO - [2025-07-30T22:01:41.138+0000] {dag.py:2915} INFO - Sync 1 DAGs
[2025-07-30T22:01:41.146+0000] {logging_mixin.py:151} INFO - [2025-07-30T22:01:41.146+0000] {dag.py:3696} INFO - Setting next_dagrun for feature_engineering_dag to None, run_after=None
[2025-07-30T22:01:41.160+0000] {processor.py:179} INFO - Processing /opt/airflow/dags/feature_engineering.py took 0.217 seconds
[2025-07-30T22:02:11.280+0000] {processor.py:157} INFO - Started process (PID=84) to work on /opt/airflow/dags/feature_engineering.py
[2025-07-30T22:02:11.281+0000] {processor.py:829} INFO - Processing file /opt/airflow/dags/feature_engineering.py for tasks to queue
[2025-07-30T22:02:11.282+0000] {logging_mixin.py:151} INFO - [2025-07-30T22:02:11.282+0000] {dagbag.py:539} INFO - Filling up the DagBag from /opt/airflow/dags/feature_engineering.py
[2025-07-30T22:02:11.533+0000] {processor.py:839} INFO - DAG(s) dict_keys(['feature_engineering_dag']) retrieved from /opt/airflow/dags/feature_engineering.py
[2025-07-30T22:02:11.552+0000] {logging_mixin.py:151} INFO - [2025-07-30T22:02:11.551+0000] {dag.py:2915} INFO - Sync 1 DAGs
[2025-07-30T22:02:11.559+0000] {logging_mixin.py:151} INFO - [2025-07-30T22:02:11.559+0000] {dag.py:3696} INFO - Setting next_dagrun for feature_engineering_dag to None, run_after=None
[2025-07-30T22:02:11.570+0000] {processor.py:179} INFO - Processing /opt/airflow/dags/feature_engineering.py took 0.293 seconds
[2025-07-30T22:03:24.075+0000] {processor.py:157} INFO - Started process (PID=40) to work on /opt/airflow/dags/feature_engineering.py
[2025-07-30T22:03:24.076+0000] {processor.py:829} INFO - Processing file /opt/airflow/dags/feature_engineering.py for tasks to queue
[2025-07-30T22:03:24.077+0000] {logging_mixin.py:151} INFO - [2025-07-30T22:03:24.077+0000] {dagbag.py:539} INFO - Filling up the DagBag from /opt/airflow/dags/feature_engineering.py
[2025-07-30T22:03:24.462+0000] {processor.py:839} INFO - DAG(s) dict_keys(['feature_engineering_dag']) retrieved from /opt/airflow/dags/feature_engineering.py
[2025-07-30T22:03:24.481+0000] {logging_mixin.py:151} INFO - [2025-07-30T22:03:24.481+0000] {dag.py:2915} INFO - Sync 1 DAGs
[2025-07-30T22:03:24.488+0000] {logging_mixin.py:151} INFO - [2025-07-30T22:03:24.488+0000] {dag.py:3696} INFO - Setting next_dagrun for feature_engineering_dag to None, run_after=None
[2025-07-30T22:03:24.499+0000] {processor.py:179} INFO - Processing /opt/airflow/dags/feature_engineering.py took 0.426 seconds
[2025-07-30T22:03:54.540+0000] {processor.py:157} INFO - Started process (PID=44) to work on /opt/airflow/dags/feature_engineering.py
[2025-07-30T22:03:54.541+0000] {processor.py:829} INFO - Processing file /opt/airflow/dags/feature_engineering.py for tasks to queue
[2025-07-30T22:03:54.542+0000] {logging_mixin.py:151} INFO - [2025-07-30T22:03:54.542+0000] {dagbag.py:539} INFO - Filling up the DagBag from /opt/airflow/dags/feature_engineering.py
[2025-07-30T22:03:54.792+0000] {processor.py:839} INFO - DAG(s) dict_keys(['feature_engineering_dag']) retrieved from /opt/airflow/dags/feature_engineering.py
[2025-07-30T22:03:54.804+0000] {logging_mixin.py:151} INFO - [2025-07-30T22:03:54.804+0000] {dag.py:2915} INFO - Sync 1 DAGs
[2025-07-30T22:03:54.811+0000] {logging_mixin.py:151} INFO - [2025-07-30T22:03:54.811+0000] {dag.py:3696} INFO - Setting next_dagrun for feature_engineering_dag to None, run_after=None
[2025-07-30T22:03:54.821+0000] {processor.py:179} INFO - Processing /opt/airflow/dags/feature_engineering.py took 0.283 seconds
[2025-07-30T22:04:24.919+0000] {processor.py:157} INFO - Started process (PID=48) to work on /opt/airflow/dags/feature_engineering.py
[2025-07-30T22:04:24.920+0000] {processor.py:829} INFO - Processing file /opt/airflow/dags/feature_engineering.py for tasks to queue
[2025-07-30T22:04:24.921+0000] {logging_mixin.py:151} INFO - [2025-07-30T22:04:24.921+0000] {dagbag.py:539} INFO - Filling up the DagBag from /opt/airflow/dags/feature_engineering.py
[2025-07-30T22:04:25.232+0000] {processor.py:839} INFO - DAG(s) dict_keys(['feature_engineering_dag']) retrieved from /opt/airflow/dags/feature_engineering.py
[2025-07-30T22:04:25.249+0000] {logging_mixin.py:151} INFO - [2025-07-30T22:04:25.248+0000] {dag.py:2915} INFO - Sync 1 DAGs
[2025-07-30T22:04:25.256+0000] {logging_mixin.py:151} INFO - [2025-07-30T22:04:25.256+0000] {dag.py:3696} INFO - Setting next_dagrun for feature_engineering_dag to None, run_after=None
[2025-07-30T22:04:25.266+0000] {processor.py:179} INFO - Processing /opt/airflow/dags/feature_engineering.py took 0.350 seconds
[2025-07-30T22:04:55.352+0000] {processor.py:157} INFO - Started process (PID=52) to work on /opt/airflow/dags/feature_engineering.py
[2025-07-30T22:04:55.352+0000] {processor.py:829} INFO - Processing file /opt/airflow/dags/feature_engineering.py for tasks to queue
[2025-07-30T22:04:55.353+0000] {logging_mixin.py:151} INFO - [2025-07-30T22:04:55.353+0000] {dagbag.py:539} INFO - Filling up the DagBag from /opt/airflow/dags/feature_engineering.py
[2025-07-30T22:04:55.608+0000] {processor.py:839} INFO - DAG(s) dict_keys(['feature_engineering_dag']) retrieved from /opt/airflow/dags/feature_engineering.py
[2025-07-30T22:04:55.621+0000] {logging_mixin.py:151} INFO - [2025-07-30T22:04:55.621+0000] {dag.py:2915} INFO - Sync 1 DAGs
[2025-07-30T22:04:55.627+0000] {logging_mixin.py:151} INFO - [2025-07-30T22:04:55.627+0000] {dag.py:3696} INFO - Setting next_dagrun for feature_engineering_dag to None, run_after=None
[2025-07-30T22:04:55.637+0000] {processor.py:179} INFO - Processing /opt/airflow/dags/feature_engineering.py took 0.288 seconds
[2025-07-30T22:05:25.740+0000] {processor.py:157} INFO - Started process (PID=56) to work on /opt/airflow/dags/feature_engineering.py
[2025-07-30T22:05:25.740+0000] {processor.py:829} INFO - Processing file /opt/airflow/dags/feature_engineering.py for tasks to queue
[2025-07-30T22:05:25.741+0000] {logging_mixin.py:151} INFO - [2025-07-30T22:05:25.741+0000] {dagbag.py:539} INFO - Filling up the DagBag from /opt/airflow/dags/feature_engineering.py
[2025-07-30T22:05:25.974+0000] {processor.py:839} INFO - DAG(s) dict_keys(['feature_engineering_dag']) retrieved from /opt/airflow/dags/feature_engineering.py
[2025-07-30T22:05:25.987+0000] {logging_mixin.py:151} INFO - [2025-07-30T22:05:25.986+0000] {dag.py:2915} INFO - Sync 1 DAGs
[2025-07-30T22:05:25.992+0000] {logging_mixin.py:151} INFO - [2025-07-30T22:05:25.992+0000] {dag.py:3696} INFO - Setting next_dagrun for feature_engineering_dag to None, run_after=None
[2025-07-30T22:05:26.002+0000] {processor.py:179} INFO - Processing /opt/airflow/dags/feature_engineering.py took 0.264 seconds
[2025-07-30T22:05:56.182+0000] {processor.py:157} INFO - Started process (PID=60) to work on /opt/airflow/dags/feature_engineering.py
[2025-07-30T22:05:56.183+0000] {processor.py:829} INFO - Processing file /opt/airflow/dags/feature_engineering.py for tasks to queue
[2025-07-30T22:05:56.184+0000] {logging_mixin.py:151} INFO - [2025-07-30T22:05:56.184+0000] {dagbag.py:539} INFO - Filling up the DagBag from /opt/airflow/dags/feature_engineering.py
[2025-07-30T22:05:56.465+0000] {processor.py:839} INFO - DAG(s) dict_keys(['feature_engineering_dag']) retrieved from /opt/airflow/dags/feature_engineering.py
[2025-07-30T22:05:56.478+0000] {logging_mixin.py:151} INFO - [2025-07-30T22:05:56.478+0000] {dag.py:2915} INFO - Sync 1 DAGs
[2025-07-30T22:05:56.485+0000] {logging_mixin.py:151} INFO - [2025-07-30T22:05:56.485+0000] {dag.py:3696} INFO - Setting next_dagrun for feature_engineering_dag to None, run_after=None
[2025-07-30T22:05:56.494+0000] {processor.py:179} INFO - Processing /opt/airflow/dags/feature_engineering.py took 0.315 seconds
[2025-07-30T22:06:26.703+0000] {processor.py:157} INFO - Started process (PID=64) to work on /opt/airflow/dags/feature_engineering.py
[2025-07-30T22:06:26.703+0000] {processor.py:829} INFO - Processing file /opt/airflow/dags/feature_engineering.py for tasks to queue
[2025-07-30T22:06:26.704+0000] {logging_mixin.py:151} INFO - [2025-07-30T22:06:26.704+0000] {dagbag.py:539} INFO - Filling up the DagBag from /opt/airflow/dags/feature_engineering.py
[2025-07-30T22:06:26.959+0000] {processor.py:839} INFO - DAG(s) dict_keys(['feature_engineering_dag']) retrieved from /opt/airflow/dags/feature_engineering.py
[2025-07-30T22:06:26.974+0000] {logging_mixin.py:151} INFO - [2025-07-30T22:06:26.974+0000] {dag.py:2915} INFO - Sync 1 DAGs
[2025-07-30T22:06:26.994+0000] {logging_mixin.py:151} INFO - [2025-07-30T22:06:26.994+0000] {dag.py:3696} INFO - Setting next_dagrun for feature_engineering_dag to None, run_after=None
[2025-07-30T22:06:27.007+0000] {processor.py:179} INFO - Processing /opt/airflow/dags/feature_engineering.py took 0.307 seconds
[2025-07-30T22:06:57.252+0000] {processor.py:157} INFO - Started process (PID=68) to work on /opt/airflow/dags/feature_engineering.py
[2025-07-30T22:06:57.252+0000] {processor.py:829} INFO - Processing file /opt/airflow/dags/feature_engineering.py for tasks to queue
[2025-07-30T22:06:57.253+0000] {logging_mixin.py:151} INFO - [2025-07-30T22:06:57.253+0000] {dagbag.py:539} INFO - Filling up the DagBag from /opt/airflow/dags/feature_engineering.py
[2025-07-30T22:06:58.595+0000] {processor.py:839} INFO - DAG(s) dict_keys(['feature_engineering_dag']) retrieved from /opt/airflow/dags/feature_engineering.py
[2025-07-30T22:06:58.610+0000] {logging_mixin.py:151} INFO - [2025-07-30T22:06:58.610+0000] {dag.py:2915} INFO - Sync 1 DAGs
[2025-07-30T22:06:58.618+0000] {logging_mixin.py:151} INFO - [2025-07-30T22:06:58.618+0000] {dag.py:3696} INFO - Setting next_dagrun for feature_engineering_dag to None, run_after=None
[2025-07-30T22:06:58.629+0000] {processor.py:179} INFO - Processing /opt/airflow/dags/feature_engineering.py took 0.364 seconds
[2025-07-30T22:07:28.896+0000] {processor.py:157} INFO - Started process (PID=72) to work on /opt/airflow/dags/feature_engineering.py
[2025-07-30T22:07:28.896+0000] {processor.py:829} INFO - Processing file /opt/airflow/dags/feature_engineering.py for tasks to queue
[2025-07-30T22:07:28.897+0000] {logging_mixin.py:151} INFO - [2025-07-30T22:07:28.897+0000] {dagbag.py:539} INFO - Filling up the DagBag from /opt/airflow/dags/feature_engineering.py
[2025-07-30T22:07:29.187+0000] {processor.py:839} INFO - DAG(s) dict_keys(['feature_engineering_dag']) retrieved from /opt/airflow/dags/feature_engineering.py
[2025-07-30T22:07:29.210+0000] {logging_mixin.py:151} INFO - [2025-07-30T22:07:29.209+0000] {dag.py:2915} INFO - Sync 1 DAGs
[2025-07-30T22:07:29.218+0000] {logging_mixin.py:151} INFO - [2025-07-30T22:07:29.218+0000] {dag.py:3696} INFO - Setting next_dagrun for feature_engineering_dag to None, run_after=None
[2025-07-30T22:07:29.235+0000] {processor.py:179} INFO - Processing /opt/airflow/dags/feature_engineering.py took 0.342 seconds
[2025-07-30T22:07:59.574+0000] {processor.py:157} INFO - Started process (PID=76) to work on /opt/airflow/dags/feature_engineering.py
[2025-07-30T22:07:59.576+0000] {processor.py:829} INFO - Processing file /opt/airflow/dags/feature_engineering.py for tasks to queue
[2025-07-30T22:07:59.578+0000] {logging_mixin.py:151} INFO - [2025-07-30T22:07:59.578+0000] {dagbag.py:539} INFO - Filling up the DagBag from /opt/airflow/dags/feature_engineering.py
[2025-07-30T22:07:59.883+0000] {processor.py:839} INFO - DAG(s) dict_keys(['feature_engineering_dag']) retrieved from /opt/airflow/dags/feature_engineering.py
[2025-07-30T22:07:59.900+0000] {logging_mixin.py:151} INFO - [2025-07-30T22:07:59.900+0000] {dag.py:2915} INFO - Sync 1 DAGs
[2025-07-30T22:07:59.907+0000] {logging_mixin.py:151} INFO - [2025-07-30T22:07:59.907+0000] {dag.py:3696} INFO - Setting next_dagrun for feature_engineering_dag to None, run_after=None
[2025-07-30T22:07:59.918+0000] {processor.py:179} INFO - Processing /opt/airflow/dags/feature_engineering.py took 0.347 seconds
[2025-07-30T22:08:30.244+0000] {processor.py:157} INFO - Started process (PID=80) to work on /opt/airflow/dags/feature_engineering.py
[2025-07-30T22:08:30.245+0000] {processor.py:829} INFO - Processing file /opt/airflow/dags/feature_engineering.py for tasks to queue
[2025-07-30T22:08:30.245+0000] {logging_mixin.py:151} INFO - [2025-07-30T22:08:30.245+0000] {dagbag.py:539} INFO - Filling up the DagBag from /opt/airflow/dags/feature_engineering.py
[2025-07-30T22:08:30.526+0000] {processor.py:839} INFO - DAG(s) dict_keys(['feature_engineering_dag']) retrieved from /opt/airflow/dags/feature_engineering.py
[2025-07-30T22:08:30.540+0000] {logging_mixin.py:151} INFO - [2025-07-30T22:08:30.540+0000] {dag.py:2915} INFO - Sync 1 DAGs
[2025-07-30T22:08:30.548+0000] {logging_mixin.py:151} INFO - [2025-07-30T22:08:30.548+0000] {dag.py:3696} INFO - Setting next_dagrun for feature_engineering_dag to None, run_after=None
[2025-07-30T22:08:30.563+0000] {processor.py:179} INFO - Processing /opt/airflow/dags/feature_engineering.py took 0.322 seconds
[2025-07-30T22:09:00.967+0000] {processor.py:157} INFO - Started process (PID=84) to work on /opt/airflow/dags/feature_engineering.py
[2025-07-30T22:09:00.968+0000] {processor.py:829} INFO - Processing file /opt/airflow/dags/feature_engineering.py for tasks to queue
[2025-07-30T22:09:00.972+0000] {logging_mixin.py:151} INFO - [2025-07-30T22:09:00.971+0000] {dagbag.py:539} INFO - Filling up the DagBag from /opt/airflow/dags/feature_engineering.py
[2025-07-30T22:09:01.184+0000] {processor.py:839} INFO - DAG(s) dict_keys(['feature_engineering_dag']) retrieved from /opt/airflow/dags/feature_engineering.py
[2025-07-30T22:09:01.201+0000] {logging_mixin.py:151} INFO - [2025-07-30T22:09:01.201+0000] {dag.py:2915} INFO - Sync 1 DAGs
[2025-07-30T22:09:01.209+0000] {logging_mixin.py:151} INFO - [2025-07-30T22:09:01.208+0000] {dag.py:3696} INFO - Setting next_dagrun for feature_engineering_dag to None, run_after=None
[2025-07-30T22:09:01.222+0000] {processor.py:179} INFO - Processing /opt/airflow/dags/feature_engineering.py took 0.257 seconds
[2025-07-30T22:09:31.281+0000] {processor.py:157} INFO - Started process (PID=88) to work on /opt/airflow/dags/feature_engineering.py
[2025-07-30T22:09:31.282+0000] {processor.py:829} INFO - Processing file /opt/airflow/dags/feature_engineering.py for tasks to queue
[2025-07-30T22:09:31.283+0000] {logging_mixin.py:151} INFO - [2025-07-30T22:09:31.282+0000] {dagbag.py:539} INFO - Filling up the DagBag from /opt/airflow/dags/feature_engineering.py
[2025-07-30T22:09:31.465+0000] {processor.py:839} INFO - DAG(s) dict_keys(['feature_engineering_dag']) retrieved from /opt/airflow/dags/feature_engineering.py
[2025-07-30T22:09:31.482+0000] {logging_mixin.py:151} INFO - [2025-07-30T22:09:31.481+0000] {dag.py:2915} INFO - Sync 1 DAGs
[2025-07-30T22:09:31.490+0000] {logging_mixin.py:151} INFO - [2025-07-30T22:09:31.490+0000] {dag.py:3696} INFO - Setting next_dagrun for feature_engineering_dag to None, run_after=None
[2025-07-30T22:09:31.501+0000] {processor.py:179} INFO - Processing /opt/airflow/dags/feature_engineering.py took 0.222 seconds
[2025-07-30T22:10:01.773+0000] {processor.py:157} INFO - Started process (PID=92) to work on /opt/airflow/dags/feature_engineering.py
[2025-07-30T22:10:01.775+0000] {processor.py:829} INFO - Processing file /opt/airflow/dags/feature_engineering.py for tasks to queue
[2025-07-30T22:10:01.776+0000] {logging_mixin.py:151} INFO - [2025-07-30T22:10:01.776+0000] {dagbag.py:539} INFO - Filling up the DagBag from /opt/airflow/dags/feature_engineering.py
[2025-07-30T22:10:01.955+0000] {processor.py:839} INFO - DAG(s) dict_keys(['feature_engineering_dag']) retrieved from /opt/airflow/dags/feature_engineering.py
[2025-07-30T22:10:01.971+0000] {logging_mixin.py:151} INFO - [2025-07-30T22:10:01.970+0000] {dag.py:2915} INFO - Sync 1 DAGs
[2025-07-30T22:10:01.977+0000] {logging_mixin.py:151} INFO - [2025-07-30T22:10:01.977+0000] {dag.py:3696} INFO - Setting next_dagrun for feature_engineering_dag to None, run_after=None
[2025-07-30T22:10:01.989+0000] {processor.py:179} INFO - Processing /opt/airflow/dags/feature_engineering.py took 0.218 seconds
[2025-07-30T22:10:32.251+0000] {processor.py:157} INFO - Started process (PID=96) to work on /opt/airflow/dags/feature_engineering.py
[2025-07-30T22:10:32.251+0000] {processor.py:829} INFO - Processing file /opt/airflow/dags/feature_engineering.py for tasks to queue
[2025-07-30T22:10:32.253+0000] {logging_mixin.py:151} INFO - [2025-07-30T22:10:32.252+0000] {dagbag.py:539} INFO - Filling up the DagBag from /opt/airflow/dags/feature_engineering.py
[2025-07-30T22:10:32.503+0000] {processor.py:839} INFO - DAG(s) dict_keys(['feature_engineering_dag']) retrieved from /opt/airflow/dags/feature_engineering.py
[2025-07-30T22:10:32.522+0000] {logging_mixin.py:151} INFO - [2025-07-30T22:10:32.521+0000] {dag.py:2915} INFO - Sync 1 DAGs
[2025-07-30T22:10:32.530+0000] {logging_mixin.py:151} INFO - [2025-07-30T22:10:32.530+0000] {dag.py:3696} INFO - Setting next_dagrun for feature_engineering_dag to None, run_after=None
[2025-07-30T22:10:32.543+0000] {processor.py:179} INFO - Processing /opt/airflow/dags/feature_engineering.py took 0.295 seconds
[2025-07-30T22:11:02.818+0000] {processor.py:157} INFO - Started process (PID=100) to work on /opt/airflow/dags/feature_engineering.py
[2025-07-30T22:11:02.819+0000] {processor.py:829} INFO - Processing file /opt/airflow/dags/feature_engineering.py for tasks to queue
[2025-07-30T22:11:02.820+0000] {logging_mixin.py:151} INFO - [2025-07-30T22:11:02.819+0000] {dagbag.py:539} INFO - Filling up the DagBag from /opt/airflow/dags/feature_engineering.py
[2025-07-30T22:11:03.001+0000] {processor.py:839} INFO - DAG(s) dict_keys(['feature_engineering_dag']) retrieved from /opt/airflow/dags/feature_engineering.py
[2025-07-30T22:11:03.018+0000] {logging_mixin.py:151} INFO - [2025-07-30T22:11:03.018+0000] {dag.py:2915} INFO - Sync 1 DAGs
[2025-07-30T22:11:03.025+0000] {logging_mixin.py:151} INFO - [2025-07-30T22:11:03.025+0000] {dag.py:3696} INFO - Setting next_dagrun for feature_engineering_dag to None, run_after=None
[2025-07-30T22:11:03.037+0000] {processor.py:179} INFO - Processing /opt/airflow/dags/feature_engineering.py took 0.221 seconds
[2025-07-30T22:11:33.366+0000] {processor.py:157} INFO - Started process (PID=104) to work on /opt/airflow/dags/feature_engineering.py
[2025-07-30T22:11:33.367+0000] {processor.py:829} INFO - Processing file /opt/airflow/dags/feature_engineering.py for tasks to queue
[2025-07-30T22:11:33.368+0000] {logging_mixin.py:151} INFO - [2025-07-30T22:11:33.368+0000] {dagbag.py:539} INFO - Filling up the DagBag from /opt/airflow/dags/feature_engineering.py
[2025-07-30T22:11:33.560+0000] {processor.py:839} INFO - DAG(s) dict_keys(['feature_engineering_dag']) retrieved from /opt/airflow/dags/feature_engineering.py
[2025-07-30T22:11:33.579+0000] {logging_mixin.py:151} INFO - [2025-07-30T22:11:33.578+0000] {dag.py:2915} INFO - Sync 1 DAGs
[2025-07-30T22:11:33.588+0000] {logging_mixin.py:151} INFO - [2025-07-30T22:11:33.588+0000] {dag.py:3696} INFO - Setting next_dagrun for feature_engineering_dag to None, run_after=None
[2025-07-30T22:11:33.600+0000] {processor.py:179} INFO - Processing /opt/airflow/dags/feature_engineering.py took 0.236 seconds
[2025-07-30T22:12:03.872+0000] {processor.py:157} INFO - Started process (PID=108) to work on /opt/airflow/dags/feature_engineering.py
[2025-07-30T22:12:03.874+0000] {processor.py:829} INFO - Processing file /opt/airflow/dags/feature_engineering.py for tasks to queue
[2025-07-30T22:12:03.875+0000] {logging_mixin.py:151} INFO - [2025-07-30T22:12:03.875+0000] {dagbag.py:539} INFO - Filling up the DagBag from /opt/airflow/dags/feature_engineering.py
[2025-07-30T22:12:04.113+0000] {processor.py:839} INFO - DAG(s) dict_keys(['feature_engineering_dag']) retrieved from /opt/airflow/dags/feature_engineering.py
[2025-07-30T22:12:04.132+0000] {logging_mixin.py:151} INFO - [2025-07-30T22:12:04.131+0000] {dag.py:2915} INFO - Sync 1 DAGs
[2025-07-30T22:12:04.141+0000] {logging_mixin.py:151} INFO - [2025-07-30T22:12:04.141+0000] {dag.py:3696} INFO - Setting next_dagrun for feature_engineering_dag to None, run_after=None
[2025-07-30T22:12:04.154+0000] {processor.py:179} INFO - Processing /opt/airflow/dags/feature_engineering.py took 0.288 seconds
[2025-07-30T22:12:34.433+0000] {processor.py:157} INFO - Started process (PID=112) to work on /opt/airflow/dags/feature_engineering.py
[2025-07-30T22:12:34.434+0000] {processor.py:829} INFO - Processing file /opt/airflow/dags/feature_engineering.py for tasks to queue
[2025-07-30T22:12:34.435+0000] {logging_mixin.py:151} INFO - [2025-07-30T22:12:34.434+0000] {dagbag.py:539} INFO - Filling up the DagBag from /opt/airflow/dags/feature_engineering.py
[2025-07-30T22:12:34.615+0000] {processor.py:839} INFO - DAG(s) dict_keys(['feature_engineering_dag']) retrieved from /opt/airflow/dags/feature_engineering.py
[2025-07-30T22:12:34.630+0000] {logging_mixin.py:151} INFO - [2025-07-30T22:12:34.630+0000] {dag.py:2915} INFO - Sync 1 DAGs
[2025-07-30T22:12:34.638+0000] {logging_mixin.py:151} INFO - [2025-07-30T22:12:34.638+0000] {dag.py:3696} INFO - Setting next_dagrun for feature_engineering_dag to None, run_after=None
[2025-07-30T22:12:34.648+0000] {processor.py:179} INFO - Processing /opt/airflow/dags/feature_engineering.py took 0.217 seconds
[2025-07-30T22:13:04.901+0000] {processor.py:157} INFO - Started process (PID=116) to work on /opt/airflow/dags/feature_engineering.py
[2025-07-30T22:13:04.902+0000] {processor.py:829} INFO - Processing file /opt/airflow/dags/feature_engineering.py for tasks to queue
[2025-07-30T22:13:04.903+0000] {logging_mixin.py:151} INFO - [2025-07-30T22:13:04.902+0000] {dagbag.py:539} INFO - Filling up the DagBag from /opt/airflow/dags/feature_engineering.py
[2025-07-30T22:13:05.085+0000] {processor.py:839} INFO - DAG(s) dict_keys(['feature_engineering_dag']) retrieved from /opt/airflow/dags/feature_engineering.py
[2025-07-30T22:13:05.102+0000] {logging_mixin.py:151} INFO - [2025-07-30T22:13:05.101+0000] {dag.py:2915} INFO - Sync 1 DAGs
[2025-07-30T22:13:05.110+0000] {logging_mixin.py:151} INFO - [2025-07-30T22:13:05.109+0000] {dag.py:3696} INFO - Setting next_dagrun for feature_engineering_dag to None, run_after=None
[2025-07-30T22:13:05.122+0000] {processor.py:179} INFO - Processing /opt/airflow/dags/feature_engineering.py took 0.223 seconds
[2025-07-30T22:13:35.155+0000] {processor.py:157} INFO - Started process (PID=120) to work on /opt/airflow/dags/feature_engineering.py
[2025-07-30T22:13:35.156+0000] {processor.py:829} INFO - Processing file /opt/airflow/dags/feature_engineering.py for tasks to queue
[2025-07-30T22:13:35.157+0000] {logging_mixin.py:151} INFO - [2025-07-30T22:13:35.157+0000] {dagbag.py:539} INFO - Filling up the DagBag from /opt/airflow/dags/feature_engineering.py
[2025-07-30T22:13:35.343+0000] {processor.py:839} INFO - DAG(s) dict_keys(['feature_engineering_dag']) retrieved from /opt/airflow/dags/feature_engineering.py
[2025-07-30T22:13:35.361+0000] {logging_mixin.py:151} INFO - [2025-07-30T22:13:35.361+0000] {dag.py:2915} INFO - Sync 1 DAGs
[2025-07-30T22:13:35.370+0000] {logging_mixin.py:151} INFO - [2025-07-30T22:13:35.370+0000] {dag.py:3696} INFO - Setting next_dagrun for feature_engineering_dag to None, run_after=None
[2025-07-30T22:13:35.382+0000] {processor.py:179} INFO - Processing /opt/airflow/dags/feature_engineering.py took 0.230 seconds
[2025-07-30T22:14:05.606+0000] {processor.py:157} INFO - Started process (PID=124) to work on /opt/airflow/dags/feature_engineering.py
[2025-07-30T22:14:05.609+0000] {processor.py:829} INFO - Processing file /opt/airflow/dags/feature_engineering.py for tasks to queue
[2025-07-30T22:14:05.610+0000] {logging_mixin.py:151} INFO - [2025-07-30T22:14:05.610+0000] {dagbag.py:539} INFO - Filling up the DagBag from /opt/airflow/dags/feature_engineering.py
[2025-07-30T22:14:05.785+0000] {processor.py:839} INFO - DAG(s) dict_keys(['feature_engineering_dag']) retrieved from /opt/airflow/dags/feature_engineering.py
[2025-07-30T22:14:05.803+0000] {logging_mixin.py:151} INFO - [2025-07-30T22:14:05.802+0000] {dag.py:2915} INFO - Sync 1 DAGs
[2025-07-30T22:14:05.811+0000] {logging_mixin.py:151} INFO - [2025-07-30T22:14:05.811+0000] {dag.py:3696} INFO - Setting next_dagrun for feature_engineering_dag to None, run_after=None
[2025-07-30T22:14:05.822+0000] {processor.py:179} INFO - Processing /opt/airflow/dags/feature_engineering.py took 0.218 seconds
[2025-07-30T22:14:36.817+0000] {processor.py:157} INFO - Started process (PID=128) to work on /opt/airflow/dags/feature_engineering.py
[2025-07-30T22:14:36.821+0000] {processor.py:829} INFO - Processing file /opt/airflow/dags/feature_engineering.py for tasks to queue
[2025-07-30T22:14:36.822+0000] {logging_mixin.py:151} INFO - [2025-07-30T22:14:36.822+0000] {dagbag.py:539} INFO - Filling up the DagBag from /opt/airflow/dags/feature_engineering.py
[2025-07-30T22:14:37.013+0000] {processor.py:839} INFO - DAG(s) dict_keys(['feature_engineering_dag']) retrieved from /opt/airflow/dags/feature_engineering.py
[2025-07-30T22:14:37.029+0000] {logging_mixin.py:151} INFO - [2025-07-30T22:14:37.029+0000] {dag.py:2915} INFO - Sync 1 DAGs
[2025-07-30T22:14:37.036+0000] {logging_mixin.py:151} INFO - [2025-07-30T22:14:37.036+0000] {dag.py:3696} INFO - Setting next_dagrun for feature_engineering_dag to None, run_after=None
[2025-07-30T22:14:37.047+0000] {processor.py:179} INFO - Processing /opt/airflow/dags/feature_engineering.py took 0.232 seconds
[2025-07-30T22:15:07.091+0000] {processor.py:157} INFO - Started process (PID=132) to work on /opt/airflow/dags/feature_engineering.py
[2025-07-30T22:15:07.092+0000] {processor.py:829} INFO - Processing file /opt/airflow/dags/feature_engineering.py for tasks to queue
[2025-07-30T22:15:07.092+0000] {logging_mixin.py:151} INFO - [2025-07-30T22:15:07.092+0000] {dagbag.py:539} INFO - Filling up the DagBag from /opt/airflow/dags/feature_engineering.py
[2025-07-30T22:15:07.262+0000] {processor.py:839} INFO - DAG(s) dict_keys(['feature_engineering_dag']) retrieved from /opt/airflow/dags/feature_engineering.py
[2025-07-30T22:15:07.278+0000] {logging_mixin.py:151} INFO - [2025-07-30T22:15:07.278+0000] {dag.py:2915} INFO - Sync 1 DAGs
[2025-07-30T22:15:07.285+0000] {logging_mixin.py:151} INFO - [2025-07-30T22:15:07.285+0000] {dag.py:3696} INFO - Setting next_dagrun for feature_engineering_dag to None, run_after=None
[2025-07-30T22:15:07.296+0000] {processor.py:179} INFO - Processing /opt/airflow/dags/feature_engineering.py took 0.207 seconds
[2025-07-30T22:15:37.323+0000] {processor.py:157} INFO - Started process (PID=136) to work on /opt/airflow/dags/feature_engineering.py
[2025-07-30T22:15:37.324+0000] {processor.py:829} INFO - Processing file /opt/airflow/dags/feature_engineering.py for tasks to queue
[2025-07-30T22:15:37.325+0000] {logging_mixin.py:151} INFO - [2025-07-30T22:15:37.324+0000] {dagbag.py:539} INFO - Filling up the DagBag from /opt/airflow/dags/feature_engineering.py
[2025-07-30T22:15:37.512+0000] {processor.py:839} INFO - DAG(s) dict_keys(['feature_engineering_dag']) retrieved from /opt/airflow/dags/feature_engineering.py
[2025-07-30T22:15:37.533+0000] {logging_mixin.py:151} INFO - [2025-07-30T22:15:37.533+0000] {dag.py:2915} INFO - Sync 1 DAGs
[2025-07-30T22:15:37.544+0000] {logging_mixin.py:151} INFO - [2025-07-30T22:15:37.543+0000] {dag.py:3696} INFO - Setting next_dagrun for feature_engineering_dag to None, run_after=None
[2025-07-30T22:15:37.556+0000] {processor.py:179} INFO - Processing /opt/airflow/dags/feature_engineering.py took 0.235 seconds
[2025-07-30T22:16:07.639+0000] {processor.py:157} INFO - Started process (PID=140) to work on /opt/airflow/dags/feature_engineering.py
[2025-07-30T22:16:07.640+0000] {processor.py:829} INFO - Processing file /opt/airflow/dags/feature_engineering.py for tasks to queue
[2025-07-30T22:16:07.640+0000] {logging_mixin.py:151} INFO - [2025-07-30T22:16:07.640+0000] {dagbag.py:539} INFO - Filling up the DagBag from /opt/airflow/dags/feature_engineering.py
[2025-07-30T22:16:07.814+0000] {processor.py:839} INFO - DAG(s) dict_keys(['feature_engineering_dag']) retrieved from /opt/airflow/dags/feature_engineering.py
[2025-07-30T22:16:07.831+0000] {logging_mixin.py:151} INFO - [2025-07-30T22:16:07.831+0000] {dag.py:2915} INFO - Sync 1 DAGs
[2025-07-30T22:16:07.839+0000] {logging_mixin.py:151} INFO - [2025-07-30T22:16:07.839+0000] {dag.py:3696} INFO - Setting next_dagrun for feature_engineering_dag to None, run_after=None
[2025-07-30T22:16:07.850+0000] {processor.py:179} INFO - Processing /opt/airflow/dags/feature_engineering.py took 0.213 seconds
[2025-07-30T22:16:37.912+0000] {processor.py:157} INFO - Started process (PID=144) to work on /opt/airflow/dags/feature_engineering.py
[2025-07-30T22:16:37.912+0000] {processor.py:829} INFO - Processing file /opt/airflow/dags/feature_engineering.py for tasks to queue
[2025-07-30T22:16:37.913+0000] {logging_mixin.py:151} INFO - [2025-07-30T22:16:37.913+0000] {dagbag.py:539} INFO - Filling up the DagBag from /opt/airflow/dags/feature_engineering.py
[2025-07-30T22:16:38.081+0000] {processor.py:839} INFO - DAG(s) dict_keys(['feature_engineering_dag']) retrieved from /opt/airflow/dags/feature_engineering.py
[2025-07-30T22:16:38.097+0000] {logging_mixin.py:151} INFO - [2025-07-30T22:16:38.097+0000] {dag.py:2915} INFO - Sync 1 DAGs
[2025-07-30T22:16:38.105+0000] {logging_mixin.py:151} INFO - [2025-07-30T22:16:38.105+0000] {dag.py:3696} INFO - Setting next_dagrun for feature_engineering_dag to None, run_after=None
[2025-07-30T22:16:38.116+0000] {processor.py:179} INFO - Processing /opt/airflow/dags/feature_engineering.py took 0.206 seconds
[2025-07-30T22:17:08.202+0000] {processor.py:157} INFO - Started process (PID=148) to work on /opt/airflow/dags/feature_engineering.py
[2025-07-30T22:17:08.203+0000] {processor.py:829} INFO - Processing file /opt/airflow/dags/feature_engineering.py for tasks to queue
[2025-07-30T22:17:08.203+0000] {logging_mixin.py:151} INFO - [2025-07-30T22:17:08.203+0000] {dagbag.py:539} INFO - Filling up the DagBag from /opt/airflow/dags/feature_engineering.py
[2025-07-30T22:17:08.365+0000] {processor.py:839} INFO - DAG(s) dict_keys(['feature_engineering_dag']) retrieved from /opt/airflow/dags/feature_engineering.py
[2025-07-30T22:17:08.382+0000] {logging_mixin.py:151} INFO - [2025-07-30T22:17:08.382+0000] {dag.py:2915} INFO - Sync 1 DAGs
[2025-07-30T22:17:08.390+0000] {logging_mixin.py:151} INFO - [2025-07-30T22:17:08.389+0000] {dag.py:3696} INFO - Setting next_dagrun for feature_engineering_dag to None, run_after=None
[2025-07-30T22:17:08.400+0000] {processor.py:179} INFO - Processing /opt/airflow/dags/feature_engineering.py took 0.200 seconds
[2025-07-30T22:17:38.454+0000] {processor.py:157} INFO - Started process (PID=152) to work on /opt/airflow/dags/feature_engineering.py
[2025-07-30T22:17:38.454+0000] {processor.py:829} INFO - Processing file /opt/airflow/dags/feature_engineering.py for tasks to queue
[2025-07-30T22:17:38.455+0000] {logging_mixin.py:151} INFO - [2025-07-30T22:17:38.455+0000] {dagbag.py:539} INFO - Filling up the DagBag from /opt/airflow/dags/feature_engineering.py
[2025-07-30T22:17:38.627+0000] {processor.py:839} INFO - DAG(s) dict_keys(['feature_engineering_dag']) retrieved from /opt/airflow/dags/feature_engineering.py
[2025-07-30T22:17:38.644+0000] {logging_mixin.py:151} INFO - [2025-07-30T22:17:38.644+0000] {dag.py:2915} INFO - Sync 1 DAGs
[2025-07-30T22:17:38.652+0000] {logging_mixin.py:151} INFO - [2025-07-30T22:17:38.652+0000] {dag.py:3696} INFO - Setting next_dagrun for feature_engineering_dag to None, run_after=None
[2025-07-30T22:17:38.663+0000] {processor.py:179} INFO - Processing /opt/airflow/dags/feature_engineering.py took 0.211 seconds
[2025-07-30T22:18:08.756+0000] {processor.py:157} INFO - Started process (PID=156) to work on /opt/airflow/dags/feature_engineering.py
[2025-07-30T22:18:08.757+0000] {processor.py:829} INFO - Processing file /opt/airflow/dags/feature_engineering.py for tasks to queue
[2025-07-30T22:18:08.758+0000] {logging_mixin.py:151} INFO - [2025-07-30T22:18:08.758+0000] {dagbag.py:539} INFO - Filling up the DagBag from /opt/airflow/dags/feature_engineering.py
[2025-07-30T22:18:08.936+0000] {processor.py:839} INFO - DAG(s) dict_keys(['feature_engineering_dag']) retrieved from /opt/airflow/dags/feature_engineering.py
[2025-07-30T22:18:08.952+0000] {logging_mixin.py:151} INFO - [2025-07-30T22:18:08.952+0000] {dag.py:2915} INFO - Sync 1 DAGs
[2025-07-30T22:18:08.960+0000] {logging_mixin.py:151} INFO - [2025-07-30T22:18:08.960+0000] {dag.py:3696} INFO - Setting next_dagrun for feature_engineering_dag to None, run_after=None
[2025-07-30T22:18:08.971+0000] {processor.py:179} INFO - Processing /opt/airflow/dags/feature_engineering.py took 0.217 seconds
[2025-07-30T22:18:39.050+0000] {processor.py:157} INFO - Started process (PID=160) to work on /opt/airflow/dags/feature_engineering.py
[2025-07-30T22:18:39.051+0000] {processor.py:829} INFO - Processing file /opt/airflow/dags/feature_engineering.py for tasks to queue
[2025-07-30T22:18:39.051+0000] {logging_mixin.py:151} INFO - [2025-07-30T22:18:39.051+0000] {dagbag.py:539} INFO - Filling up the DagBag from /opt/airflow/dags/feature_engineering.py
[2025-07-30T22:18:39.243+0000] {processor.py:839} INFO - DAG(s) dict_keys(['feature_engineering_dag']) retrieved from /opt/airflow/dags/feature_engineering.py
[2025-07-30T22:18:39.261+0000] {logging_mixin.py:151} INFO - [2025-07-30T22:18:39.260+0000] {dag.py:2915} INFO - Sync 1 DAGs
[2025-07-30T22:18:39.270+0000] {logging_mixin.py:151} INFO - [2025-07-30T22:18:39.269+0000] {dag.py:3696} INFO - Setting next_dagrun for feature_engineering_dag to None, run_after=None
[2025-07-30T22:18:39.295+0000] {processor.py:179} INFO - Processing /opt/airflow/dags/feature_engineering.py took 0.248 seconds
[2025-07-30T22:19:09.353+0000] {processor.py:157} INFO - Started process (PID=164) to work on /opt/airflow/dags/feature_engineering.py
[2025-07-30T22:19:09.355+0000] {processor.py:829} INFO - Processing file /opt/airflow/dags/feature_engineering.py for tasks to queue
[2025-07-30T22:19:09.356+0000] {logging_mixin.py:151} INFO - [2025-07-30T22:19:09.356+0000] {dagbag.py:539} INFO - Filling up the DagBag from /opt/airflow/dags/feature_engineering.py
[2025-07-30T22:19:09.575+0000] {processor.py:839} INFO - DAG(s) dict_keys(['feature_engineering_dag']) retrieved from /opt/airflow/dags/feature_engineering.py
[2025-07-30T22:19:09.593+0000] {logging_mixin.py:151} INFO - [2025-07-30T22:19:09.593+0000] {dag.py:2915} INFO - Sync 1 DAGs
[2025-07-30T22:19:09.603+0000] {logging_mixin.py:151} INFO - [2025-07-30T22:19:09.603+0000] {dag.py:3696} INFO - Setting next_dagrun for feature_engineering_dag to None, run_after=None
[2025-07-30T22:19:09.617+0000] {processor.py:179} INFO - Processing /opt/airflow/dags/feature_engineering.py took 0.266 seconds
[2025-07-30T22:19:39.796+0000] {processor.py:157} INFO - Started process (PID=168) to work on /opt/airflow/dags/feature_engineering.py
[2025-07-30T22:19:39.797+0000] {processor.py:829} INFO - Processing file /opt/airflow/dags/feature_engineering.py for tasks to queue
[2025-07-30T22:19:39.797+0000] {logging_mixin.py:151} INFO - [2025-07-30T22:19:39.797+0000] {dagbag.py:539} INFO - Filling up the DagBag from /opt/airflow/dags/feature_engineering.py
[2025-07-30T22:19:39.985+0000] {processor.py:839} INFO - DAG(s) dict_keys(['feature_engineering_dag']) retrieved from /opt/airflow/dags/feature_engineering.py
[2025-07-30T22:19:40.003+0000] {logging_mixin.py:151} INFO - [2025-07-30T22:19:40.002+0000] {dag.py:2915} INFO - Sync 1 DAGs
[2025-07-30T22:19:40.011+0000] {logging_mixin.py:151} INFO - [2025-07-30T22:19:40.011+0000] {dag.py:3696} INFO - Setting next_dagrun for feature_engineering_dag to None, run_after=None
[2025-07-30T22:19:40.025+0000] {processor.py:179} INFO - Processing /opt/airflow/dags/feature_engineering.py took 0.231 seconds
[2025-07-30T22:20:10.111+0000] {processor.py:157} INFO - Started process (PID=195) to work on /opt/airflow/dags/feature_engineering.py
[2025-07-30T22:20:10.113+0000] {processor.py:829} INFO - Processing file /opt/airflow/dags/feature_engineering.py for tasks to queue
[2025-07-30T22:20:10.113+0000] {logging_mixin.py:151} INFO - [2025-07-30T22:20:10.113+0000] {dagbag.py:539} INFO - Filling up the DagBag from /opt/airflow/dags/feature_engineering.py
[2025-07-30T22:20:10.279+0000] {processor.py:839} INFO - DAG(s) dict_keys(['feature_engineering_dag']) retrieved from /opt/airflow/dags/feature_engineering.py
[2025-07-30T22:20:10.296+0000] {logging_mixin.py:151} INFO - [2025-07-30T22:20:10.295+0000] {dag.py:2915} INFO - Sync 1 DAGs
[2025-07-30T22:20:10.303+0000] {logging_mixin.py:151} INFO - [2025-07-30T22:20:10.303+0000] {dag.py:3696} INFO - Setting next_dagrun for feature_engineering_dag to None, run_after=None
[2025-07-30T22:20:10.318+0000] {processor.py:179} INFO - Processing /opt/airflow/dags/feature_engineering.py took 0.209 seconds
[2025-07-30T22:20:40.402+0000] {processor.py:157} INFO - Started process (PID=199) to work on /opt/airflow/dags/feature_engineering.py
[2025-07-30T22:20:40.403+0000] {processor.py:829} INFO - Processing file /opt/airflow/dags/feature_engineering.py for tasks to queue
[2025-07-30T22:20:40.403+0000] {logging_mixin.py:151} INFO - [2025-07-30T22:20:40.403+0000] {dagbag.py:539} INFO - Filling up the DagBag from /opt/airflow/dags/feature_engineering.py
[2025-07-30T22:20:40.579+0000] {processor.py:839} INFO - DAG(s) dict_keys(['feature_engineering_dag']) retrieved from /opt/airflow/dags/feature_engineering.py
[2025-07-30T22:20:40.595+0000] {logging_mixin.py:151} INFO - [2025-07-30T22:20:40.595+0000] {dag.py:2915} INFO - Sync 1 DAGs
[2025-07-30T22:20:40.603+0000] {logging_mixin.py:151} INFO - [2025-07-30T22:20:40.603+0000] {dag.py:3696} INFO - Setting next_dagrun for feature_engineering_dag to None, run_after=None
[2025-07-30T22:20:40.615+0000] {processor.py:179} INFO - Processing /opt/airflow/dags/feature_engineering.py took 0.216 seconds
[2025-07-30T22:21:10.804+0000] {processor.py:157} INFO - Started process (PID=203) to work on /opt/airflow/dags/feature_engineering.py
[2025-07-30T22:21:10.806+0000] {processor.py:829} INFO - Processing file /opt/airflow/dags/feature_engineering.py for tasks to queue
[2025-07-30T22:21:10.810+0000] {logging_mixin.py:151} INFO - [2025-07-30T22:21:10.810+0000] {dagbag.py:539} INFO - Filling up the DagBag from /opt/airflow/dags/feature_engineering.py
[2025-07-30T22:21:11.009+0000] {processor.py:839} INFO - DAG(s) dict_keys(['feature_engineering_dag']) retrieved from /opt/airflow/dags/feature_engineering.py
[2025-07-30T22:21:11.023+0000] {logging_mixin.py:151} INFO - [2025-07-30T22:21:11.022+0000] {dag.py:2915} INFO - Sync 1 DAGs
[2025-07-30T22:21:11.029+0000] {logging_mixin.py:151} INFO - [2025-07-30T22:21:11.029+0000] {dag.py:3696} INFO - Setting next_dagrun for feature_engineering_dag to None, run_after=None
[2025-07-30T22:21:11.041+0000] {processor.py:179} INFO - Processing /opt/airflow/dags/feature_engineering.py took 0.238 seconds
[2025-07-30T22:21:41.139+0000] {processor.py:157} INFO - Started process (PID=207) to work on /opt/airflow/dags/feature_engineering.py
[2025-07-30T22:21:41.139+0000] {processor.py:829} INFO - Processing file /opt/airflow/dags/feature_engineering.py for tasks to queue
[2025-07-30T22:21:41.141+0000] {logging_mixin.py:151} INFO - [2025-07-30T22:21:41.140+0000] {dagbag.py:539} INFO - Filling up the DagBag from /opt/airflow/dags/feature_engineering.py
[2025-07-30T22:21:41.309+0000] {processor.py:839} INFO - DAG(s) dict_keys(['feature_engineering_dag']) retrieved from /opt/airflow/dags/feature_engineering.py
[2025-07-30T22:21:41.327+0000] {logging_mixin.py:151} INFO - [2025-07-30T22:21:41.326+0000] {dag.py:2915} INFO - Sync 1 DAGs
[2025-07-30T22:21:41.336+0000] {logging_mixin.py:151} INFO - [2025-07-30T22:21:41.335+0000] {dag.py:3696} INFO - Setting next_dagrun for feature_engineering_dag to None, run_after=None
[2025-07-30T22:21:41.347+0000] {processor.py:179} INFO - Processing /opt/airflow/dags/feature_engineering.py took 0.211 seconds
[2025-07-30T22:22:11.459+0000] {processor.py:157} INFO - Started process (PID=211) to work on /opt/airflow/dags/feature_engineering.py
[2025-07-30T22:22:11.459+0000] {processor.py:829} INFO - Processing file /opt/airflow/dags/feature_engineering.py for tasks to queue
[2025-07-30T22:22:11.460+0000] {logging_mixin.py:151} INFO - [2025-07-30T22:22:11.460+0000] {dagbag.py:539} INFO - Filling up the DagBag from /opt/airflow/dags/feature_engineering.py
[2025-07-30T22:22:11.625+0000] {processor.py:839} INFO - DAG(s) dict_keys(['feature_engineering_dag']) retrieved from /opt/airflow/dags/feature_engineering.py
[2025-07-30T22:22:11.646+0000] {logging_mixin.py:151} INFO - [2025-07-30T22:22:11.645+0000] {dag.py:2915} INFO - Sync 1 DAGs
[2025-07-30T22:22:11.656+0000] {logging_mixin.py:151} INFO - [2025-07-30T22:22:11.656+0000] {dag.py:3696} INFO - Setting next_dagrun for feature_engineering_dag to None, run_after=None
[2025-07-30T22:22:11.668+0000] {processor.py:179} INFO - Processing /opt/airflow/dags/feature_engineering.py took 0.212 seconds
[2025-07-30T22:22:41.762+0000] {processor.py:157} INFO - Started process (PID=215) to work on /opt/airflow/dags/feature_engineering.py
[2025-07-30T22:22:41.762+0000] {processor.py:829} INFO - Processing file /opt/airflow/dags/feature_engineering.py for tasks to queue
[2025-07-30T22:22:41.763+0000] {logging_mixin.py:151} INFO - [2025-07-30T22:22:41.763+0000] {dagbag.py:539} INFO - Filling up the DagBag from /opt/airflow/dags/feature_engineering.py
[2025-07-30T22:22:41.917+0000] {processor.py:839} INFO - DAG(s) dict_keys(['feature_engineering_dag']) retrieved from /opt/airflow/dags/feature_engineering.py
[2025-07-30T22:22:41.930+0000] {logging_mixin.py:151} INFO - [2025-07-30T22:22:41.930+0000] {dag.py:2915} INFO - Sync 1 DAGs
[2025-07-30T22:22:41.937+0000] {logging_mixin.py:151} INFO - [2025-07-30T22:22:41.937+0000] {dag.py:3696} INFO - Setting next_dagrun for feature_engineering_dag to None, run_after=None
[2025-07-30T22:22:41.947+0000] {processor.py:179} INFO - Processing /opt/airflow/dags/feature_engineering.py took 0.187 seconds
[2025-07-30T22:23:12.078+0000] {processor.py:157} INFO - Started process (PID=219) to work on /opt/airflow/dags/feature_engineering.py
[2025-07-30T22:23:12.079+0000] {processor.py:829} INFO - Processing file /opt/airflow/dags/feature_engineering.py for tasks to queue
[2025-07-30T22:23:12.079+0000] {logging_mixin.py:151} INFO - [2025-07-30T22:23:12.079+0000] {dagbag.py:539} INFO - Filling up the DagBag from /opt/airflow/dags/feature_engineering.py
[2025-07-30T22:23:12.252+0000] {processor.py:839} INFO - DAG(s) dict_keys(['feature_engineering_dag']) retrieved from /opt/airflow/dags/feature_engineering.py
[2025-07-30T22:23:12.268+0000] {logging_mixin.py:151} INFO - [2025-07-30T22:23:12.268+0000] {dag.py:2915} INFO - Sync 1 DAGs
[2025-07-30T22:23:12.275+0000] {logging_mixin.py:151} INFO - [2025-07-30T22:23:12.275+0000] {dag.py:3696} INFO - Setting next_dagrun for feature_engineering_dag to None, run_after=None
[2025-07-30T22:23:12.285+0000] {processor.py:179} INFO - Processing /opt/airflow/dags/feature_engineering.py took 0.211 seconds
[2025-07-30T22:23:42.377+0000] {processor.py:157} INFO - Started process (PID=223) to work on /opt/airflow/dags/feature_engineering.py
[2025-07-30T22:23:42.378+0000] {processor.py:829} INFO - Processing file /opt/airflow/dags/feature_engineering.py for tasks to queue
[2025-07-30T22:23:42.379+0000] {logging_mixin.py:151} INFO - [2025-07-30T22:23:42.379+0000] {dagbag.py:539} INFO - Filling up the DagBag from /opt/airflow/dags/feature_engineering.py
[2025-07-30T22:23:42.543+0000] {processor.py:839} INFO - DAG(s) dict_keys(['feature_engineering_dag']) retrieved from /opt/airflow/dags/feature_engineering.py
[2025-07-30T22:23:42.558+0000] {logging_mixin.py:151} INFO - [2025-07-30T22:23:42.557+0000] {dag.py:2915} INFO - Sync 1 DAGs
[2025-07-30T22:23:42.567+0000] {logging_mixin.py:151} INFO - [2025-07-30T22:23:42.567+0000] {dag.py:3696} INFO - Setting next_dagrun for feature_engineering_dag to None, run_after=None
[2025-07-30T22:23:42.594+0000] {processor.py:179} INFO - Processing /opt/airflow/dags/feature_engineering.py took 0.219 seconds
[2025-07-30T22:24:12.713+0000] {processor.py:157} INFO - Started process (PID=227) to work on /opt/airflow/dags/feature_engineering.py
[2025-07-30T22:24:12.713+0000] {processor.py:829} INFO - Processing file /opt/airflow/dags/feature_engineering.py for tasks to queue
[2025-07-30T22:24:12.714+0000] {logging_mixin.py:151} INFO - [2025-07-30T22:24:12.714+0000] {dagbag.py:539} INFO - Filling up the DagBag from /opt/airflow/dags/feature_engineering.py
[2025-07-30T22:24:12.882+0000] {processor.py:839} INFO - DAG(s) dict_keys(['feature_engineering_dag']) retrieved from /opt/airflow/dags/feature_engineering.py
[2025-07-30T22:24:12.900+0000] {logging_mixin.py:151} INFO - [2025-07-30T22:24:12.900+0000] {dag.py:2915} INFO - Sync 1 DAGs
[2025-07-30T22:24:12.909+0000] {logging_mixin.py:151} INFO - [2025-07-30T22:24:12.909+0000] {dag.py:3696} INFO - Setting next_dagrun for feature_engineering_dag to None, run_after=None
[2025-07-30T22:24:12.920+0000] {processor.py:179} INFO - Processing /opt/airflow/dags/feature_engineering.py took 0.210 seconds
[2025-07-30T22:24:43.271+0000] {processor.py:157} INFO - Started process (PID=231) to work on /opt/airflow/dags/feature_engineering.py
[2025-07-30T22:24:43.272+0000] {processor.py:829} INFO - Processing file /opt/airflow/dags/feature_engineering.py for tasks to queue
[2025-07-30T22:24:43.273+0000] {logging_mixin.py:151} INFO - [2025-07-30T22:24:43.273+0000] {dagbag.py:539} INFO - Filling up the DagBag from /opt/airflow/dags/feature_engineering.py
[2025-07-30T22:24:43.461+0000] {processor.py:839} INFO - DAG(s) dict_keys(['feature_engineering_dag']) retrieved from /opt/airflow/dags/feature_engineering.py
[2025-07-30T22:24:43.479+0000] {logging_mixin.py:151} INFO - [2025-07-30T22:24:43.478+0000] {dag.py:2915} INFO - Sync 1 DAGs
[2025-07-30T22:24:43.486+0000] {logging_mixin.py:151} INFO - [2025-07-30T22:24:43.486+0000] {dag.py:3696} INFO - Setting next_dagrun for feature_engineering_dag to None, run_after=None
[2025-07-30T22:24:43.498+0000] {processor.py:179} INFO - Processing /opt/airflow/dags/feature_engineering.py took 0.229 seconds
[2025-07-30T22:25:14.611+0000] {processor.py:157} INFO - Started process (PID=235) to work on /opt/airflow/dags/feature_engineering.py
[2025-07-30T22:25:14.612+0000] {processor.py:829} INFO - Processing file /opt/airflow/dags/feature_engineering.py for tasks to queue
[2025-07-30T22:25:14.612+0000] {logging_mixin.py:151} INFO - [2025-07-30T22:25:14.612+0000] {dagbag.py:539} INFO - Filling up the DagBag from /opt/airflow/dags/feature_engineering.py
[2025-07-30T22:25:14.783+0000] {processor.py:839} INFO - DAG(s) dict_keys(['feature_engineering_dag']) retrieved from /opt/airflow/dags/feature_engineering.py
[2025-07-30T22:25:14.800+0000] {logging_mixin.py:151} INFO - [2025-07-30T22:25:14.799+0000] {dag.py:2915} INFO - Sync 1 DAGs
[2025-07-30T22:25:14.807+0000] {logging_mixin.py:151} INFO - [2025-07-30T22:25:14.807+0000] {dag.py:3696} INFO - Setting next_dagrun for feature_engineering_dag to None, run_after=None
[2025-07-30T22:25:14.818+0000] {processor.py:179} INFO - Processing /opt/airflow/dags/feature_engineering.py took 0.209 seconds
[2025-07-30T22:25:44.991+0000] {processor.py:157} INFO - Started process (PID=239) to work on /opt/airflow/dags/feature_engineering.py
[2025-07-30T22:25:44.992+0000] {processor.py:829} INFO - Processing file /opt/airflow/dags/feature_engineering.py for tasks to queue
[2025-07-30T22:25:44.994+0000] {logging_mixin.py:151} INFO - [2025-07-30T22:25:44.993+0000] {dagbag.py:539} INFO - Filling up the DagBag from /opt/airflow/dags/feature_engineering.py
[2025-07-30T22:25:45.172+0000] {processor.py:839} INFO - DAG(s) dict_keys(['feature_engineering_dag']) retrieved from /opt/airflow/dags/feature_engineering.py
[2025-07-30T22:25:45.188+0000] {logging_mixin.py:151} INFO - [2025-07-30T22:25:45.187+0000] {dag.py:2915} INFO - Sync 1 DAGs
[2025-07-30T22:25:45.195+0000] {logging_mixin.py:151} INFO - [2025-07-30T22:25:45.195+0000] {dag.py:3696} INFO - Setting next_dagrun for feature_engineering_dag to None, run_after=None
[2025-07-30T22:25:45.208+0000] {processor.py:179} INFO - Processing /opt/airflow/dags/feature_engineering.py took 0.219 seconds
[2025-07-30T22:26:15.427+0000] {processor.py:157} INFO - Started process (PID=243) to work on /opt/airflow/dags/feature_engineering.py
[2025-07-30T22:26:15.428+0000] {processor.py:829} INFO - Processing file /opt/airflow/dags/feature_engineering.py for tasks to queue
[2025-07-30T22:26:15.429+0000] {logging_mixin.py:151} INFO - [2025-07-30T22:26:15.429+0000] {dagbag.py:539} INFO - Filling up the DagBag from /opt/airflow/dags/feature_engineering.py
[2025-07-30T22:26:15.662+0000] {processor.py:839} INFO - DAG(s) dict_keys(['feature_engineering_dag']) retrieved from /opt/airflow/dags/feature_engineering.py
[2025-07-30T22:26:15.678+0000] {logging_mixin.py:151} INFO - [2025-07-30T22:26:15.677+0000] {dag.py:2915} INFO - Sync 1 DAGs
[2025-07-30T22:26:15.685+0000] {logging_mixin.py:151} INFO - [2025-07-30T22:26:15.685+0000] {dag.py:3696} INFO - Setting next_dagrun for feature_engineering_dag to None, run_after=None
[2025-07-30T22:26:15.696+0000] {processor.py:179} INFO - Processing /opt/airflow/dags/feature_engineering.py took 0.271 seconds
[2025-07-30T22:26:45.936+0000] {processor.py:157} INFO - Started process (PID=247) to work on /opt/airflow/dags/feature_engineering.py
[2025-07-30T22:26:45.937+0000] {processor.py:829} INFO - Processing file /opt/airflow/dags/feature_engineering.py for tasks to queue
[2025-07-30T22:26:45.937+0000] {logging_mixin.py:151} INFO - [2025-07-30T22:26:45.937+0000] {dagbag.py:539} INFO - Filling up the DagBag from /opt/airflow/dags/feature_engineering.py
[2025-07-30T22:26:46.108+0000] {processor.py:839} INFO - DAG(s) dict_keys(['feature_engineering_dag']) retrieved from /opt/airflow/dags/feature_engineering.py
[2025-07-30T22:26:46.124+0000] {logging_mixin.py:151} INFO - [2025-07-30T22:26:46.124+0000] {dag.py:2915} INFO - Sync 1 DAGs
[2025-07-30T22:26:46.132+0000] {logging_mixin.py:151} INFO - [2025-07-30T22:26:46.132+0000] {dag.py:3696} INFO - Setting next_dagrun for feature_engineering_dag to None, run_after=None
[2025-07-30T22:26:46.143+0000] {processor.py:179} INFO - Processing /opt/airflow/dags/feature_engineering.py took 0.210 seconds
[2025-07-30T22:27:16.309+0000] {processor.py:157} INFO - Started process (PID=251) to work on /opt/airflow/dags/feature_engineering.py
[2025-07-30T22:27:16.310+0000] {processor.py:829} INFO - Processing file /opt/airflow/dags/feature_engineering.py for tasks to queue
[2025-07-30T22:27:16.311+0000] {logging_mixin.py:151} INFO - [2025-07-30T22:27:16.311+0000] {dagbag.py:539} INFO - Filling up the DagBag from /opt/airflow/dags/feature_engineering.py
[2025-07-30T22:27:16.487+0000] {processor.py:839} INFO - DAG(s) dict_keys(['feature_engineering_dag']) retrieved from /opt/airflow/dags/feature_engineering.py
[2025-07-30T22:27:16.502+0000] {logging_mixin.py:151} INFO - [2025-07-30T22:27:16.502+0000] {dag.py:2915} INFO - Sync 1 DAGs
[2025-07-30T22:27:16.510+0000] {logging_mixin.py:151} INFO - [2025-07-30T22:27:16.510+0000] {dag.py:3696} INFO - Setting next_dagrun for feature_engineering_dag to None, run_after=None
[2025-07-30T22:27:16.521+0000] {processor.py:179} INFO - Processing /opt/airflow/dags/feature_engineering.py took 0.219 seconds
[2025-07-30T22:27:46.576+0000] {processor.py:157} INFO - Started process (PID=255) to work on /opt/airflow/dags/feature_engineering.py
[2025-07-30T22:27:46.577+0000] {processor.py:829} INFO - Processing file /opt/airflow/dags/feature_engineering.py for tasks to queue
[2025-07-30T22:27:46.578+0000] {logging_mixin.py:151} INFO - [2025-07-30T22:27:46.578+0000] {dagbag.py:539} INFO - Filling up the DagBag from /opt/airflow/dags/feature_engineering.py
[2025-07-30T22:27:46.754+0000] {processor.py:839} INFO - DAG(s) dict_keys(['feature_engineering_dag']) retrieved from /opt/airflow/dags/feature_engineering.py
[2025-07-30T22:27:46.770+0000] {logging_mixin.py:151} INFO - [2025-07-30T22:27:46.769+0000] {dag.py:2915} INFO - Sync 1 DAGs
[2025-07-30T22:27:46.777+0000] {logging_mixin.py:151} INFO - [2025-07-30T22:27:46.777+0000] {dag.py:3696} INFO - Setting next_dagrun for feature_engineering_dag to None, run_after=None
[2025-07-30T22:27:46.787+0000] {processor.py:179} INFO - Processing /opt/airflow/dags/feature_engineering.py took 0.213 seconds
[2025-07-30T22:28:17.078+0000] {processor.py:157} INFO - Started process (PID=259) to work on /opt/airflow/dags/feature_engineering.py
[2025-07-30T22:28:17.082+0000] {processor.py:829} INFO - Processing file /opt/airflow/dags/feature_engineering.py for tasks to queue
[2025-07-30T22:28:17.083+0000] {logging_mixin.py:151} INFO - [2025-07-30T22:28:17.083+0000] {dagbag.py:539} INFO - Filling up the DagBag from /opt/airflow/dags/feature_engineering.py
[2025-07-30T22:28:17.322+0000] {processor.py:839} INFO - DAG(s) dict_keys(['feature_engineering_dag']) retrieved from /opt/airflow/dags/feature_engineering.py
[2025-07-30T22:28:17.340+0000] {logging_mixin.py:151} INFO - [2025-07-30T22:28:17.339+0000] {dag.py:2915} INFO - Sync 1 DAGs
[2025-07-30T22:28:17.347+0000] {logging_mixin.py:151} INFO - [2025-07-30T22:28:17.347+0000] {dag.py:3696} INFO - Setting next_dagrun for feature_engineering_dag to None, run_after=None
[2025-07-30T22:28:17.359+0000] {processor.py:179} INFO - Processing /opt/airflow/dags/feature_engineering.py took 0.283 seconds
[2025-07-30T22:28:47.383+0000] {processor.py:157} INFO - Started process (PID=263) to work on /opt/airflow/dags/feature_engineering.py
[2025-07-30T22:28:47.384+0000] {processor.py:829} INFO - Processing file /opt/airflow/dags/feature_engineering.py for tasks to queue
[2025-07-30T22:28:47.385+0000] {logging_mixin.py:151} INFO - [2025-07-30T22:28:47.384+0000] {dagbag.py:539} INFO - Filling up the DagBag from /opt/airflow/dags/feature_engineering.py
[2025-07-30T22:28:47.560+0000] {processor.py:839} INFO - DAG(s) dict_keys(['feature_engineering_dag']) retrieved from /opt/airflow/dags/feature_engineering.py
[2025-07-30T22:28:47.578+0000] {logging_mixin.py:151} INFO - [2025-07-30T22:28:47.577+0000] {dag.py:2915} INFO - Sync 1 DAGs
[2025-07-30T22:28:47.586+0000] {logging_mixin.py:151} INFO - [2025-07-30T22:28:47.586+0000] {dag.py:3696} INFO - Setting next_dagrun for feature_engineering_dag to None, run_after=None
[2025-07-30T22:28:47.598+0000] {processor.py:179} INFO - Processing /opt/airflow/dags/feature_engineering.py took 0.218 seconds
[2025-07-30T22:29:17.785+0000] {processor.py:157} INFO - Started process (PID=267) to work on /opt/airflow/dags/feature_engineering.py
[2025-07-30T22:29:17.786+0000] {processor.py:829} INFO - Processing file /opt/airflow/dags/feature_engineering.py for tasks to queue
[2025-07-30T22:29:17.786+0000] {logging_mixin.py:151} INFO - [2025-07-30T22:29:17.786+0000] {dagbag.py:539} INFO - Filling up the DagBag from /opt/airflow/dags/feature_engineering.py
[2025-07-30T22:29:17.980+0000] {processor.py:839} INFO - DAG(s) dict_keys(['feature_engineering_dag']) retrieved from /opt/airflow/dags/feature_engineering.py
[2025-07-30T22:29:17.997+0000] {logging_mixin.py:151} INFO - [2025-07-30T22:29:17.997+0000] {dag.py:2915} INFO - Sync 1 DAGs
[2025-07-30T22:29:18.006+0000] {logging_mixin.py:151} INFO - [2025-07-30T22:29:18.006+0000] {dag.py:3696} INFO - Setting next_dagrun for feature_engineering_dag to None, run_after=None
[2025-07-30T22:29:18.017+0000] {processor.py:179} INFO - Processing /opt/airflow/dags/feature_engineering.py took 0.234 seconds
[2025-07-30T22:29:48.271+0000] {processor.py:157} INFO - Started process (PID=273) to work on /opt/airflow/dags/feature_engineering.py
[2025-07-30T22:29:48.272+0000] {processor.py:829} INFO - Processing file /opt/airflow/dags/feature_engineering.py for tasks to queue
[2025-07-30T22:29:48.272+0000] {logging_mixin.py:151} INFO - [2025-07-30T22:29:48.272+0000] {dagbag.py:539} INFO - Filling up the DagBag from /opt/airflow/dags/feature_engineering.py
[2025-07-30T22:29:48.440+0000] {processor.py:839} INFO - DAG(s) dict_keys(['feature_engineering_dag']) retrieved from /opt/airflow/dags/feature_engineering.py
[2025-07-30T22:29:48.454+0000] {logging_mixin.py:151} INFO - [2025-07-30T22:29:48.454+0000] {dag.py:2915} INFO - Sync 1 DAGs
[2025-07-30T22:29:48.461+0000] {logging_mixin.py:151} INFO - [2025-07-30T22:29:48.460+0000] {dag.py:3696} INFO - Setting next_dagrun for feature_engineering_dag to None, run_after=None
[2025-07-30T22:29:48.470+0000] {processor.py:179} INFO - Processing /opt/airflow/dags/feature_engineering.py took 0.202 seconds
[2025-07-30T22:30:18.624+0000] {processor.py:157} INFO - Started process (PID=277) to work on /opt/airflow/dags/feature_engineering.py
[2025-07-30T22:30:18.625+0000] {processor.py:829} INFO - Processing file /opt/airflow/dags/feature_engineering.py for tasks to queue
[2025-07-30T22:30:18.626+0000] {logging_mixin.py:151} INFO - [2025-07-30T22:30:18.625+0000] {dagbag.py:539} INFO - Filling up the DagBag from /opt/airflow/dags/feature_engineering.py
[2025-07-30T22:30:18.804+0000] {processor.py:839} INFO - DAG(s) dict_keys(['feature_engineering_dag']) retrieved from /opt/airflow/dags/feature_engineering.py
[2025-07-30T22:30:18.821+0000] {logging_mixin.py:151} INFO - [2025-07-30T22:30:18.820+0000] {dag.py:2915} INFO - Sync 1 DAGs
[2025-07-30T22:30:18.830+0000] {logging_mixin.py:151} INFO - [2025-07-30T22:30:18.830+0000] {dag.py:3696} INFO - Setting next_dagrun for feature_engineering_dag to None, run_after=None
[2025-07-30T22:30:18.842+0000] {processor.py:179} INFO - Processing /opt/airflow/dags/feature_engineering.py took 0.221 seconds
[2025-07-30T22:30:49.033+0000] {processor.py:157} INFO - Started process (PID=279) to work on /opt/airflow/dags/feature_engineering.py
[2025-07-30T22:30:49.033+0000] {processor.py:829} INFO - Processing file /opt/airflow/dags/feature_engineering.py for tasks to queue
[2025-07-30T22:30:49.034+0000] {logging_mixin.py:151} INFO - [2025-07-30T22:30:49.034+0000] {dagbag.py:539} INFO - Filling up the DagBag from /opt/airflow/dags/feature_engineering.py
[2025-07-30T22:30:49.209+0000] {processor.py:839} INFO - DAG(s) dict_keys(['feature_engineering_dag']) retrieved from /opt/airflow/dags/feature_engineering.py
[2025-07-30T22:30:49.227+0000] {logging_mixin.py:151} INFO - [2025-07-30T22:30:49.227+0000] {dag.py:2915} INFO - Sync 1 DAGs
[2025-07-30T22:30:49.234+0000] {logging_mixin.py:151} INFO - [2025-07-30T22:30:49.234+0000] {dag.py:3696} INFO - Setting next_dagrun for feature_engineering_dag to None, run_after=None
[2025-07-30T22:30:49.245+0000] {processor.py:179} INFO - Processing /opt/airflow/dags/feature_engineering.py took 0.215 seconds
[2025-07-30T22:31:19.412+0000] {processor.py:157} INFO - Started process (PID=283) to work on /opt/airflow/dags/feature_engineering.py
[2025-07-30T22:31:19.413+0000] {processor.py:829} INFO - Processing file /opt/airflow/dags/feature_engineering.py for tasks to queue
[2025-07-30T22:31:19.413+0000] {logging_mixin.py:151} INFO - [2025-07-30T22:31:19.413+0000] {dagbag.py:539} INFO - Filling up the DagBag from /opt/airflow/dags/feature_engineering.py
[2025-07-30T22:31:19.582+0000] {processor.py:839} INFO - DAG(s) dict_keys(['feature_engineering_dag']) retrieved from /opt/airflow/dags/feature_engineering.py
[2025-07-30T22:31:19.600+0000] {logging_mixin.py:151} INFO - [2025-07-30T22:31:19.599+0000] {dag.py:2915} INFO - Sync 1 DAGs
[2025-07-30T22:31:19.607+0000] {logging_mixin.py:151} INFO - [2025-07-30T22:31:19.607+0000] {dag.py:3696} INFO - Setting next_dagrun for feature_engineering_dag to None, run_after=None
[2025-07-30T22:31:19.617+0000] {processor.py:179} INFO - Processing /opt/airflow/dags/feature_engineering.py took 0.207 seconds
[2025-07-30T22:31:49.825+0000] {processor.py:157} INFO - Started process (PID=287) to work on /opt/airflow/dags/feature_engineering.py
[2025-07-30T22:31:49.825+0000] {processor.py:829} INFO - Processing file /opt/airflow/dags/feature_engineering.py for tasks to queue
[2025-07-30T22:31:49.826+0000] {logging_mixin.py:151} INFO - [2025-07-30T22:31:49.826+0000] {dagbag.py:539} INFO - Filling up the DagBag from /opt/airflow/dags/feature_engineering.py
[2025-07-30T22:31:49.990+0000] {processor.py:839} INFO - DAG(s) dict_keys(['feature_engineering_dag']) retrieved from /opt/airflow/dags/feature_engineering.py
[2025-07-30T22:31:50.008+0000] {logging_mixin.py:151} INFO - [2025-07-30T22:31:50.008+0000] {dag.py:2915} INFO - Sync 1 DAGs
[2025-07-30T22:31:50.016+0000] {logging_mixin.py:151} INFO - [2025-07-30T22:31:50.016+0000] {dag.py:3696} INFO - Setting next_dagrun for feature_engineering_dag to None, run_after=None
[2025-07-30T22:31:50.028+0000] {processor.py:179} INFO - Processing /opt/airflow/dags/feature_engineering.py took 0.205 seconds
[2025-07-30T22:32:20.300+0000] {processor.py:157} INFO - Started process (PID=291) to work on /opt/airflow/dags/feature_engineering.py
[2025-07-30T22:32:20.302+0000] {processor.py:829} INFO - Processing file /opt/airflow/dags/feature_engineering.py for tasks to queue
[2025-07-30T22:32:20.303+0000] {logging_mixin.py:151} INFO - [2025-07-30T22:32:20.302+0000] {dagbag.py:539} INFO - Filling up the DagBag from /opt/airflow/dags/feature_engineering.py
[2025-07-30T22:32:20.494+0000] {processor.py:839} INFO - DAG(s) dict_keys(['feature_engineering_dag']) retrieved from /opt/airflow/dags/feature_engineering.py
[2025-07-30T22:32:20.512+0000] {logging_mixin.py:151} INFO - [2025-07-30T22:32:20.512+0000] {dag.py:2915} INFO - Sync 1 DAGs
[2025-07-30T22:32:20.521+0000] {logging_mixin.py:151} INFO - [2025-07-30T22:32:20.520+0000] {dag.py:3696} INFO - Setting next_dagrun for feature_engineering_dag to None, run_after=None
[2025-07-30T22:32:20.532+0000] {processor.py:179} INFO - Processing /opt/airflow/dags/feature_engineering.py took 0.236 seconds
[2025-07-30T22:32:50.779+0000] {processor.py:157} INFO - Started process (PID=295) to work on /opt/airflow/dags/feature_engineering.py
[2025-07-30T22:32:50.780+0000] {processor.py:829} INFO - Processing file /opt/airflow/dags/feature_engineering.py for tasks to queue
[2025-07-30T22:32:50.781+0000] {logging_mixin.py:151} INFO - [2025-07-30T22:32:50.781+0000] {dagbag.py:539} INFO - Filling up the DagBag from /opt/airflow/dags/feature_engineering.py
[2025-07-30T22:32:50.956+0000] {processor.py:839} INFO - DAG(s) dict_keys(['feature_engineering_dag']) retrieved from /opt/airflow/dags/feature_engineering.py
[2025-07-30T22:32:50.972+0000] {logging_mixin.py:151} INFO - [2025-07-30T22:32:50.972+0000] {dag.py:2915} INFO - Sync 1 DAGs
[2025-07-30T22:32:50.980+0000] {logging_mixin.py:151} INFO - [2025-07-30T22:32:50.980+0000] {dag.py:3696} INFO - Setting next_dagrun for feature_engineering_dag to None, run_after=None
[2025-07-30T22:32:50.991+0000] {processor.py:179} INFO - Processing /opt/airflow/dags/feature_engineering.py took 0.214 seconds
[2025-07-30T22:33:21.196+0000] {processor.py:157} INFO - Started process (PID=299) to work on /opt/airflow/dags/feature_engineering.py
[2025-07-30T22:33:21.196+0000] {processor.py:829} INFO - Processing file /opt/airflow/dags/feature_engineering.py for tasks to queue
[2025-07-30T22:33:21.197+0000] {logging_mixin.py:151} INFO - [2025-07-30T22:33:21.197+0000] {dagbag.py:539} INFO - Filling up the DagBag from /opt/airflow/dags/feature_engineering.py
[2025-07-30T22:33:21.375+0000] {processor.py:839} INFO - DAG(s) dict_keys(['feature_engineering_dag']) retrieved from /opt/airflow/dags/feature_engineering.py
[2025-07-30T22:33:21.390+0000] {logging_mixin.py:151} INFO - [2025-07-30T22:33:21.389+0000] {dag.py:2915} INFO - Sync 1 DAGs
[2025-07-30T22:33:21.397+0000] {logging_mixin.py:151} INFO - [2025-07-30T22:33:21.397+0000] {dag.py:3696} INFO - Setting next_dagrun for feature_engineering_dag to None, run_after=None
[2025-07-30T22:33:21.408+0000] {processor.py:179} INFO - Processing /opt/airflow/dags/feature_engineering.py took 0.215 seconds
[2025-07-30T22:33:51.680+0000] {processor.py:157} INFO - Started process (PID=303) to work on /opt/airflow/dags/feature_engineering.py
[2025-07-30T22:33:51.680+0000] {processor.py:829} INFO - Processing file /opt/airflow/dags/feature_engineering.py for tasks to queue
[2025-07-30T22:33:51.681+0000] {logging_mixin.py:151} INFO - [2025-07-30T22:33:51.681+0000] {dagbag.py:539} INFO - Filling up the DagBag from /opt/airflow/dags/feature_engineering.py
[2025-07-30T22:33:51.934+0000] {processor.py:839} INFO - DAG(s) dict_keys(['feature_engineering_dag']) retrieved from /opt/airflow/dags/feature_engineering.py
[2025-07-30T22:33:51.952+0000] {logging_mixin.py:151} INFO - [2025-07-30T22:33:51.952+0000] {dag.py:2915} INFO - Sync 1 DAGs
[2025-07-30T22:33:51.960+0000] {logging_mixin.py:151} INFO - [2025-07-30T22:33:51.960+0000] {dag.py:3696} INFO - Setting next_dagrun for feature_engineering_dag to None, run_after=None
[2025-07-30T22:33:51.970+0000] {processor.py:179} INFO - Processing /opt/airflow/dags/feature_engineering.py took 0.293 seconds
[2025-07-30T22:34:22.217+0000] {processor.py:157} INFO - Started process (PID=307) to work on /opt/airflow/dags/feature_engineering.py
[2025-07-30T22:34:22.218+0000] {processor.py:829} INFO - Processing file /opt/airflow/dags/feature_engineering.py for tasks to queue
[2025-07-30T22:34:22.218+0000] {logging_mixin.py:151} INFO - [2025-07-30T22:34:22.218+0000] {dagbag.py:539} INFO - Filling up the DagBag from /opt/airflow/dags/feature_engineering.py
[2025-07-30T22:34:22.391+0000] {processor.py:839} INFO - DAG(s) dict_keys(['feature_engineering_dag']) retrieved from /opt/airflow/dags/feature_engineering.py
[2025-07-30T22:34:22.408+0000] {logging_mixin.py:151} INFO - [2025-07-30T22:34:22.408+0000] {dag.py:2915} INFO - Sync 1 DAGs
[2025-07-30T22:34:22.415+0000] {logging_mixin.py:151} INFO - [2025-07-30T22:34:22.415+0000] {dag.py:3696} INFO - Setting next_dagrun for feature_engineering_dag to None, run_after=None
[2025-07-30T22:34:22.427+0000] {processor.py:179} INFO - Processing /opt/airflow/dags/feature_engineering.py took 0.212 seconds
[2025-07-30T22:34:52.489+0000] {processor.py:157} INFO - Started process (PID=311) to work on /opt/airflow/dags/feature_engineering.py
[2025-07-30T22:34:52.489+0000] {processor.py:829} INFO - Processing file /opt/airflow/dags/feature_engineering.py for tasks to queue
[2025-07-30T22:34:52.490+0000] {logging_mixin.py:151} INFO - [2025-07-30T22:34:52.490+0000] {dagbag.py:539} INFO - Filling up the DagBag from /opt/airflow/dags/feature_engineering.py
[2025-07-30T22:34:52.735+0000] {processor.py:839} INFO - DAG(s) dict_keys(['feature_engineering_dag']) retrieved from /opt/airflow/dags/feature_engineering.py
[2025-07-30T22:34:52.754+0000] {logging_mixin.py:151} INFO - [2025-07-30T22:34:52.754+0000] {dag.py:2915} INFO - Sync 1 DAGs
[2025-07-30T22:34:52.761+0000] {logging_mixin.py:151} INFO - [2025-07-30T22:34:52.761+0000] {dag.py:3696} INFO - Setting next_dagrun for feature_engineering_dag to None, run_after=None
[2025-07-30T22:34:52.772+0000] {processor.py:179} INFO - Processing /opt/airflow/dags/feature_engineering.py took 0.285 seconds
[2025-07-30T22:35:22.822+0000] {processor.py:157} INFO - Started process (PID=315) to work on /opt/airflow/dags/feature_engineering.py
[2025-07-30T22:35:22.822+0000] {processor.py:829} INFO - Processing file /opt/airflow/dags/feature_engineering.py for tasks to queue
[2025-07-30T22:35:22.823+0000] {logging_mixin.py:151} INFO - [2025-07-30T22:35:22.823+0000] {dagbag.py:539} INFO - Filling up the DagBag from /opt/airflow/dags/feature_engineering.py
[2025-07-30T22:35:22.987+0000] {processor.py:839} INFO - DAG(s) dict_keys(['feature_engineering_dag']) retrieved from /opt/airflow/dags/feature_engineering.py
[2025-07-30T22:35:23.003+0000] {logging_mixin.py:151} INFO - [2025-07-30T22:35:23.003+0000] {dag.py:2915} INFO - Sync 1 DAGs
[2025-07-30T22:35:23.011+0000] {logging_mixin.py:151} INFO - [2025-07-30T22:35:23.011+0000] {dag.py:3696} INFO - Setting next_dagrun for feature_engineering_dag to None, run_after=None
[2025-07-30T22:35:23.024+0000] {processor.py:179} INFO - Processing /opt/airflow/dags/feature_engineering.py took 0.204 seconds
[2025-07-30T22:35:53.172+0000] {processor.py:157} INFO - Started process (PID=319) to work on /opt/airflow/dags/feature_engineering.py
[2025-07-30T22:35:53.173+0000] {processor.py:829} INFO - Processing file /opt/airflow/dags/feature_engineering.py for tasks to queue
[2025-07-30T22:35:53.174+0000] {logging_mixin.py:151} INFO - [2025-07-30T22:35:53.173+0000] {dagbag.py:539} INFO - Filling up the DagBag from /opt/airflow/dags/feature_engineering.py
[2025-07-30T22:35:53.334+0000] {processor.py:839} INFO - DAG(s) dict_keys(['feature_engineering_dag']) retrieved from /opt/airflow/dags/feature_engineering.py
[2025-07-30T22:35:53.350+0000] {logging_mixin.py:151} INFO - [2025-07-30T22:35:53.349+0000] {dag.py:2915} INFO - Sync 1 DAGs
[2025-07-30T22:35:53.358+0000] {logging_mixin.py:151} INFO - [2025-07-30T22:35:53.358+0000] {dag.py:3696} INFO - Setting next_dagrun for feature_engineering_dag to None, run_after=None
[2025-07-30T22:35:53.369+0000] {processor.py:179} INFO - Processing /opt/airflow/dags/feature_engineering.py took 0.199 seconds
[2025-07-30T22:36:23.394+0000] {processor.py:157} INFO - Started process (PID=323) to work on /opt/airflow/dags/feature_engineering.py
[2025-07-30T22:36:23.394+0000] {processor.py:829} INFO - Processing file /opt/airflow/dags/feature_engineering.py for tasks to queue
[2025-07-30T22:36:23.395+0000] {logging_mixin.py:151} INFO - [2025-07-30T22:36:23.395+0000] {dagbag.py:539} INFO - Filling up the DagBag from /opt/airflow/dags/feature_engineering.py
[2025-07-30T22:36:23.562+0000] {processor.py:839} INFO - DAG(s) dict_keys(['feature_engineering_dag']) retrieved from /opt/airflow/dags/feature_engineering.py
[2025-07-30T22:36:23.577+0000] {logging_mixin.py:151} INFO - [2025-07-30T22:36:23.576+0000] {dag.py:2915} INFO - Sync 1 DAGs
[2025-07-30T22:36:23.585+0000] {logging_mixin.py:151} INFO - [2025-07-30T22:36:23.585+0000] {dag.py:3696} INFO - Setting next_dagrun for feature_engineering_dag to None, run_after=None
[2025-07-30T22:36:23.595+0000] {processor.py:179} INFO - Processing /opt/airflow/dags/feature_engineering.py took 0.203 seconds
[2025-07-30T22:36:54.746+0000] {processor.py:157} INFO - Started process (PID=327) to work on /opt/airflow/dags/feature_engineering.py
[2025-07-30T22:36:54.746+0000] {processor.py:829} INFO - Processing file /opt/airflow/dags/feature_engineering.py for tasks to queue
[2025-07-30T22:36:54.747+0000] {logging_mixin.py:151} INFO - [2025-07-30T22:36:54.747+0000] {dagbag.py:539} INFO - Filling up the DagBag from /opt/airflow/dags/feature_engineering.py
[2025-07-30T22:36:54.915+0000] {processor.py:839} INFO - DAG(s) dict_keys(['feature_engineering_dag']) retrieved from /opt/airflow/dags/feature_engineering.py
[2025-07-30T22:36:54.931+0000] {logging_mixin.py:151} INFO - [2025-07-30T22:36:54.931+0000] {dag.py:2915} INFO - Sync 1 DAGs
[2025-07-30T22:36:54.938+0000] {logging_mixin.py:151} INFO - [2025-07-30T22:36:54.937+0000] {dag.py:3696} INFO - Setting next_dagrun for feature_engineering_dag to None, run_after=None
[2025-07-30T22:36:54.991+0000] {processor.py:179} INFO - Processing /opt/airflow/dags/feature_engineering.py took 0.248 seconds
