[2025-07-30T21:56:34.619+0000] {processor.py:157} INFO - Started process (PID=41) to work on /opt/airflow/dags/fraud_pipeline_dag.py
[2025-07-30T21:56:34.620+0000] {processor.py:829} INFO - Processing file /opt/airflow/dags/fraud_pipeline_dag.py for tasks to queue
[2025-07-30T21:56:34.620+0000] {logging_mixin.py:151} INFO - [2025-07-30T21:56:34.620+0000] {dagbag.py:539} INFO - Filling up the DagBag from /opt/airflow/dags/fraud_pipeline_dag.py
[2025-07-30T21:56:35.400+0000] {logging_mixin.py:151} INFO - [2025-07-30T21:56:35.400+0000] {fraud_pipeline_dag.py:19} INFO - Found 183 pkl files
[2025-07-30T21:56:35.404+0000] {processor.py:839} INFO - DAG(s) dict_keys(['fraud_detection_pipeline']) retrieved from /opt/airflow/dags/fraud_pipeline_dag.py
[2025-07-30T21:56:35.429+0000] {logging_mixin.py:151} INFO - [2025-07-30T21:56:35.429+0000] {dag.py:2915} INFO - Sync 1 DAGs
[2025-07-30T21:56:35.436+0000] {logging_mixin.py:151} INFO - [2025-07-30T21:56:35.436+0000] {dag.py:3696} INFO - Setting next_dagrun for fraud_detection_pipeline to None, run_after=None
[2025-07-30T21:56:35.447+0000] {processor.py:179} INFO - Processing /opt/airflow/dags/fraud_pipeline_dag.py took 0.830 seconds
[2025-07-30T21:57:05.516+0000] {processor.py:157} INFO - Started process (PID=45) to work on /opt/airflow/dags/fraud_pipeline_dag.py
[2025-07-30T21:57:05.517+0000] {processor.py:829} INFO - Processing file /opt/airflow/dags/fraud_pipeline_dag.py for tasks to queue
[2025-07-30T21:57:05.517+0000] {logging_mixin.py:151} INFO - [2025-07-30T21:57:05.517+0000] {dagbag.py:539} INFO - Filling up the DagBag from /opt/airflow/dags/fraud_pipeline_dag.py
[2025-07-30T21:57:05.784+0000] {logging_mixin.py:151} INFO - [2025-07-30T21:57:05.784+0000] {fraud_pipeline_dag.py:19} INFO - Found 183 pkl files
[2025-07-30T21:57:05.787+0000] {processor.py:839} INFO - DAG(s) dict_keys(['fraud_detection_pipeline']) retrieved from /opt/airflow/dags/fraud_pipeline_dag.py
[2025-07-30T21:57:05.800+0000] {logging_mixin.py:151} INFO - [2025-07-30T21:57:05.800+0000] {dag.py:2915} INFO - Sync 1 DAGs
[2025-07-30T21:57:05.806+0000] {logging_mixin.py:151} INFO - [2025-07-30T21:57:05.806+0000] {dag.py:3696} INFO - Setting next_dagrun for fraud_detection_pipeline to None, run_after=None
[2025-07-30T21:57:05.817+0000] {processor.py:179} INFO - Processing /opt/airflow/dags/fraud_pipeline_dag.py took 0.302 seconds
[2025-07-30T21:57:36.434+0000] {processor.py:157} INFO - Started process (PID=49) to work on /opt/airflow/dags/fraud_pipeline_dag.py
[2025-07-30T21:57:36.435+0000] {processor.py:829} INFO - Processing file /opt/airflow/dags/fraud_pipeline_dag.py for tasks to queue
[2025-07-30T21:57:36.436+0000] {logging_mixin.py:151} INFO - [2025-07-30T21:57:36.435+0000] {dagbag.py:539} INFO - Filling up the DagBag from /opt/airflow/dags/fraud_pipeline_dag.py
[2025-07-30T21:57:36.690+0000] {logging_mixin.py:151} INFO - [2025-07-30T21:57:36.689+0000] {fraud_pipeline_dag.py:19} INFO - Found 183 pkl files
[2025-07-30T21:57:36.692+0000] {processor.py:839} INFO - DAG(s) dict_keys(['fraud_detection_pipeline']) retrieved from /opt/airflow/dags/fraud_pipeline_dag.py
[2025-07-30T21:57:36.706+0000] {logging_mixin.py:151} INFO - [2025-07-30T21:57:36.705+0000] {dag.py:2915} INFO - Sync 1 DAGs
[2025-07-30T21:57:36.712+0000] {logging_mixin.py:151} INFO - [2025-07-30T21:57:36.712+0000] {dag.py:3696} INFO - Setting next_dagrun for fraud_detection_pipeline to None, run_after=None
[2025-07-30T21:57:36.722+0000] {processor.py:179} INFO - Processing /opt/airflow/dags/fraud_pipeline_dag.py took 0.290 seconds
[2025-07-30T21:58:07.746+0000] {processor.py:157} INFO - Started process (PID=53) to work on /opt/airflow/dags/fraud_pipeline_dag.py
[2025-07-30T21:58:07.747+0000] {processor.py:829} INFO - Processing file /opt/airflow/dags/fraud_pipeline_dag.py for tasks to queue
[2025-07-30T21:58:07.748+0000] {logging_mixin.py:151} INFO - [2025-07-30T21:58:07.747+0000] {dagbag.py:539} INFO - Filling up the DagBag from /opt/airflow/dags/fraud_pipeline_dag.py
[2025-07-30T21:58:08.003+0000] {logging_mixin.py:151} INFO - [2025-07-30T21:58:08.003+0000] {fraud_pipeline_dag.py:19} INFO - Found 183 pkl files
[2025-07-30T21:58:08.006+0000] {processor.py:839} INFO - DAG(s) dict_keys(['fraud_detection_pipeline']) retrieved from /opt/airflow/dags/fraud_pipeline_dag.py
[2025-07-30T21:58:08.026+0000] {logging_mixin.py:151} INFO - [2025-07-30T21:58:08.025+0000] {dag.py:2915} INFO - Sync 1 DAGs
[2025-07-30T21:58:08.034+0000] {logging_mixin.py:151} INFO - [2025-07-30T21:58:08.033+0000] {dag.py:3696} INFO - Setting next_dagrun for fraud_detection_pipeline to None, run_after=None
[2025-07-30T21:58:08.046+0000] {processor.py:179} INFO - Processing /opt/airflow/dags/fraud_pipeline_dag.py took 0.301 seconds
[2025-07-30T21:58:38.181+0000] {processor.py:157} INFO - Started process (PID=57) to work on /opt/airflow/dags/fraud_pipeline_dag.py
[2025-07-30T21:58:38.181+0000] {processor.py:829} INFO - Processing file /opt/airflow/dags/fraud_pipeline_dag.py for tasks to queue
[2025-07-30T21:58:38.182+0000] {logging_mixin.py:151} INFO - [2025-07-30T21:58:38.182+0000] {dagbag.py:539} INFO - Filling up the DagBag from /opt/airflow/dags/fraud_pipeline_dag.py
[2025-07-30T21:58:38.424+0000] {logging_mixin.py:151} INFO - [2025-07-30T21:58:38.424+0000] {fraud_pipeline_dag.py:19} INFO - Found 183 pkl files
[2025-07-30T21:58:38.426+0000] {processor.py:839} INFO - DAG(s) dict_keys(['fraud_detection_pipeline']) retrieved from /opt/airflow/dags/fraud_pipeline_dag.py
[2025-07-30T21:58:38.439+0000] {logging_mixin.py:151} INFO - [2025-07-30T21:58:38.438+0000] {dag.py:2915} INFO - Sync 1 DAGs
[2025-07-30T21:58:38.444+0000] {logging_mixin.py:151} INFO - [2025-07-30T21:58:38.444+0000] {dag.py:3696} INFO - Setting next_dagrun for fraud_detection_pipeline to None, run_after=None
[2025-07-30T21:58:38.454+0000] {processor.py:179} INFO - Processing /opt/airflow/dags/fraud_pipeline_dag.py took 0.275 seconds
[2025-07-30T21:59:09.158+0000] {processor.py:157} INFO - Started process (PID=61) to work on /opt/airflow/dags/fraud_pipeline_dag.py
[2025-07-30T21:59:09.159+0000] {processor.py:829} INFO - Processing file /opt/airflow/dags/fraud_pipeline_dag.py for tasks to queue
[2025-07-30T21:59:09.159+0000] {logging_mixin.py:151} INFO - [2025-07-30T21:59:09.159+0000] {dagbag.py:539} INFO - Filling up the DagBag from /opt/airflow/dags/fraud_pipeline_dag.py
[2025-07-30T21:59:09.437+0000] {logging_mixin.py:151} INFO - [2025-07-30T21:59:09.437+0000] {fraud_pipeline_dag.py:19} INFO - Found 183 pkl files
[2025-07-30T21:59:09.440+0000] {processor.py:839} INFO - DAG(s) dict_keys(['fraud_detection_pipeline']) retrieved from /opt/airflow/dags/fraud_pipeline_dag.py
[2025-07-30T21:59:09.453+0000] {logging_mixin.py:151} INFO - [2025-07-30T21:59:09.452+0000] {dag.py:2915} INFO - Sync 1 DAGs
[2025-07-30T21:59:09.460+0000] {logging_mixin.py:151} INFO - [2025-07-30T21:59:09.459+0000] {dag.py:3696} INFO - Setting next_dagrun for fraud_detection_pipeline to None, run_after=None
[2025-07-30T21:59:09.470+0000] {processor.py:179} INFO - Processing /opt/airflow/dags/fraud_pipeline_dag.py took 0.314 seconds
[2025-07-30T21:59:39.539+0000] {processor.py:157} INFO - Started process (PID=65) to work on /opt/airflow/dags/fraud_pipeline_dag.py
[2025-07-30T21:59:39.540+0000] {processor.py:829} INFO - Processing file /opt/airflow/dags/fraud_pipeline_dag.py for tasks to queue
[2025-07-30T21:59:39.541+0000] {logging_mixin.py:151} INFO - [2025-07-30T21:59:39.541+0000] {dagbag.py:539} INFO - Filling up the DagBag from /opt/airflow/dags/fraud_pipeline_dag.py
[2025-07-30T21:59:39.813+0000] {logging_mixin.py:151} INFO - [2025-07-30T21:59:39.813+0000] {fraud_pipeline_dag.py:19} INFO - Found 183 pkl files
[2025-07-30T21:59:39.816+0000] {processor.py:839} INFO - DAG(s) dict_keys(['fraud_detection_pipeline']) retrieved from /opt/airflow/dags/fraud_pipeline_dag.py
[2025-07-30T21:59:39.832+0000] {logging_mixin.py:151} INFO - [2025-07-30T21:59:39.832+0000] {dag.py:2915} INFO - Sync 1 DAGs
[2025-07-30T21:59:39.839+0000] {logging_mixin.py:151} INFO - [2025-07-30T21:59:39.839+0000] {dag.py:3696} INFO - Setting next_dagrun for fraud_detection_pipeline to None, run_after=None
[2025-07-30T21:59:39.851+0000] {processor.py:179} INFO - Processing /opt/airflow/dags/fraud_pipeline_dag.py took 0.314 seconds
[2025-07-30T22:00:10.101+0000] {processor.py:157} INFO - Started process (PID=70) to work on /opt/airflow/dags/fraud_pipeline_dag.py
[2025-07-30T22:00:10.101+0000] {processor.py:829} INFO - Processing file /opt/airflow/dags/fraud_pipeline_dag.py for tasks to queue
[2025-07-30T22:00:10.102+0000] {logging_mixin.py:151} INFO - [2025-07-30T22:00:10.102+0000] {dagbag.py:539} INFO - Filling up the DagBag from /opt/airflow/dags/fraud_pipeline_dag.py
[2025-07-30T22:00:10.270+0000] {logging_mixin.py:151} INFO - [2025-07-30T22:00:10.270+0000] {fraud_pipeline_dag.py:19} INFO - Found 183 pkl files
[2025-07-30T22:00:10.274+0000] {processor.py:839} INFO - DAG(s) dict_keys(['fraud_detection_pipeline']) retrieved from /opt/airflow/dags/fraud_pipeline_dag.py
[2025-07-30T22:00:10.287+0000] {logging_mixin.py:151} INFO - [2025-07-30T22:00:10.286+0000] {dag.py:2915} INFO - Sync 1 DAGs
[2025-07-30T22:00:10.293+0000] {logging_mixin.py:151} INFO - [2025-07-30T22:00:10.293+0000] {dag.py:3696} INFO - Setting next_dagrun for fraud_detection_pipeline to None, run_after=None
[2025-07-30T22:00:10.304+0000] {processor.py:179} INFO - Processing /opt/airflow/dags/fraud_pipeline_dag.py took 0.205 seconds
[2025-07-30T22:00:40.503+0000] {processor.py:157} INFO - Started process (PID=74) to work on /opt/airflow/dags/fraud_pipeline_dag.py
[2025-07-30T22:00:40.503+0000] {processor.py:829} INFO - Processing file /opt/airflow/dags/fraud_pipeline_dag.py for tasks to queue
[2025-07-30T22:00:40.504+0000] {logging_mixin.py:151} INFO - [2025-07-30T22:00:40.504+0000] {dagbag.py:539} INFO - Filling up the DagBag from /opt/airflow/dags/fraud_pipeline_dag.py
[2025-07-30T22:00:40.649+0000] {logging_mixin.py:151} INFO - [2025-07-30T22:00:40.649+0000] {fraud_pipeline_dag.py:19} INFO - Found 183 pkl files
[2025-07-30T22:00:40.653+0000] {processor.py:839} INFO - DAG(s) dict_keys(['fraud_detection_pipeline']) retrieved from /opt/airflow/dags/fraud_pipeline_dag.py
[2025-07-30T22:00:40.667+0000] {logging_mixin.py:151} INFO - [2025-07-30T22:00:40.667+0000] {dag.py:2915} INFO - Sync 1 DAGs
[2025-07-30T22:00:40.675+0000] {logging_mixin.py:151} INFO - [2025-07-30T22:00:40.675+0000] {dag.py:3696} INFO - Setting next_dagrun for fraud_detection_pipeline to None, run_after=None
[2025-07-30T22:00:40.709+0000] {processor.py:179} INFO - Processing /opt/airflow/dags/fraud_pipeline_dag.py took 0.208 seconds
[2025-07-30T22:01:10.894+0000] {processor.py:157} INFO - Started process (PID=78) to work on /opt/airflow/dags/fraud_pipeline_dag.py
[2025-07-30T22:01:10.895+0000] {processor.py:829} INFO - Processing file /opt/airflow/dags/fraud_pipeline_dag.py for tasks to queue
[2025-07-30T22:01:10.896+0000] {logging_mixin.py:151} INFO - [2025-07-30T22:01:10.895+0000] {dagbag.py:539} INFO - Filling up the DagBag from /opt/airflow/dags/fraud_pipeline_dag.py
[2025-07-30T22:01:11.051+0000] {logging_mixin.py:151} INFO - [2025-07-30T22:01:11.051+0000] {fraud_pipeline_dag.py:19} INFO - Found 183 pkl files
[2025-07-30T22:01:11.055+0000] {processor.py:839} INFO - DAG(s) dict_keys(['fraud_detection_pipeline']) retrieved from /opt/airflow/dags/fraud_pipeline_dag.py
[2025-07-30T22:01:11.069+0000] {logging_mixin.py:151} INFO - [2025-07-30T22:01:11.069+0000] {dag.py:2915} INFO - Sync 1 DAGs
[2025-07-30T22:01:11.075+0000] {logging_mixin.py:151} INFO - [2025-07-30T22:01:11.075+0000] {dag.py:3696} INFO - Setting next_dagrun for fraud_detection_pipeline to None, run_after=None
[2025-07-30T22:01:11.084+0000] {processor.py:179} INFO - Processing /opt/airflow/dags/fraud_pipeline_dag.py took 0.192 seconds
[2025-07-30T22:01:41.100+0000] {processor.py:157} INFO - Started process (PID=82) to work on /opt/airflow/dags/fraud_pipeline_dag.py
[2025-07-30T22:01:41.101+0000] {processor.py:829} INFO - Processing file /opt/airflow/dags/fraud_pipeline_dag.py for tasks to queue
[2025-07-30T22:01:41.101+0000] {logging_mixin.py:151} INFO - [2025-07-30T22:01:41.101+0000] {dagbag.py:539} INFO - Filling up the DagBag from /opt/airflow/dags/fraud_pipeline_dag.py
[2025-07-30T22:01:41.263+0000] {logging_mixin.py:151} INFO - [2025-07-30T22:01:41.263+0000] {fraud_pipeline_dag.py:19} INFO - Found 183 pkl files
[2025-07-30T22:01:41.268+0000] {processor.py:839} INFO - DAG(s) dict_keys(['fraud_detection_pipeline']) retrieved from /opt/airflow/dags/fraud_pipeline_dag.py
[2025-07-30T22:01:41.281+0000] {logging_mixin.py:151} INFO - [2025-07-30T22:01:41.281+0000] {dag.py:2915} INFO - Sync 1 DAGs
[2025-07-30T22:01:41.289+0000] {logging_mixin.py:151} INFO - [2025-07-30T22:01:41.289+0000] {dag.py:3696} INFO - Setting next_dagrun for fraud_detection_pipeline to None, run_after=None
[2025-07-30T22:01:41.309+0000] {processor.py:179} INFO - Processing /opt/airflow/dags/fraud_pipeline_dag.py took 0.212 seconds
[2025-07-30T22:02:11.367+0000] {processor.py:157} INFO - Started process (PID=86) to work on /opt/airflow/dags/fraud_pipeline_dag.py
[2025-07-30T22:02:11.367+0000] {processor.py:829} INFO - Processing file /opt/airflow/dags/fraud_pipeline_dag.py for tasks to queue
[2025-07-30T22:02:11.368+0000] {logging_mixin.py:151} INFO - [2025-07-30T22:02:11.368+0000] {dagbag.py:539} INFO - Filling up the DagBag from /opt/airflow/dags/fraud_pipeline_dag.py
[2025-07-30T22:02:11.552+0000] {logging_mixin.py:151} INFO - [2025-07-30T22:02:11.552+0000] {fraud_pipeline_dag.py:19} INFO - Found 183 pkl files
[2025-07-30T22:02:11.557+0000] {processor.py:839} INFO - DAG(s) dict_keys(['fraud_detection_pipeline']) retrieved from /opt/airflow/dags/fraud_pipeline_dag.py
[2025-07-30T22:02:11.573+0000] {logging_mixin.py:151} INFO - [2025-07-30T22:02:11.573+0000] {dag.py:2915} INFO - Sync 1 DAGs
[2025-07-30T22:02:11.581+0000] {logging_mixin.py:151} INFO - [2025-07-30T22:02:11.581+0000] {dag.py:3696} INFO - Setting next_dagrun for fraud_detection_pipeline to None, run_after=None
[2025-07-30T22:02:11.591+0000] {processor.py:179} INFO - Processing /opt/airflow/dags/fraud_pipeline_dag.py took 0.227 seconds
[2025-07-30T22:03:24.080+0000] {processor.py:157} INFO - Started process (PID=41) to work on /opt/airflow/dags/fraud_pipeline_dag.py
[2025-07-30T22:03:24.080+0000] {processor.py:829} INFO - Processing file /opt/airflow/dags/fraud_pipeline_dag.py for tasks to queue
[2025-07-30T22:03:24.081+0000] {logging_mixin.py:151} INFO - [2025-07-30T22:03:24.081+0000] {dagbag.py:539} INFO - Filling up the DagBag from /opt/airflow/dags/fraud_pipeline_dag.py
[2025-07-30T22:03:24.458+0000] {logging_mixin.py:151} INFO - [2025-07-30T22:03:24.458+0000] {fraud_pipeline_dag.py:19} INFO - Found 183 pkl files
[2025-07-30T22:03:24.462+0000] {processor.py:839} INFO - DAG(s) dict_keys(['fraud_detection_pipeline']) retrieved from /opt/airflow/dags/fraud_pipeline_dag.py
[2025-07-30T22:03:24.482+0000] {logging_mixin.py:151} INFO - [2025-07-30T22:03:24.481+0000] {dag.py:2915} INFO - Sync 1 DAGs
[2025-07-30T22:03:24.488+0000] {logging_mixin.py:151} INFO - [2025-07-30T22:03:24.488+0000] {dag.py:3696} INFO - Setting next_dagrun for fraud_detection_pipeline to None, run_after=None
[2025-07-30T22:03:24.499+0000] {processor.py:179} INFO - Processing /opt/airflow/dags/fraud_pipeline_dag.py took 0.422 seconds
[2025-07-30T22:03:54.544+0000] {processor.py:157} INFO - Started process (PID=45) to work on /opt/airflow/dags/fraud_pipeline_dag.py
[2025-07-30T22:03:54.544+0000] {processor.py:829} INFO - Processing file /opt/airflow/dags/fraud_pipeline_dag.py for tasks to queue
[2025-07-30T22:03:54.545+0000] {logging_mixin.py:151} INFO - [2025-07-30T22:03:54.545+0000] {dagbag.py:539} INFO - Filling up the DagBag from /opt/airflow/dags/fraud_pipeline_dag.py
[2025-07-30T22:03:54.791+0000] {logging_mixin.py:151} INFO - [2025-07-30T22:03:54.791+0000] {fraud_pipeline_dag.py:19} INFO - Found 183 pkl files
[2025-07-30T22:03:54.794+0000] {processor.py:839} INFO - DAG(s) dict_keys(['fraud_detection_pipeline']) retrieved from /opt/airflow/dags/fraud_pipeline_dag.py
[2025-07-30T22:03:54.806+0000] {logging_mixin.py:151} INFO - [2025-07-30T22:03:54.806+0000] {dag.py:2915} INFO - Sync 1 DAGs
[2025-07-30T22:03:54.812+0000] {logging_mixin.py:151} INFO - [2025-07-30T22:03:54.812+0000] {dag.py:3696} INFO - Setting next_dagrun for fraud_detection_pipeline to None, run_after=None
[2025-07-30T22:03:54.823+0000] {processor.py:179} INFO - Processing /opt/airflow/dags/fraud_pipeline_dag.py took 0.282 seconds
[2025-07-30T22:04:24.919+0000] {processor.py:157} INFO - Started process (PID=49) to work on /opt/airflow/dags/fraud_pipeline_dag.py
[2025-07-30T22:04:24.920+0000] {processor.py:829} INFO - Processing file /opt/airflow/dags/fraud_pipeline_dag.py for tasks to queue
[2025-07-30T22:04:24.921+0000] {logging_mixin.py:151} INFO - [2025-07-30T22:04:24.921+0000] {dagbag.py:539} INFO - Filling up the DagBag from /opt/airflow/dags/fraud_pipeline_dag.py
[2025-07-30T22:04:25.230+0000] {logging_mixin.py:151} INFO - [2025-07-30T22:04:25.230+0000] {fraud_pipeline_dag.py:19} INFO - Found 183 pkl files
[2025-07-30T22:04:25.232+0000] {processor.py:839} INFO - DAG(s) dict_keys(['fraud_detection_pipeline']) retrieved from /opt/airflow/dags/fraud_pipeline_dag.py
[2025-07-30T22:04:25.249+0000] {logging_mixin.py:151} INFO - [2025-07-30T22:04:25.249+0000] {dag.py:2915} INFO - Sync 1 DAGs
[2025-07-30T22:04:25.255+0000] {logging_mixin.py:151} INFO - [2025-07-30T22:04:25.255+0000] {dag.py:3696} INFO - Setting next_dagrun for fraud_detection_pipeline to None, run_after=None
[2025-07-30T22:04:25.265+0000] {processor.py:179} INFO - Processing /opt/airflow/dags/fraud_pipeline_dag.py took 0.348 seconds
[2025-07-30T22:04:55.356+0000] {processor.py:157} INFO - Started process (PID=53) to work on /opt/airflow/dags/fraud_pipeline_dag.py
[2025-07-30T22:04:55.356+0000] {processor.py:829} INFO - Processing file /opt/airflow/dags/fraud_pipeline_dag.py for tasks to queue
[2025-07-30T22:04:55.357+0000] {logging_mixin.py:151} INFO - [2025-07-30T22:04:55.357+0000] {dagbag.py:539} INFO - Filling up the DagBag from /opt/airflow/dags/fraud_pipeline_dag.py
[2025-07-30T22:04:55.614+0000] {logging_mixin.py:151} INFO - [2025-07-30T22:04:55.614+0000] {fraud_pipeline_dag.py:19} INFO - Found 183 pkl files
[2025-07-30T22:04:55.617+0000] {processor.py:839} INFO - DAG(s) dict_keys(['fraud_detection_pipeline']) retrieved from /opt/airflow/dags/fraud_pipeline_dag.py
[2025-07-30T22:04:55.629+0000] {logging_mixin.py:151} INFO - [2025-07-30T22:04:55.629+0000] {dag.py:2915} INFO - Sync 1 DAGs
[2025-07-30T22:04:55.636+0000] {logging_mixin.py:151} INFO - [2025-07-30T22:04:55.636+0000] {dag.py:3696} INFO - Setting next_dagrun for fraud_detection_pipeline to None, run_after=None
[2025-07-30T22:04:55.646+0000] {processor.py:179} INFO - Processing /opt/airflow/dags/fraud_pipeline_dag.py took 0.292 seconds
[2025-07-30T22:05:25.742+0000] {processor.py:157} INFO - Started process (PID=57) to work on /opt/airflow/dags/fraud_pipeline_dag.py
[2025-07-30T22:05:25.742+0000] {processor.py:829} INFO - Processing file /opt/airflow/dags/fraud_pipeline_dag.py for tasks to queue
[2025-07-30T22:05:25.743+0000] {logging_mixin.py:151} INFO - [2025-07-30T22:05:25.743+0000] {dagbag.py:539} INFO - Filling up the DagBag from /opt/airflow/dags/fraud_pipeline_dag.py
[2025-07-30T22:05:25.973+0000] {logging_mixin.py:151} INFO - [2025-07-30T22:05:25.973+0000] {fraud_pipeline_dag.py:19} INFO - Found 183 pkl files
[2025-07-30T22:05:25.976+0000] {processor.py:839} INFO - DAG(s) dict_keys(['fraud_detection_pipeline']) retrieved from /opt/airflow/dags/fraud_pipeline_dag.py
[2025-07-30T22:05:25.988+0000] {logging_mixin.py:151} INFO - [2025-07-30T22:05:25.988+0000] {dag.py:2915} INFO - Sync 1 DAGs
[2025-07-30T22:05:25.994+0000] {logging_mixin.py:151} INFO - [2025-07-30T22:05:25.994+0000] {dag.py:3696} INFO - Setting next_dagrun for fraud_detection_pipeline to None, run_after=None
[2025-07-30T22:05:26.003+0000] {processor.py:179} INFO - Processing /opt/airflow/dags/fraud_pipeline_dag.py took 0.263 seconds
[2025-07-30T22:05:56.229+0000] {processor.py:157} INFO - Started process (PID=61) to work on /opt/airflow/dags/fraud_pipeline_dag.py
[2025-07-30T22:05:56.230+0000] {processor.py:829} INFO - Processing file /opt/airflow/dags/fraud_pipeline_dag.py for tasks to queue
[2025-07-30T22:05:56.230+0000] {logging_mixin.py:151} INFO - [2025-07-30T22:05:56.230+0000] {dagbag.py:539} INFO - Filling up the DagBag from /opt/airflow/dags/fraud_pipeline_dag.py
[2025-07-30T22:05:56.477+0000] {logging_mixin.py:151} INFO - [2025-07-30T22:05:56.477+0000] {fraud_pipeline_dag.py:19} INFO - Found 183 pkl files
[2025-07-30T22:05:56.479+0000] {processor.py:839} INFO - DAG(s) dict_keys(['fraud_detection_pipeline']) retrieved from /opt/airflow/dags/fraud_pipeline_dag.py
[2025-07-30T22:05:56.492+0000] {logging_mixin.py:151} INFO - [2025-07-30T22:05:56.492+0000] {dag.py:2915} INFO - Sync 1 DAGs
[2025-07-30T22:05:56.499+0000] {logging_mixin.py:151} INFO - [2025-07-30T22:05:56.498+0000] {dag.py:3696} INFO - Setting next_dagrun for fraud_detection_pipeline to None, run_after=None
[2025-07-30T22:05:56.509+0000] {processor.py:179} INFO - Processing /opt/airflow/dags/fraud_pipeline_dag.py took 0.282 seconds
[2025-07-30T22:06:26.713+0000] {processor.py:157} INFO - Started process (PID=65) to work on /opt/airflow/dags/fraud_pipeline_dag.py
[2025-07-30T22:06:26.714+0000] {processor.py:829} INFO - Processing file /opt/airflow/dags/fraud_pipeline_dag.py for tasks to queue
[2025-07-30T22:06:26.714+0000] {logging_mixin.py:151} INFO - [2025-07-30T22:06:26.714+0000] {dagbag.py:539} INFO - Filling up the DagBag from /opt/airflow/dags/fraud_pipeline_dag.py
[2025-07-30T22:06:26.964+0000] {logging_mixin.py:151} INFO - [2025-07-30T22:06:26.964+0000] {fraud_pipeline_dag.py:19} INFO - Found 183 pkl files
[2025-07-30T22:06:26.967+0000] {processor.py:839} INFO - DAG(s) dict_keys(['fraud_detection_pipeline']) retrieved from /opt/airflow/dags/fraud_pipeline_dag.py
[2025-07-30T22:06:26.981+0000] {logging_mixin.py:151} INFO - [2025-07-30T22:06:26.981+0000] {dag.py:2915} INFO - Sync 1 DAGs
[2025-07-30T22:06:26.994+0000] {logging_mixin.py:151} INFO - [2025-07-30T22:06:26.994+0000] {dag.py:3696} INFO - Setting next_dagrun for fraud_detection_pipeline to None, run_after=None
[2025-07-30T22:06:27.011+0000] {processor.py:179} INFO - Processing /opt/airflow/dags/fraud_pipeline_dag.py took 0.300 seconds
[2025-07-30T22:06:57.257+0000] {processor.py:157} INFO - Started process (PID=69) to work on /opt/airflow/dags/fraud_pipeline_dag.py
[2025-07-30T22:06:57.258+0000] {processor.py:829} INFO - Processing file /opt/airflow/dags/fraud_pipeline_dag.py for tasks to queue
[2025-07-30T22:06:57.259+0000] {logging_mixin.py:151} INFO - [2025-07-30T22:06:57.258+0000] {dagbag.py:539} INFO - Filling up the DagBag from /opt/airflow/dags/fraud_pipeline_dag.py
[2025-07-30T22:06:58.591+0000] {logging_mixin.py:151} INFO - [2025-07-30T22:06:58.591+0000] {fraud_pipeline_dag.py:19} INFO - Found 183 pkl files
[2025-07-30T22:06:58.595+0000] {processor.py:839} INFO - DAG(s) dict_keys(['fraud_detection_pipeline']) retrieved from /opt/airflow/dags/fraud_pipeline_dag.py
[2025-07-30T22:06:58.610+0000] {logging_mixin.py:151} INFO - [2025-07-30T22:06:58.610+0000] {dag.py:2915} INFO - Sync 1 DAGs
[2025-07-30T22:06:58.618+0000] {logging_mixin.py:151} INFO - [2025-07-30T22:06:58.618+0000] {dag.py:3696} INFO - Setting next_dagrun for fraud_detection_pipeline to None, run_after=None
[2025-07-30T22:06:58.631+0000] {processor.py:179} INFO - Processing /opt/airflow/dags/fraud_pipeline_dag.py took 0.361 seconds
[2025-07-30T22:07:28.901+0000] {processor.py:157} INFO - Started process (PID=73) to work on /opt/airflow/dags/fraud_pipeline_dag.py
[2025-07-30T22:07:28.902+0000] {processor.py:829} INFO - Processing file /opt/airflow/dags/fraud_pipeline_dag.py for tasks to queue
[2025-07-30T22:07:28.902+0000] {logging_mixin.py:151} INFO - [2025-07-30T22:07:28.902+0000] {dagbag.py:539} INFO - Filling up the DagBag from /opt/airflow/dags/fraud_pipeline_dag.py
[2025-07-30T22:07:29.205+0000] {logging_mixin.py:151} INFO - [2025-07-30T22:07:29.205+0000] {fraud_pipeline_dag.py:19} INFO - Found 183 pkl files
[2025-07-30T22:07:29.208+0000] {processor.py:839} INFO - DAG(s) dict_keys(['fraud_detection_pipeline']) retrieved from /opt/airflow/dags/fraud_pipeline_dag.py
[2025-07-30T22:07:29.222+0000] {logging_mixin.py:151} INFO - [2025-07-30T22:07:29.221+0000] {dag.py:2915} INFO - Sync 1 DAGs
[2025-07-30T22:07:29.229+0000] {logging_mixin.py:151} INFO - [2025-07-30T22:07:29.229+0000] {dag.py:3696} INFO - Setting next_dagrun for fraud_detection_pipeline to None, run_after=None
[2025-07-30T22:07:29.246+0000] {processor.py:179} INFO - Processing /opt/airflow/dags/fraud_pipeline_dag.py took 0.347 seconds
[2025-07-30T22:07:59.587+0000] {processor.py:157} INFO - Started process (PID=77) to work on /opt/airflow/dags/fraud_pipeline_dag.py
[2025-07-30T22:07:59.589+0000] {processor.py:829} INFO - Processing file /opt/airflow/dags/fraud_pipeline_dag.py for tasks to queue
[2025-07-30T22:07:59.590+0000] {logging_mixin.py:151} INFO - [2025-07-30T22:07:59.590+0000] {dagbag.py:539} INFO - Filling up the DagBag from /opt/airflow/dags/fraud_pipeline_dag.py
[2025-07-30T22:07:59.913+0000] {logging_mixin.py:151} INFO - [2025-07-30T22:07:59.913+0000] {fraud_pipeline_dag.py:19} INFO - Found 183 pkl files
[2025-07-30T22:07:59.915+0000] {processor.py:839} INFO - DAG(s) dict_keys(['fraud_detection_pipeline']) retrieved from /opt/airflow/dags/fraud_pipeline_dag.py
[2025-07-30T22:07:59.929+0000] {logging_mixin.py:151} INFO - [2025-07-30T22:07:59.929+0000] {dag.py:2915} INFO - Sync 1 DAGs
[2025-07-30T22:07:59.935+0000] {logging_mixin.py:151} INFO - [2025-07-30T22:07:59.935+0000] {dag.py:3696} INFO - Setting next_dagrun for fraud_detection_pipeline to None, run_after=None
[2025-07-30T22:07:59.951+0000] {processor.py:179} INFO - Processing /opt/airflow/dags/fraud_pipeline_dag.py took 0.366 seconds
[2025-07-30T22:08:30.252+0000] {processor.py:157} INFO - Started process (PID=81) to work on /opt/airflow/dags/fraud_pipeline_dag.py
[2025-07-30T22:08:30.255+0000] {processor.py:829} INFO - Processing file /opt/airflow/dags/fraud_pipeline_dag.py for tasks to queue
[2025-07-30T22:08:30.255+0000] {logging_mixin.py:151} INFO - [2025-07-30T22:08:30.255+0000] {dagbag.py:539} INFO - Filling up the DagBag from /opt/airflow/dags/fraud_pipeline_dag.py
[2025-07-30T22:08:30.526+0000] {logging_mixin.py:151} INFO - [2025-07-30T22:08:30.526+0000] {fraud_pipeline_dag.py:19} INFO - Found 183 pkl files
[2025-07-30T22:08:30.529+0000] {processor.py:839} INFO - DAG(s) dict_keys(['fraud_detection_pipeline']) retrieved from /opt/airflow/dags/fraud_pipeline_dag.py
[2025-07-30T22:08:30.543+0000] {logging_mixin.py:151} INFO - [2025-07-30T22:08:30.542+0000] {dag.py:2915} INFO - Sync 1 DAGs
[2025-07-30T22:08:30.551+0000] {logging_mixin.py:151} INFO - [2025-07-30T22:08:30.551+0000] {dag.py:3696} INFO - Setting next_dagrun for fraud_detection_pipeline to None, run_after=None
[2025-07-30T22:08:30.568+0000] {processor.py:179} INFO - Processing /opt/airflow/dags/fraud_pipeline_dag.py took 0.319 seconds
[2025-07-30T22:09:00.978+0000] {processor.py:157} INFO - Started process (PID=85) to work on /opt/airflow/dags/fraud_pipeline_dag.py
[2025-07-30T22:09:00.982+0000] {processor.py:829} INFO - Processing file /opt/airflow/dags/fraud_pipeline_dag.py for tasks to queue
[2025-07-30T22:09:00.985+0000] {logging_mixin.py:151} INFO - [2025-07-30T22:09:00.984+0000] {dagbag.py:539} INFO - Filling up the DagBag from /opt/airflow/dags/fraud_pipeline_dag.py
[2025-07-30T22:09:01.181+0000] {logging_mixin.py:151} INFO - [2025-07-30T22:09:01.181+0000] {fraud_pipeline_dag.py:19} INFO - Found 183 pkl files
[2025-07-30T22:09:01.187+0000] {processor.py:839} INFO - DAG(s) dict_keys(['fraud_detection_pipeline']) retrieved from /opt/airflow/dags/fraud_pipeline_dag.py
[2025-07-30T22:09:01.204+0000] {logging_mixin.py:151} INFO - [2025-07-30T22:09:01.203+0000] {dag.py:2915} INFO - Sync 1 DAGs
[2025-07-30T22:09:01.212+0000] {logging_mixin.py:151} INFO - [2025-07-30T22:09:01.212+0000] {dag.py:3696} INFO - Setting next_dagrun for fraud_detection_pipeline to None, run_after=None
[2025-07-30T22:09:01.228+0000] {processor.py:179} INFO - Processing /opt/airflow/dags/fraud_pipeline_dag.py took 0.252 seconds
[2025-07-30T22:09:31.290+0000] {processor.py:157} INFO - Started process (PID=89) to work on /opt/airflow/dags/fraud_pipeline_dag.py
[2025-07-30T22:09:31.290+0000] {processor.py:829} INFO - Processing file /opt/airflow/dags/fraud_pipeline_dag.py for tasks to queue
[2025-07-30T22:09:31.291+0000] {logging_mixin.py:151} INFO - [2025-07-30T22:09:31.291+0000] {dagbag.py:539} INFO - Filling up the DagBag from /opt/airflow/dags/fraud_pipeline_dag.py
[2025-07-30T22:09:31.471+0000] {logging_mixin.py:151} INFO - [2025-07-30T22:09:31.471+0000] {fraud_pipeline_dag.py:19} INFO - Found 183 pkl files
[2025-07-30T22:09:31.477+0000] {processor.py:839} INFO - DAG(s) dict_keys(['fraud_detection_pipeline']) retrieved from /opt/airflow/dags/fraud_pipeline_dag.py
[2025-07-30T22:09:31.493+0000] {logging_mixin.py:151} INFO - [2025-07-30T22:09:31.493+0000] {dag.py:2915} INFO - Sync 1 DAGs
[2025-07-30T22:09:31.500+0000] {logging_mixin.py:151} INFO - [2025-07-30T22:09:31.500+0000] {dag.py:3696} INFO - Setting next_dagrun for fraud_detection_pipeline to None, run_after=None
[2025-07-30T22:09:31.512+0000] {processor.py:179} INFO - Processing /opt/airflow/dags/fraud_pipeline_dag.py took 0.225 seconds
[2025-07-30T22:10:01.782+0000] {processor.py:157} INFO - Started process (PID=93) to work on /opt/airflow/dags/fraud_pipeline_dag.py
[2025-07-30T22:10:01.783+0000] {processor.py:829} INFO - Processing file /opt/airflow/dags/fraud_pipeline_dag.py for tasks to queue
[2025-07-30T22:10:01.784+0000] {logging_mixin.py:151} INFO - [2025-07-30T22:10:01.784+0000] {dagbag.py:539} INFO - Filling up the DagBag from /opt/airflow/dags/fraud_pipeline_dag.py
[2025-07-30T22:10:01.952+0000] {logging_mixin.py:151} INFO - [2025-07-30T22:10:01.952+0000] {fraud_pipeline_dag.py:19} INFO - Found 183 pkl files
[2025-07-30T22:10:01.956+0000] {processor.py:839} INFO - DAG(s) dict_keys(['fraud_detection_pipeline']) retrieved from /opt/airflow/dags/fraud_pipeline_dag.py
[2025-07-30T22:10:01.970+0000] {logging_mixin.py:151} INFO - [2025-07-30T22:10:01.970+0000] {dag.py:2915} INFO - Sync 1 DAGs
[2025-07-30T22:10:01.977+0000] {logging_mixin.py:151} INFO - [2025-07-30T22:10:01.977+0000] {dag.py:3696} INFO - Setting next_dagrun for fraud_detection_pipeline to None, run_after=None
[2025-07-30T22:10:01.994+0000] {processor.py:179} INFO - Processing /opt/airflow/dags/fraud_pipeline_dag.py took 0.214 seconds
[2025-07-30T22:10:32.274+0000] {processor.py:157} INFO - Started process (PID=97) to work on /opt/airflow/dags/fraud_pipeline_dag.py
[2025-07-30T22:10:32.282+0000] {processor.py:829} INFO - Processing file /opt/airflow/dags/fraud_pipeline_dag.py for tasks to queue
[2025-07-30T22:10:32.282+0000] {logging_mixin.py:151} INFO - [2025-07-30T22:10:32.282+0000] {dagbag.py:539} INFO - Filling up the DagBag from /opt/airflow/dags/fraud_pipeline_dag.py
[2025-07-30T22:10:32.516+0000] {logging_mixin.py:151} INFO - [2025-07-30T22:10:32.515+0000] {fraud_pipeline_dag.py:19} INFO - Found 183 pkl files
[2025-07-30T22:10:32.520+0000] {processor.py:839} INFO - DAG(s) dict_keys(['fraud_detection_pipeline']) retrieved from /opt/airflow/dags/fraud_pipeline_dag.py
[2025-07-30T22:10:32.538+0000] {logging_mixin.py:151} INFO - [2025-07-30T22:10:32.538+0000] {dag.py:2915} INFO - Sync 1 DAGs
[2025-07-30T22:10:32.547+0000] {logging_mixin.py:151} INFO - [2025-07-30T22:10:32.546+0000] {dag.py:3696} INFO - Setting next_dagrun for fraud_detection_pipeline to None, run_after=None
[2025-07-30T22:10:32.568+0000] {processor.py:179} INFO - Processing /opt/airflow/dags/fraud_pipeline_dag.py took 0.297 seconds
[2025-07-30T22:11:02.826+0000] {processor.py:157} INFO - Started process (PID=101) to work on /opt/airflow/dags/fraud_pipeline_dag.py
[2025-07-30T22:11:02.827+0000] {processor.py:829} INFO - Processing file /opt/airflow/dags/fraud_pipeline_dag.py for tasks to queue
[2025-07-30T22:11:02.828+0000] {logging_mixin.py:151} INFO - [2025-07-30T22:11:02.828+0000] {dagbag.py:539} INFO - Filling up the DagBag from /opt/airflow/dags/fraud_pipeline_dag.py
[2025-07-30T22:11:03.005+0000] {logging_mixin.py:151} INFO - [2025-07-30T22:11:03.004+0000] {fraud_pipeline_dag.py:19} INFO - Found 183 pkl files
[2025-07-30T22:11:03.009+0000] {processor.py:839} INFO - DAG(s) dict_keys(['fraud_detection_pipeline']) retrieved from /opt/airflow/dags/fraud_pipeline_dag.py
[2025-07-30T22:11:03.024+0000] {logging_mixin.py:151} INFO - [2025-07-30T22:11:03.024+0000] {dag.py:2915} INFO - Sync 1 DAGs
[2025-07-30T22:11:03.032+0000] {logging_mixin.py:151} INFO - [2025-07-30T22:11:03.032+0000] {dag.py:3696} INFO - Setting next_dagrun for fraud_detection_pipeline to None, run_after=None
[2025-07-30T22:11:03.044+0000] {processor.py:179} INFO - Processing /opt/airflow/dags/fraud_pipeline_dag.py took 0.221 seconds
[2025-07-30T22:11:33.374+0000] {processor.py:157} INFO - Started process (PID=105) to work on /opt/airflow/dags/fraud_pipeline_dag.py
[2025-07-30T22:11:33.375+0000] {processor.py:829} INFO - Processing file /opt/airflow/dags/fraud_pipeline_dag.py for tasks to queue
[2025-07-30T22:11:33.376+0000] {logging_mixin.py:151} INFO - [2025-07-30T22:11:33.376+0000] {dagbag.py:539} INFO - Filling up the DagBag from /opt/airflow/dags/fraud_pipeline_dag.py
[2025-07-30T22:11:33.571+0000] {logging_mixin.py:151} INFO - [2025-07-30T22:11:33.571+0000] {fraud_pipeline_dag.py:19} INFO - Found 183 pkl files
[2025-07-30T22:11:33.576+0000] {processor.py:839} INFO - DAG(s) dict_keys(['fraud_detection_pipeline']) retrieved from /opt/airflow/dags/fraud_pipeline_dag.py
[2025-07-30T22:11:33.593+0000] {logging_mixin.py:151} INFO - [2025-07-30T22:11:33.593+0000] {dag.py:2915} INFO - Sync 1 DAGs
[2025-07-30T22:11:33.602+0000] {logging_mixin.py:151} INFO - [2025-07-30T22:11:33.602+0000] {dag.py:3696} INFO - Setting next_dagrun for fraud_detection_pipeline to None, run_after=None
[2025-07-30T22:11:33.615+0000] {processor.py:179} INFO - Processing /opt/airflow/dags/fraud_pipeline_dag.py took 0.242 seconds
[2025-07-30T22:12:03.879+0000] {processor.py:157} INFO - Started process (PID=109) to work on /opt/airflow/dags/fraud_pipeline_dag.py
[2025-07-30T22:12:03.880+0000] {processor.py:829} INFO - Processing file /opt/airflow/dags/fraud_pipeline_dag.py for tasks to queue
[2025-07-30T22:12:03.881+0000] {logging_mixin.py:151} INFO - [2025-07-30T22:12:03.881+0000] {dagbag.py:539} INFO - Filling up the DagBag from /opt/airflow/dags/fraud_pipeline_dag.py
[2025-07-30T22:12:04.092+0000] {logging_mixin.py:151} INFO - [2025-07-30T22:12:04.092+0000] {fraud_pipeline_dag.py:19} INFO - Found 183 pkl files
[2025-07-30T22:12:04.101+0000] {processor.py:839} INFO - DAG(s) dict_keys(['fraud_detection_pipeline']) retrieved from /opt/airflow/dags/fraud_pipeline_dag.py
[2025-07-30T22:12:04.126+0000] {logging_mixin.py:151} INFO - [2025-07-30T22:12:04.125+0000] {dag.py:2915} INFO - Sync 1 DAGs
[2025-07-30T22:12:04.135+0000] {logging_mixin.py:151} INFO - [2025-07-30T22:12:04.135+0000] {dag.py:3696} INFO - Setting next_dagrun for fraud_detection_pipeline to None, run_after=None
[2025-07-30T22:12:04.151+0000] {processor.py:179} INFO - Processing /opt/airflow/dags/fraud_pipeline_dag.py took 0.274 seconds
[2025-07-30T22:12:34.441+0000] {processor.py:157} INFO - Started process (PID=113) to work on /opt/airflow/dags/fraud_pipeline_dag.py
[2025-07-30T22:12:34.442+0000] {processor.py:829} INFO - Processing file /opt/airflow/dags/fraud_pipeline_dag.py for tasks to queue
[2025-07-30T22:12:34.442+0000] {logging_mixin.py:151} INFO - [2025-07-30T22:12:34.442+0000] {dagbag.py:539} INFO - Filling up the DagBag from /opt/airflow/dags/fraud_pipeline_dag.py
[2025-07-30T22:12:34.627+0000] {logging_mixin.py:151} INFO - [2025-07-30T22:12:34.626+0000] {fraud_pipeline_dag.py:19} INFO - Found 183 pkl files
[2025-07-30T22:12:34.632+0000] {processor.py:839} INFO - DAG(s) dict_keys(['fraud_detection_pipeline']) retrieved from /opt/airflow/dags/fraud_pipeline_dag.py
[2025-07-30T22:12:34.648+0000] {logging_mixin.py:151} INFO - [2025-07-30T22:12:34.648+0000] {dag.py:2915} INFO - Sync 1 DAGs
[2025-07-30T22:12:34.657+0000] {logging_mixin.py:151} INFO - [2025-07-30T22:12:34.657+0000] {dag.py:3696} INFO - Setting next_dagrun for fraud_detection_pipeline to None, run_after=None
[2025-07-30T22:12:34.670+0000] {processor.py:179} INFO - Processing /opt/airflow/dags/fraud_pipeline_dag.py took 0.232 seconds
[2025-07-30T22:13:04.907+0000] {processor.py:157} INFO - Started process (PID=117) to work on /opt/airflow/dags/fraud_pipeline_dag.py
[2025-07-30T22:13:04.908+0000] {processor.py:829} INFO - Processing file /opt/airflow/dags/fraud_pipeline_dag.py for tasks to queue
[2025-07-30T22:13:04.908+0000] {logging_mixin.py:151} INFO - [2025-07-30T22:13:04.908+0000] {dagbag.py:539} INFO - Filling up the DagBag from /opt/airflow/dags/fraud_pipeline_dag.py
[2025-07-30T22:13:05.084+0000] {logging_mixin.py:151} INFO - [2025-07-30T22:13:05.084+0000] {fraud_pipeline_dag.py:19} INFO - Found 183 pkl files
[2025-07-30T22:13:05.089+0000] {processor.py:839} INFO - DAG(s) dict_keys(['fraud_detection_pipeline']) retrieved from /opt/airflow/dags/fraud_pipeline_dag.py
[2025-07-30T22:13:05.103+0000] {logging_mixin.py:151} INFO - [2025-07-30T22:13:05.103+0000] {dag.py:2915} INFO - Sync 1 DAGs
[2025-07-30T22:13:05.110+0000] {logging_mixin.py:151} INFO - [2025-07-30T22:13:05.110+0000] {dag.py:3696} INFO - Setting next_dagrun for fraud_detection_pipeline to None, run_after=None
[2025-07-30T22:13:05.123+0000] {processor.py:179} INFO - Processing /opt/airflow/dags/fraud_pipeline_dag.py took 0.218 seconds
[2025-07-30T22:13:35.161+0000] {processor.py:157} INFO - Started process (PID=121) to work on /opt/airflow/dags/fraud_pipeline_dag.py
[2025-07-30T22:13:35.161+0000] {processor.py:829} INFO - Processing file /opt/airflow/dags/fraud_pipeline_dag.py for tasks to queue
[2025-07-30T22:13:35.162+0000] {logging_mixin.py:151} INFO - [2025-07-30T22:13:35.162+0000] {dagbag.py:539} INFO - Filling up the DagBag from /opt/airflow/dags/fraud_pipeline_dag.py
[2025-07-30T22:13:35.340+0000] {logging_mixin.py:151} INFO - [2025-07-30T22:13:35.340+0000] {fraud_pipeline_dag.py:19} INFO - Found 183 pkl files
[2025-07-30T22:13:35.345+0000] {processor.py:839} INFO - DAG(s) dict_keys(['fraud_detection_pipeline']) retrieved from /opt/airflow/dags/fraud_pipeline_dag.py
[2025-07-30T22:13:35.362+0000] {logging_mixin.py:151} INFO - [2025-07-30T22:13:35.362+0000] {dag.py:2915} INFO - Sync 1 DAGs
[2025-07-30T22:13:35.370+0000] {logging_mixin.py:151} INFO - [2025-07-30T22:13:35.370+0000] {dag.py:3696} INFO - Setting next_dagrun for fraud_detection_pipeline to None, run_after=None
[2025-07-30T22:13:35.383+0000] {processor.py:179} INFO - Processing /opt/airflow/dags/fraud_pipeline_dag.py took 0.225 seconds
[2025-07-30T22:14:05.616+0000] {processor.py:157} INFO - Started process (PID=125) to work on /opt/airflow/dags/fraud_pipeline_dag.py
[2025-07-30T22:14:05.616+0000] {processor.py:829} INFO - Processing file /opt/airflow/dags/fraud_pipeline_dag.py for tasks to queue
[2025-07-30T22:14:05.624+0000] {logging_mixin.py:151} INFO - [2025-07-30T22:14:05.622+0000] {dagbag.py:539} INFO - Filling up the DagBag from /opt/airflow/dags/fraud_pipeline_dag.py
[2025-07-30T22:14:05.797+0000] {logging_mixin.py:151} INFO - [2025-07-30T22:14:05.797+0000] {fraud_pipeline_dag.py:19} INFO - Found 183 pkl files
[2025-07-30T22:14:05.801+0000] {processor.py:839} INFO - DAG(s) dict_keys(['fraud_detection_pipeline']) retrieved from /opt/airflow/dags/fraud_pipeline_dag.py
[2025-07-30T22:14:05.815+0000] {logging_mixin.py:151} INFO - [2025-07-30T22:14:05.815+0000] {dag.py:2915} INFO - Sync 1 DAGs
[2025-07-30T22:14:05.822+0000] {logging_mixin.py:151} INFO - [2025-07-30T22:14:05.822+0000] {dag.py:3696} INFO - Setting next_dagrun for fraud_detection_pipeline to None, run_after=None
[2025-07-30T22:14:05.835+0000] {processor.py:179} INFO - Processing /opt/airflow/dags/fraud_pipeline_dag.py took 0.222 seconds
[2025-07-30T22:14:36.818+0000] {processor.py:157} INFO - Started process (PID=129) to work on /opt/airflow/dags/fraud_pipeline_dag.py
[2025-07-30T22:14:36.821+0000] {processor.py:829} INFO - Processing file /opt/airflow/dags/fraud_pipeline_dag.py for tasks to queue
[2025-07-30T22:14:36.822+0000] {logging_mixin.py:151} INFO - [2025-07-30T22:14:36.822+0000] {dagbag.py:539} INFO - Filling up the DagBag from /opt/airflow/dags/fraud_pipeline_dag.py
[2025-07-30T22:14:37.009+0000] {logging_mixin.py:151} INFO - [2025-07-30T22:14:37.009+0000] {fraud_pipeline_dag.py:19} INFO - Found 183 pkl files
[2025-07-30T22:14:37.014+0000] {processor.py:839} INFO - DAG(s) dict_keys(['fraud_detection_pipeline']) retrieved from /opt/airflow/dags/fraud_pipeline_dag.py
[2025-07-30T22:14:37.029+0000] {logging_mixin.py:151} INFO - [2025-07-30T22:14:37.029+0000] {dag.py:2915} INFO - Sync 1 DAGs
[2025-07-30T22:14:37.036+0000] {logging_mixin.py:151} INFO - [2025-07-30T22:14:37.036+0000] {dag.py:3696} INFO - Setting next_dagrun for fraud_detection_pipeline to None, run_after=None
[2025-07-30T22:14:37.047+0000] {processor.py:179} INFO - Processing /opt/airflow/dags/fraud_pipeline_dag.py took 0.230 seconds
[2025-07-30T22:15:07.096+0000] {processor.py:157} INFO - Started process (PID=133) to work on /opt/airflow/dags/fraud_pipeline_dag.py
[2025-07-30T22:15:07.096+0000] {processor.py:829} INFO - Processing file /opt/airflow/dags/fraud_pipeline_dag.py for tasks to queue
[2025-07-30T22:15:07.097+0000] {logging_mixin.py:151} INFO - [2025-07-30T22:15:07.097+0000] {dagbag.py:539} INFO - Filling up the DagBag from /opt/airflow/dags/fraud_pipeline_dag.py
[2025-07-30T22:15:07.260+0000] {logging_mixin.py:151} INFO - [2025-07-30T22:15:07.260+0000] {fraud_pipeline_dag.py:19} INFO - Found 183 pkl files
[2025-07-30T22:15:07.264+0000] {processor.py:839} INFO - DAG(s) dict_keys(['fraud_detection_pipeline']) retrieved from /opt/airflow/dags/fraud_pipeline_dag.py
[2025-07-30T22:15:07.278+0000] {logging_mixin.py:151} INFO - [2025-07-30T22:15:07.278+0000] {dag.py:2915} INFO - Sync 1 DAGs
[2025-07-30T22:15:07.285+0000] {logging_mixin.py:151} INFO - [2025-07-30T22:15:07.285+0000] {dag.py:3696} INFO - Setting next_dagrun for fraud_detection_pipeline to None, run_after=None
[2025-07-30T22:15:07.296+0000] {processor.py:179} INFO - Processing /opt/airflow/dags/fraud_pipeline_dag.py took 0.202 seconds
[2025-07-30T22:15:37.328+0000] {processor.py:157} INFO - Started process (PID=137) to work on /opt/airflow/dags/fraud_pipeline_dag.py
[2025-07-30T22:15:37.328+0000] {processor.py:829} INFO - Processing file /opt/airflow/dags/fraud_pipeline_dag.py for tasks to queue
[2025-07-30T22:15:37.329+0000] {logging_mixin.py:151} INFO - [2025-07-30T22:15:37.329+0000] {dagbag.py:539} INFO - Filling up the DagBag from /opt/airflow/dags/fraud_pipeline_dag.py
[2025-07-30T22:15:37.510+0000] {logging_mixin.py:151} INFO - [2025-07-30T22:15:37.510+0000] {fraud_pipeline_dag.py:19} INFO - Found 183 pkl files
[2025-07-30T22:15:37.517+0000] {processor.py:839} INFO - DAG(s) dict_keys(['fraud_detection_pipeline']) retrieved from /opt/airflow/dags/fraud_pipeline_dag.py
[2025-07-30T22:15:37.536+0000] {logging_mixin.py:151} INFO - [2025-07-30T22:15:37.536+0000] {dag.py:2915} INFO - Sync 1 DAGs
[2025-07-30T22:15:37.546+0000] {logging_mixin.py:151} INFO - [2025-07-30T22:15:37.546+0000] {dag.py:3696} INFO - Setting next_dagrun for fraud_detection_pipeline to None, run_after=None
[2025-07-30T22:15:37.560+0000] {processor.py:179} INFO - Processing /opt/airflow/dags/fraud_pipeline_dag.py took 0.235 seconds
[2025-07-30T22:16:07.641+0000] {processor.py:157} INFO - Started process (PID=141) to work on /opt/airflow/dags/fraud_pipeline_dag.py
[2025-07-30T22:16:07.642+0000] {processor.py:829} INFO - Processing file /opt/airflow/dags/fraud_pipeline_dag.py for tasks to queue
[2025-07-30T22:16:07.643+0000] {logging_mixin.py:151} INFO - [2025-07-30T22:16:07.643+0000] {dagbag.py:539} INFO - Filling up the DagBag from /opt/airflow/dags/fraud_pipeline_dag.py
[2025-07-30T22:16:07.810+0000] {logging_mixin.py:151} INFO - [2025-07-30T22:16:07.810+0000] {fraud_pipeline_dag.py:19} INFO - Found 183 pkl files
[2025-07-30T22:16:07.815+0000] {processor.py:839} INFO - DAG(s) dict_keys(['fraud_detection_pipeline']) retrieved from /opt/airflow/dags/fraud_pipeline_dag.py
[2025-07-30T22:16:07.831+0000] {logging_mixin.py:151} INFO - [2025-07-30T22:16:07.831+0000] {dag.py:2915} INFO - Sync 1 DAGs
[2025-07-30T22:16:07.839+0000] {logging_mixin.py:151} INFO - [2025-07-30T22:16:07.839+0000] {dag.py:3696} INFO - Setting next_dagrun for fraud_detection_pipeline to None, run_after=None
[2025-07-30T22:16:07.850+0000] {processor.py:179} INFO - Processing /opt/airflow/dags/fraud_pipeline_dag.py took 0.210 seconds
[2025-07-30T22:16:37.912+0000] {processor.py:157} INFO - Started process (PID=145) to work on /opt/airflow/dags/fraud_pipeline_dag.py
[2025-07-30T22:16:37.912+0000] {processor.py:829} INFO - Processing file /opt/airflow/dags/fraud_pipeline_dag.py for tasks to queue
[2025-07-30T22:16:37.913+0000] {logging_mixin.py:151} INFO - [2025-07-30T22:16:37.913+0000] {dagbag.py:539} INFO - Filling up the DagBag from /opt/airflow/dags/fraud_pipeline_dag.py
[2025-07-30T22:16:38.077+0000] {logging_mixin.py:151} INFO - [2025-07-30T22:16:38.077+0000] {fraud_pipeline_dag.py:19} INFO - Found 183 pkl files
[2025-07-30T22:16:38.081+0000] {processor.py:839} INFO - DAG(s) dict_keys(['fraud_detection_pipeline']) retrieved from /opt/airflow/dags/fraud_pipeline_dag.py
[2025-07-30T22:16:38.097+0000] {logging_mixin.py:151} INFO - [2025-07-30T22:16:38.097+0000] {dag.py:2915} INFO - Sync 1 DAGs
[2025-07-30T22:16:38.105+0000] {logging_mixin.py:151} INFO - [2025-07-30T22:16:38.105+0000] {dag.py:3696} INFO - Setting next_dagrun for fraud_detection_pipeline to None, run_after=None
[2025-07-30T22:16:38.115+0000] {processor.py:179} INFO - Processing /opt/airflow/dags/fraud_pipeline_dag.py took 0.206 seconds
[2025-07-30T22:17:08.205+0000] {processor.py:157} INFO - Started process (PID=149) to work on /opt/airflow/dags/fraud_pipeline_dag.py
[2025-07-30T22:17:08.206+0000] {processor.py:829} INFO - Processing file /opt/airflow/dags/fraud_pipeline_dag.py for tasks to queue
[2025-07-30T22:17:08.206+0000] {logging_mixin.py:151} INFO - [2025-07-30T22:17:08.206+0000] {dagbag.py:539} INFO - Filling up the DagBag from /opt/airflow/dags/fraud_pipeline_dag.py
[2025-07-30T22:17:08.365+0000] {logging_mixin.py:151} INFO - [2025-07-30T22:17:08.365+0000] {fraud_pipeline_dag.py:19} INFO - Found 183 pkl files
[2025-07-30T22:17:08.370+0000] {processor.py:839} INFO - DAG(s) dict_keys(['fraud_detection_pipeline']) retrieved from /opt/airflow/dags/fraud_pipeline_dag.py
[2025-07-30T22:17:08.383+0000] {logging_mixin.py:151} INFO - [2025-07-30T22:17:08.383+0000] {dag.py:2915} INFO - Sync 1 DAGs
[2025-07-30T22:17:08.390+0000] {logging_mixin.py:151} INFO - [2025-07-30T22:17:08.390+0000] {dag.py:3696} INFO - Setting next_dagrun for fraud_detection_pipeline to None, run_after=None
[2025-07-30T22:17:08.400+0000] {processor.py:179} INFO - Processing /opt/airflow/dags/fraud_pipeline_dag.py took 0.196 seconds
[2025-07-30T22:17:38.456+0000] {processor.py:157} INFO - Started process (PID=153) to work on /opt/airflow/dags/fraud_pipeline_dag.py
[2025-07-30T22:17:38.456+0000] {processor.py:829} INFO - Processing file /opt/airflow/dags/fraud_pipeline_dag.py for tasks to queue
[2025-07-30T22:17:38.457+0000] {logging_mixin.py:151} INFO - [2025-07-30T22:17:38.457+0000] {dagbag.py:539} INFO - Filling up the DagBag from /opt/airflow/dags/fraud_pipeline_dag.py
[2025-07-30T22:17:38.624+0000] {logging_mixin.py:151} INFO - [2025-07-30T22:17:38.623+0000] {fraud_pipeline_dag.py:19} INFO - Found 183 pkl files
[2025-07-30T22:17:38.628+0000] {processor.py:839} INFO - DAG(s) dict_keys(['fraud_detection_pipeline']) retrieved from /opt/airflow/dags/fraud_pipeline_dag.py
[2025-07-30T22:17:38.644+0000] {logging_mixin.py:151} INFO - [2025-07-30T22:17:38.644+0000] {dag.py:2915} INFO - Sync 1 DAGs
[2025-07-30T22:17:38.652+0000] {logging_mixin.py:151} INFO - [2025-07-30T22:17:38.652+0000] {dag.py:3696} INFO - Setting next_dagrun for fraud_detection_pipeline to None, run_after=None
[2025-07-30T22:17:38.662+0000] {processor.py:179} INFO - Processing /opt/airflow/dags/fraud_pipeline_dag.py took 0.209 seconds
[2025-07-30T22:18:08.760+0000] {processor.py:157} INFO - Started process (PID=157) to work on /opt/airflow/dags/fraud_pipeline_dag.py
[2025-07-30T22:18:08.761+0000] {processor.py:829} INFO - Processing file /opt/airflow/dags/fraud_pipeline_dag.py for tasks to queue
[2025-07-30T22:18:08.762+0000] {logging_mixin.py:151} INFO - [2025-07-30T22:18:08.762+0000] {dagbag.py:539} INFO - Filling up the DagBag from /opt/airflow/dags/fraud_pipeline_dag.py
[2025-07-30T22:18:08.933+0000] {logging_mixin.py:151} INFO - [2025-07-30T22:18:08.933+0000] {fraud_pipeline_dag.py:19} INFO - Found 183 pkl files
[2025-07-30T22:18:08.937+0000] {processor.py:839} INFO - DAG(s) dict_keys(['fraud_detection_pipeline']) retrieved from /opt/airflow/dags/fraud_pipeline_dag.py
[2025-07-30T22:18:08.952+0000] {logging_mixin.py:151} INFO - [2025-07-30T22:18:08.952+0000] {dag.py:2915} INFO - Sync 1 DAGs
[2025-07-30T22:18:08.959+0000] {logging_mixin.py:151} INFO - [2025-07-30T22:18:08.959+0000] {dag.py:3696} INFO - Setting next_dagrun for fraud_detection_pipeline to None, run_after=None
[2025-07-30T22:18:08.970+0000] {processor.py:179} INFO - Processing /opt/airflow/dags/fraud_pipeline_dag.py took 0.211 seconds
[2025-07-30T22:18:39.052+0000] {processor.py:157} INFO - Started process (PID=161) to work on /opt/airflow/dags/fraud_pipeline_dag.py
[2025-07-30T22:18:39.052+0000] {processor.py:829} INFO - Processing file /opt/airflow/dags/fraud_pipeline_dag.py for tasks to queue
[2025-07-30T22:18:39.053+0000] {logging_mixin.py:151} INFO - [2025-07-30T22:18:39.053+0000] {dagbag.py:539} INFO - Filling up the DagBag from /opt/airflow/dags/fraud_pipeline_dag.py
[2025-07-30T22:18:39.239+0000] {logging_mixin.py:151} INFO - [2025-07-30T22:18:39.239+0000] {fraud_pipeline_dag.py:19} INFO - Found 183 pkl files
[2025-07-30T22:18:39.244+0000] {processor.py:839} INFO - DAG(s) dict_keys(['fraud_detection_pipeline']) retrieved from /opt/airflow/dags/fraud_pipeline_dag.py
[2025-07-30T22:18:39.264+0000] {logging_mixin.py:151} INFO - [2025-07-30T22:18:39.263+0000] {dag.py:2915} INFO - Sync 1 DAGs
[2025-07-30T22:18:39.274+0000] {logging_mixin.py:151} INFO - [2025-07-30T22:18:39.273+0000] {dag.py:3696} INFO - Setting next_dagrun for fraud_detection_pipeline to None, run_after=None
[2025-07-30T22:18:39.298+0000] {processor.py:179} INFO - Processing /opt/airflow/dags/fraud_pipeline_dag.py took 0.248 seconds
[2025-07-30T22:19:09.360+0000] {processor.py:157} INFO - Started process (PID=165) to work on /opt/airflow/dags/fraud_pipeline_dag.py
[2025-07-30T22:19:09.362+0000] {processor.py:829} INFO - Processing file /opt/airflow/dags/fraud_pipeline_dag.py for tasks to queue
[2025-07-30T22:19:09.363+0000] {logging_mixin.py:151} INFO - [2025-07-30T22:19:09.363+0000] {dagbag.py:539} INFO - Filling up the DagBag from /opt/airflow/dags/fraud_pipeline_dag.py
[2025-07-30T22:19:09.577+0000] {logging_mixin.py:151} INFO - [2025-07-30T22:19:09.577+0000] {fraud_pipeline_dag.py:19} INFO - Found 183 pkl files
[2025-07-30T22:19:09.582+0000] {processor.py:839} INFO - DAG(s) dict_keys(['fraud_detection_pipeline']) retrieved from /opt/airflow/dags/fraud_pipeline_dag.py
[2025-07-30T22:19:09.599+0000] {logging_mixin.py:151} INFO - [2025-07-30T22:19:09.598+0000] {dag.py:2915} INFO - Sync 1 DAGs
[2025-07-30T22:19:09.607+0000] {logging_mixin.py:151} INFO - [2025-07-30T22:19:09.607+0000] {dag.py:3696} INFO - Setting next_dagrun for fraud_detection_pipeline to None, run_after=None
[2025-07-30T22:19:09.620+0000] {processor.py:179} INFO - Processing /opt/airflow/dags/fraud_pipeline_dag.py took 0.263 seconds
[2025-07-30T22:19:39.796+0000] {processor.py:157} INFO - Started process (PID=169) to work on /opt/airflow/dags/fraud_pipeline_dag.py
[2025-07-30T22:19:39.797+0000] {processor.py:829} INFO - Processing file /opt/airflow/dags/fraud_pipeline_dag.py for tasks to queue
[2025-07-30T22:19:39.797+0000] {logging_mixin.py:151} INFO - [2025-07-30T22:19:39.797+0000] {dagbag.py:539} INFO - Filling up the DagBag from /opt/airflow/dags/fraud_pipeline_dag.py
[2025-07-30T22:19:39.982+0000] {logging_mixin.py:151} INFO - [2025-07-30T22:19:39.981+0000] {fraud_pipeline_dag.py:19} INFO - Found 183 pkl files
[2025-07-30T22:19:39.986+0000] {processor.py:839} INFO - DAG(s) dict_keys(['fraud_detection_pipeline']) retrieved from /opt/airflow/dags/fraud_pipeline_dag.py
[2025-07-30T22:19:40.003+0000] {logging_mixin.py:151} INFO - [2025-07-30T22:19:40.002+0000] {dag.py:2915} INFO - Sync 1 DAGs
[2025-07-30T22:19:40.012+0000] {logging_mixin.py:151} INFO - [2025-07-30T22:19:40.012+0000] {dag.py:3696} INFO - Setting next_dagrun for fraud_detection_pipeline to None, run_after=None
[2025-07-30T22:19:40.029+0000] {processor.py:179} INFO - Processing /opt/airflow/dags/fraud_pipeline_dag.py took 0.235 seconds
[2025-07-30T22:20:10.112+0000] {processor.py:157} INFO - Started process (PID=196) to work on /opt/airflow/dags/fraud_pipeline_dag.py
[2025-07-30T22:20:10.113+0000] {processor.py:829} INFO - Processing file /opt/airflow/dags/fraud_pipeline_dag.py for tasks to queue
[2025-07-30T22:20:10.113+0000] {logging_mixin.py:151} INFO - [2025-07-30T22:20:10.113+0000] {dagbag.py:539} INFO - Filling up the DagBag from /opt/airflow/dags/fraud_pipeline_dag.py
[2025-07-30T22:20:10.276+0000] {logging_mixin.py:151} INFO - [2025-07-30T22:20:10.276+0000] {fraud_pipeline_dag.py:19} INFO - Found 183 pkl files
[2025-07-30T22:20:10.280+0000] {processor.py:839} INFO - DAG(s) dict_keys(['fraud_detection_pipeline']) retrieved from /opt/airflow/dags/fraud_pipeline_dag.py
[2025-07-30T22:20:10.296+0000] {logging_mixin.py:151} INFO - [2025-07-30T22:20:10.295+0000] {dag.py:2915} INFO - Sync 1 DAGs
[2025-07-30T22:20:10.303+0000] {logging_mixin.py:151} INFO - [2025-07-30T22:20:10.303+0000] {dag.py:3696} INFO - Setting next_dagrun for fraud_detection_pipeline to None, run_after=None
[2025-07-30T22:20:10.317+0000] {processor.py:179} INFO - Processing /opt/airflow/dags/fraud_pipeline_dag.py took 0.207 seconds
[2025-07-30T22:20:40.408+0000] {processor.py:157} INFO - Started process (PID=200) to work on /opt/airflow/dags/fraud_pipeline_dag.py
[2025-07-30T22:20:40.410+0000] {processor.py:829} INFO - Processing file /opt/airflow/dags/fraud_pipeline_dag.py for tasks to queue
[2025-07-30T22:20:40.411+0000] {logging_mixin.py:151} INFO - [2025-07-30T22:20:40.410+0000] {dagbag.py:539} INFO - Filling up the DagBag from /opt/airflow/dags/fraud_pipeline_dag.py
[2025-07-30T22:20:40.580+0000] {logging_mixin.py:151} INFO - [2025-07-30T22:20:40.580+0000] {fraud_pipeline_dag.py:19} INFO - Found 183 pkl files
[2025-07-30T22:20:40.585+0000] {processor.py:839} INFO - DAG(s) dict_keys(['fraud_detection_pipeline']) retrieved from /opt/airflow/dags/fraud_pipeline_dag.py
[2025-07-30T22:20:40.601+0000] {logging_mixin.py:151} INFO - [2025-07-30T22:20:40.601+0000] {dag.py:2915} INFO - Sync 1 DAGs
[2025-07-30T22:20:40.609+0000] {logging_mixin.py:151} INFO - [2025-07-30T22:20:40.609+0000] {dag.py:3696} INFO - Setting next_dagrun for fraud_detection_pipeline to None, run_after=None
[2025-07-30T22:20:40.619+0000] {processor.py:179} INFO - Processing /opt/airflow/dags/fraud_pipeline_dag.py took 0.214 seconds
[2025-07-30T22:21:10.831+0000] {processor.py:157} INFO - Started process (PID=204) to work on /opt/airflow/dags/fraud_pipeline_dag.py
[2025-07-30T22:21:10.831+0000] {processor.py:829} INFO - Processing file /opt/airflow/dags/fraud_pipeline_dag.py for tasks to queue
[2025-07-30T22:21:10.832+0000] {logging_mixin.py:151} INFO - [2025-07-30T22:21:10.832+0000] {dagbag.py:539} INFO - Filling up the DagBag from /opt/airflow/dags/fraud_pipeline_dag.py
[2025-07-30T22:21:11.016+0000] {logging_mixin.py:151} INFO - [2025-07-30T22:21:11.016+0000] {fraud_pipeline_dag.py:19} INFO - Found 183 pkl files
[2025-07-30T22:21:11.021+0000] {processor.py:839} INFO - DAG(s) dict_keys(['fraud_detection_pipeline']) retrieved from /opt/airflow/dags/fraud_pipeline_dag.py
[2025-07-30T22:21:11.034+0000] {logging_mixin.py:151} INFO - [2025-07-30T22:21:11.034+0000] {dag.py:2915} INFO - Sync 1 DAGs
[2025-07-30T22:21:11.040+0000] {logging_mixin.py:151} INFO - [2025-07-30T22:21:11.040+0000] {dag.py:3696} INFO - Setting next_dagrun for fraud_detection_pipeline to None, run_after=None
[2025-07-30T22:21:11.051+0000] {processor.py:179} INFO - Processing /opt/airflow/dags/fraud_pipeline_dag.py took 0.221 seconds
[2025-07-30T22:21:41.143+0000] {processor.py:157} INFO - Started process (PID=208) to work on /opt/airflow/dags/fraud_pipeline_dag.py
[2025-07-30T22:21:41.144+0000] {processor.py:829} INFO - Processing file /opt/airflow/dags/fraud_pipeline_dag.py for tasks to queue
[2025-07-30T22:21:41.144+0000] {logging_mixin.py:151} INFO - [2025-07-30T22:21:41.144+0000] {dagbag.py:539} INFO - Filling up the DagBag from /opt/airflow/dags/fraud_pipeline_dag.py
[2025-07-30T22:21:41.310+0000] {logging_mixin.py:151} INFO - [2025-07-30T22:21:41.310+0000] {fraud_pipeline_dag.py:19} INFO - Found 183 pkl files
[2025-07-30T22:21:41.315+0000] {processor.py:839} INFO - DAG(s) dict_keys(['fraud_detection_pipeline']) retrieved from /opt/airflow/dags/fraud_pipeline_dag.py
[2025-07-30T22:21:41.330+0000] {logging_mixin.py:151} INFO - [2025-07-30T22:21:41.330+0000] {dag.py:2915} INFO - Sync 1 DAGs
[2025-07-30T22:21:41.338+0000] {logging_mixin.py:151} INFO - [2025-07-30T22:21:41.338+0000] {dag.py:3696} INFO - Setting next_dagrun for fraud_detection_pipeline to None, run_after=None
[2025-07-30T22:21:41.349+0000] {processor.py:179} INFO - Processing /opt/airflow/dags/fraud_pipeline_dag.py took 0.207 seconds
[2025-07-30T22:22:11.463+0000] {processor.py:157} INFO - Started process (PID=212) to work on /opt/airflow/dags/fraud_pipeline_dag.py
[2025-07-30T22:22:11.464+0000] {processor.py:829} INFO - Processing file /opt/airflow/dags/fraud_pipeline_dag.py for tasks to queue
[2025-07-30T22:22:11.464+0000] {logging_mixin.py:151} INFO - [2025-07-30T22:22:11.464+0000] {dagbag.py:539} INFO - Filling up the DagBag from /opt/airflow/dags/fraud_pipeline_dag.py
[2025-07-30T22:22:11.623+0000] {logging_mixin.py:151} INFO - [2025-07-30T22:22:11.622+0000] {fraud_pipeline_dag.py:19} INFO - Found 183 pkl files
[2025-07-30T22:22:11.627+0000] {processor.py:839} INFO - DAG(s) dict_keys(['fraud_detection_pipeline']) retrieved from /opt/airflow/dags/fraud_pipeline_dag.py
[2025-07-30T22:22:11.645+0000] {logging_mixin.py:151} INFO - [2025-07-30T22:22:11.645+0000] {dag.py:2915} INFO - Sync 1 DAGs
[2025-07-30T22:22:11.656+0000] {logging_mixin.py:151} INFO - [2025-07-30T22:22:11.656+0000] {dag.py:3696} INFO - Setting next_dagrun for fraud_detection_pipeline to None, run_after=None
[2025-07-30T22:22:11.669+0000] {processor.py:179} INFO - Processing /opt/airflow/dags/fraud_pipeline_dag.py took 0.207 seconds
[2025-07-30T22:22:41.767+0000] {processor.py:157} INFO - Started process (PID=216) to work on /opt/airflow/dags/fraud_pipeline_dag.py
[2025-07-30T22:22:41.767+0000] {processor.py:829} INFO - Processing file /opt/airflow/dags/fraud_pipeline_dag.py for tasks to queue
[2025-07-30T22:22:41.768+0000] {logging_mixin.py:151} INFO - [2025-07-30T22:22:41.768+0000] {dagbag.py:539} INFO - Filling up the DagBag from /opt/airflow/dags/fraud_pipeline_dag.py
[2025-07-30T22:22:41.921+0000] {logging_mixin.py:151} INFO - [2025-07-30T22:22:41.921+0000] {fraud_pipeline_dag.py:19} INFO - Found 183 pkl files
[2025-07-30T22:22:41.924+0000] {processor.py:839} INFO - DAG(s) dict_keys(['fraud_detection_pipeline']) retrieved from /opt/airflow/dags/fraud_pipeline_dag.py
[2025-07-30T22:22:41.938+0000] {logging_mixin.py:151} INFO - [2025-07-30T22:22:41.937+0000] {dag.py:2915} INFO - Sync 1 DAGs
[2025-07-30T22:22:41.944+0000] {logging_mixin.py:151} INFO - [2025-07-30T22:22:41.944+0000] {dag.py:3696} INFO - Setting next_dagrun for fraud_detection_pipeline to None, run_after=None
[2025-07-30T22:22:41.955+0000] {processor.py:179} INFO - Processing /opt/airflow/dags/fraud_pipeline_dag.py took 0.191 seconds
[2025-07-30T22:23:12.079+0000] {processor.py:157} INFO - Started process (PID=220) to work on /opt/airflow/dags/fraud_pipeline_dag.py
[2025-07-30T22:23:12.080+0000] {processor.py:829} INFO - Processing file /opt/airflow/dags/fraud_pipeline_dag.py for tasks to queue
[2025-07-30T22:23:12.081+0000] {logging_mixin.py:151} INFO - [2025-07-30T22:23:12.081+0000] {dagbag.py:539} INFO - Filling up the DagBag from /opt/airflow/dags/fraud_pipeline_dag.py
[2025-07-30T22:23:12.248+0000] {logging_mixin.py:151} INFO - [2025-07-30T22:23:12.248+0000] {fraud_pipeline_dag.py:19} INFO - Found 183 pkl files
[2025-07-30T22:23:12.253+0000] {processor.py:839} INFO - DAG(s) dict_keys(['fraud_detection_pipeline']) retrieved from /opt/airflow/dags/fraud_pipeline_dag.py
[2025-07-30T22:23:12.268+0000] {logging_mixin.py:151} INFO - [2025-07-30T22:23:12.268+0000] {dag.py:2915} INFO - Sync 1 DAGs
[2025-07-30T22:23:12.275+0000] {logging_mixin.py:151} INFO - [2025-07-30T22:23:12.275+0000] {dag.py:3696} INFO - Setting next_dagrun for fraud_detection_pipeline to None, run_after=None
[2025-07-30T22:23:12.285+0000] {processor.py:179} INFO - Processing /opt/airflow/dags/fraud_pipeline_dag.py took 0.208 seconds
[2025-07-30T22:23:42.382+0000] {processor.py:157} INFO - Started process (PID=224) to work on /opt/airflow/dags/fraud_pipeline_dag.py
[2025-07-30T22:23:42.383+0000] {processor.py:829} INFO - Processing file /opt/airflow/dags/fraud_pipeline_dag.py for tasks to queue
[2025-07-30T22:23:42.384+0000] {logging_mixin.py:151} INFO - [2025-07-30T22:23:42.383+0000] {dagbag.py:539} INFO - Filling up the DagBag from /opt/airflow/dags/fraud_pipeline_dag.py
[2025-07-30T22:23:42.541+0000] {logging_mixin.py:151} INFO - [2025-07-30T22:23:42.541+0000] {fraud_pipeline_dag.py:19} INFO - Found 183 pkl files
[2025-07-30T22:23:42.545+0000] {processor.py:839} INFO - DAG(s) dict_keys(['fraud_detection_pipeline']) retrieved from /opt/airflow/dags/fraud_pipeline_dag.py
[2025-07-30T22:23:42.561+0000] {logging_mixin.py:151} INFO - [2025-07-30T22:23:42.561+0000] {dag.py:2915} INFO - Sync 1 DAGs
[2025-07-30T22:23:42.569+0000] {logging_mixin.py:151} INFO - [2025-07-30T22:23:42.569+0000] {dag.py:3696} INFO - Setting next_dagrun for fraud_detection_pipeline to None, run_after=None
[2025-07-30T22:23:42.594+0000] {processor.py:179} INFO - Processing /opt/airflow/dags/fraud_pipeline_dag.py took 0.214 seconds
[2025-07-30T22:24:12.724+0000] {processor.py:157} INFO - Started process (PID=228) to work on /opt/airflow/dags/fraud_pipeline_dag.py
[2025-07-30T22:24:12.725+0000] {processor.py:829} INFO - Processing file /opt/airflow/dags/fraud_pipeline_dag.py for tasks to queue
[2025-07-30T22:24:12.726+0000] {logging_mixin.py:151} INFO - [2025-07-30T22:24:12.725+0000] {dagbag.py:539} INFO - Filling up the DagBag from /opt/airflow/dags/fraud_pipeline_dag.py
[2025-07-30T22:24:12.899+0000] {logging_mixin.py:151} INFO - [2025-07-30T22:24:12.899+0000] {fraud_pipeline_dag.py:19} INFO - Found 183 pkl files
[2025-07-30T22:24:12.904+0000] {processor.py:839} INFO - DAG(s) dict_keys(['fraud_detection_pipeline']) retrieved from /opt/airflow/dags/fraud_pipeline_dag.py
[2025-07-30T22:24:12.921+0000] {logging_mixin.py:151} INFO - [2025-07-30T22:24:12.921+0000] {dag.py:2915} INFO - Sync 1 DAGs
[2025-07-30T22:24:12.930+0000] {logging_mixin.py:151} INFO - [2025-07-30T22:24:12.930+0000] {dag.py:3696} INFO - Setting next_dagrun for fraud_detection_pipeline to None, run_after=None
[2025-07-30T22:24:12.942+0000] {processor.py:179} INFO - Processing /opt/airflow/dags/fraud_pipeline_dag.py took 0.220 seconds
[2025-07-30T22:24:43.281+0000] {processor.py:157} INFO - Started process (PID=232) to work on /opt/airflow/dags/fraud_pipeline_dag.py
[2025-07-30T22:24:43.281+0000] {processor.py:829} INFO - Processing file /opt/airflow/dags/fraud_pipeline_dag.py for tasks to queue
[2025-07-30T22:24:43.282+0000] {logging_mixin.py:151} INFO - [2025-07-30T22:24:43.282+0000] {dagbag.py:539} INFO - Filling up the DagBag from /opt/airflow/dags/fraud_pipeline_dag.py
[2025-07-30T22:24:43.484+0000] {logging_mixin.py:151} INFO - [2025-07-30T22:24:43.484+0000] {fraud_pipeline_dag.py:19} INFO - Found 183 pkl files
[2025-07-30T22:24:43.488+0000] {processor.py:839} INFO - DAG(s) dict_keys(['fraud_detection_pipeline']) retrieved from /opt/airflow/dags/fraud_pipeline_dag.py
[2025-07-30T22:24:43.502+0000] {logging_mixin.py:151} INFO - [2025-07-30T22:24:43.502+0000] {dag.py:2915} INFO - Sync 1 DAGs
[2025-07-30T22:24:43.509+0000] {logging_mixin.py:151} INFO - [2025-07-30T22:24:43.509+0000] {dag.py:3696} INFO - Setting next_dagrun for fraud_detection_pipeline to None, run_after=None
[2025-07-30T22:24:43.520+0000] {processor.py:179} INFO - Processing /opt/airflow/dags/fraud_pipeline_dag.py took 0.241 seconds
[2025-07-30T22:25:14.616+0000] {processor.py:157} INFO - Started process (PID=236) to work on /opt/airflow/dags/fraud_pipeline_dag.py
[2025-07-30T22:25:14.621+0000] {processor.py:829} INFO - Processing file /opt/airflow/dags/fraud_pipeline_dag.py for tasks to queue
[2025-07-30T22:25:14.621+0000] {logging_mixin.py:151} INFO - [2025-07-30T22:25:14.621+0000] {dagbag.py:539} INFO - Filling up the DagBag from /opt/airflow/dags/fraud_pipeline_dag.py
[2025-07-30T22:25:14.791+0000] {logging_mixin.py:151} INFO - [2025-07-30T22:25:14.791+0000] {fraud_pipeline_dag.py:19} INFO - Found 183 pkl files
[2025-07-30T22:25:14.795+0000] {processor.py:839} INFO - DAG(s) dict_keys(['fraud_detection_pipeline']) retrieved from /opt/airflow/dags/fraud_pipeline_dag.py
[2025-07-30T22:25:14.810+0000] {logging_mixin.py:151} INFO - [2025-07-30T22:25:14.810+0000] {dag.py:2915} INFO - Sync 1 DAGs
[2025-07-30T22:25:14.817+0000] {logging_mixin.py:151} INFO - [2025-07-30T22:25:14.817+0000] {dag.py:3696} INFO - Setting next_dagrun for fraud_detection_pipeline to None, run_after=None
[2025-07-30T22:25:14.828+0000] {processor.py:179} INFO - Processing /opt/airflow/dags/fraud_pipeline_dag.py took 0.214 seconds
[2025-07-30T22:25:44.994+0000] {processor.py:157} INFO - Started process (PID=240) to work on /opt/airflow/dags/fraud_pipeline_dag.py
[2025-07-30T22:25:44.995+0000] {processor.py:829} INFO - Processing file /opt/airflow/dags/fraud_pipeline_dag.py for tasks to queue
[2025-07-30T22:25:44.995+0000] {logging_mixin.py:151} INFO - [2025-07-30T22:25:44.995+0000] {dagbag.py:539} INFO - Filling up the DagBag from /opt/airflow/dags/fraud_pipeline_dag.py
[2025-07-30T22:25:45.169+0000] {logging_mixin.py:151} INFO - [2025-07-30T22:25:45.169+0000] {fraud_pipeline_dag.py:19} INFO - Found 183 pkl files
[2025-07-30T22:25:45.174+0000] {processor.py:839} INFO - DAG(s) dict_keys(['fraud_detection_pipeline']) retrieved from /opt/airflow/dags/fraud_pipeline_dag.py
[2025-07-30T22:25:45.188+0000] {logging_mixin.py:151} INFO - [2025-07-30T22:25:45.187+0000] {dag.py:2915} INFO - Sync 1 DAGs
[2025-07-30T22:25:45.195+0000] {logging_mixin.py:151} INFO - [2025-07-30T22:25:45.195+0000] {dag.py:3696} INFO - Setting next_dagrun for fraud_detection_pipeline to None, run_after=None
[2025-07-30T22:25:45.207+0000] {processor.py:179} INFO - Processing /opt/airflow/dags/fraud_pipeline_dag.py took 0.215 seconds
[2025-07-30T22:26:15.429+0000] {processor.py:157} INFO - Started process (PID=244) to work on /opt/airflow/dags/fraud_pipeline_dag.py
[2025-07-30T22:26:15.430+0000] {processor.py:829} INFO - Processing file /opt/airflow/dags/fraud_pipeline_dag.py for tasks to queue
[2025-07-30T22:26:15.430+0000] {logging_mixin.py:151} INFO - [2025-07-30T22:26:15.430+0000] {dagbag.py:539} INFO - Filling up the DagBag from /opt/airflow/dags/fraud_pipeline_dag.py
[2025-07-30T22:26:15.660+0000] {logging_mixin.py:151} INFO - [2025-07-30T22:26:15.659+0000] {fraud_pipeline_dag.py:19} INFO - Found 183 pkl files
[2025-07-30T22:26:15.664+0000] {processor.py:839} INFO - DAG(s) dict_keys(['fraud_detection_pipeline']) retrieved from /opt/airflow/dags/fraud_pipeline_dag.py
[2025-07-30T22:26:15.680+0000] {logging_mixin.py:151} INFO - [2025-07-30T22:26:15.680+0000] {dag.py:2915} INFO - Sync 1 DAGs
[2025-07-30T22:26:15.688+0000] {logging_mixin.py:151} INFO - [2025-07-30T22:26:15.688+0000] {dag.py:3696} INFO - Setting next_dagrun for fraud_detection_pipeline to None, run_after=None
[2025-07-30T22:26:15.699+0000] {processor.py:179} INFO - Processing /opt/airflow/dags/fraud_pipeline_dag.py took 0.272 seconds
[2025-07-30T22:26:45.942+0000] {processor.py:157} INFO - Started process (PID=248) to work on /opt/airflow/dags/fraud_pipeline_dag.py
[2025-07-30T22:26:45.943+0000] {processor.py:829} INFO - Processing file /opt/airflow/dags/fraud_pipeline_dag.py for tasks to queue
[2025-07-30T22:26:45.943+0000] {logging_mixin.py:151} INFO - [2025-07-30T22:26:45.943+0000] {dagbag.py:539} INFO - Filling up the DagBag from /opt/airflow/dags/fraud_pipeline_dag.py
[2025-07-30T22:26:46.108+0000] {logging_mixin.py:151} INFO - [2025-07-30T22:26:46.108+0000] {fraud_pipeline_dag.py:19} INFO - Found 183 pkl files
[2025-07-30T22:26:46.114+0000] {processor.py:839} INFO - DAG(s) dict_keys(['fraud_detection_pipeline']) retrieved from /opt/airflow/dags/fraud_pipeline_dag.py
[2025-07-30T22:26:46.131+0000] {logging_mixin.py:151} INFO - [2025-07-30T22:26:46.130+0000] {dag.py:2915} INFO - Sync 1 DAGs
[2025-07-30T22:26:46.140+0000] {logging_mixin.py:151} INFO - [2025-07-30T22:26:46.139+0000] {dag.py:3696} INFO - Setting next_dagrun for fraud_detection_pipeline to None, run_after=None
[2025-07-30T22:26:46.152+0000] {processor.py:179} INFO - Processing /opt/airflow/dags/fraud_pipeline_dag.py took 0.212 seconds
[2025-07-30T22:27:16.315+0000] {processor.py:157} INFO - Started process (PID=252) to work on /opt/airflow/dags/fraud_pipeline_dag.py
[2025-07-30T22:27:16.316+0000] {processor.py:829} INFO - Processing file /opt/airflow/dags/fraud_pipeline_dag.py for tasks to queue
[2025-07-30T22:27:16.317+0000] {logging_mixin.py:151} INFO - [2025-07-30T22:27:16.316+0000] {dagbag.py:539} INFO - Filling up the DagBag from /opt/airflow/dags/fraud_pipeline_dag.py
[2025-07-30T22:27:16.486+0000] {logging_mixin.py:151} INFO - [2025-07-30T22:27:16.485+0000] {fraud_pipeline_dag.py:19} INFO - Found 183 pkl files
[2025-07-30T22:27:16.491+0000] {processor.py:839} INFO - DAG(s) dict_keys(['fraud_detection_pipeline']) retrieved from /opt/airflow/dags/fraud_pipeline_dag.py
[2025-07-30T22:27:16.505+0000] {logging_mixin.py:151} INFO - [2025-07-30T22:27:16.504+0000] {dag.py:2915} INFO - Sync 1 DAGs
[2025-07-30T22:27:16.512+0000] {logging_mixin.py:151} INFO - [2025-07-30T22:27:16.512+0000] {dag.py:3696} INFO - Setting next_dagrun for fraud_detection_pipeline to None, run_after=None
[2025-07-30T22:27:16.522+0000] {processor.py:179} INFO - Processing /opt/airflow/dags/fraud_pipeline_dag.py took 0.209 seconds
[2025-07-30T22:27:46.581+0000] {processor.py:157} INFO - Started process (PID=256) to work on /opt/airflow/dags/fraud_pipeline_dag.py
[2025-07-30T22:27:46.582+0000] {processor.py:829} INFO - Processing file /opt/airflow/dags/fraud_pipeline_dag.py for tasks to queue
[2025-07-30T22:27:46.582+0000] {logging_mixin.py:151} INFO - [2025-07-30T22:27:46.582+0000] {dagbag.py:539} INFO - Filling up the DagBag from /opt/airflow/dags/fraud_pipeline_dag.py
[2025-07-30T22:27:46.761+0000] {logging_mixin.py:151} INFO - [2025-07-30T22:27:46.761+0000] {fraud_pipeline_dag.py:19} INFO - Found 183 pkl files
[2025-07-30T22:27:46.766+0000] {processor.py:839} INFO - DAG(s) dict_keys(['fraud_detection_pipeline']) retrieved from /opt/airflow/dags/fraud_pipeline_dag.py
[2025-07-30T22:27:46.782+0000] {logging_mixin.py:151} INFO - [2025-07-30T22:27:46.781+0000] {dag.py:2915} INFO - Sync 1 DAGs
[2025-07-30T22:27:46.790+0000] {logging_mixin.py:151} INFO - [2025-07-30T22:27:46.790+0000] {dag.py:3696} INFO - Setting next_dagrun for fraud_detection_pipeline to None, run_after=None
[2025-07-30T22:27:46.799+0000] {processor.py:179} INFO - Processing /opt/airflow/dags/fraud_pipeline_dag.py took 0.220 seconds
[2025-07-30T22:28:17.095+0000] {processor.py:157} INFO - Started process (PID=260) to work on /opt/airflow/dags/fraud_pipeline_dag.py
[2025-07-30T22:28:17.098+0000] {processor.py:829} INFO - Processing file /opt/airflow/dags/fraud_pipeline_dag.py for tasks to queue
[2025-07-30T22:28:17.100+0000] {logging_mixin.py:151} INFO - [2025-07-30T22:28:17.100+0000] {dagbag.py:539} INFO - Filling up the DagBag from /opt/airflow/dags/fraud_pipeline_dag.py
[2025-07-30T22:28:17.319+0000] {logging_mixin.py:151} INFO - [2025-07-30T22:28:17.318+0000] {fraud_pipeline_dag.py:19} INFO - Found 183 pkl files
[2025-07-30T22:28:17.324+0000] {processor.py:839} INFO - DAG(s) dict_keys(['fraud_detection_pipeline']) retrieved from /opt/airflow/dags/fraud_pipeline_dag.py
[2025-07-30T22:28:17.340+0000] {logging_mixin.py:151} INFO - [2025-07-30T22:28:17.339+0000] {dag.py:2915} INFO - Sync 1 DAGs
[2025-07-30T22:28:17.347+0000] {logging_mixin.py:151} INFO - [2025-07-30T22:28:17.347+0000] {dag.py:3696} INFO - Setting next_dagrun for fraud_detection_pipeline to None, run_after=None
[2025-07-30T22:28:17.359+0000] {processor.py:179} INFO - Processing /opt/airflow/dags/fraud_pipeline_dag.py took 0.265 seconds
[2025-07-30T22:28:47.389+0000] {processor.py:157} INFO - Started process (PID=264) to work on /opt/airflow/dags/fraud_pipeline_dag.py
[2025-07-30T22:28:47.389+0000] {processor.py:829} INFO - Processing file /opt/airflow/dags/fraud_pipeline_dag.py for tasks to queue
[2025-07-30T22:28:47.390+0000] {logging_mixin.py:151} INFO - [2025-07-30T22:28:47.390+0000] {dagbag.py:539} INFO - Filling up the DagBag from /opt/airflow/dags/fraud_pipeline_dag.py
[2025-07-30T22:28:47.556+0000] {logging_mixin.py:151} INFO - [2025-07-30T22:28:47.556+0000] {fraud_pipeline_dag.py:19} INFO - Found 183 pkl files
[2025-07-30T22:28:47.561+0000] {processor.py:839} INFO - DAG(s) dict_keys(['fraud_detection_pipeline']) retrieved from /opt/airflow/dags/fraud_pipeline_dag.py
[2025-07-30T22:28:47.578+0000] {logging_mixin.py:151} INFO - [2025-07-30T22:28:47.577+0000] {dag.py:2915} INFO - Sync 1 DAGs
[2025-07-30T22:28:47.586+0000] {logging_mixin.py:151} INFO - [2025-07-30T22:28:47.586+0000] {dag.py:3696} INFO - Setting next_dagrun for fraud_detection_pipeline to None, run_after=None
[2025-07-30T22:28:47.597+0000] {processor.py:179} INFO - Processing /opt/airflow/dags/fraud_pipeline_dag.py took 0.211 seconds
[2025-07-30T22:29:17.791+0000] {processor.py:157} INFO - Started process (PID=268) to work on /opt/airflow/dags/fraud_pipeline_dag.py
[2025-07-30T22:29:17.792+0000] {processor.py:829} INFO - Processing file /opt/airflow/dags/fraud_pipeline_dag.py for tasks to queue
[2025-07-30T22:29:17.792+0000] {logging_mixin.py:151} INFO - [2025-07-30T22:29:17.792+0000] {dagbag.py:539} INFO - Filling up the DagBag from /opt/airflow/dags/fraud_pipeline_dag.py
[2025-07-30T22:29:17.976+0000] {logging_mixin.py:151} INFO - [2025-07-30T22:29:17.976+0000] {fraud_pipeline_dag.py:19} INFO - Found 183 pkl files
[2025-07-30T22:29:17.980+0000] {processor.py:839} INFO - DAG(s) dict_keys(['fraud_detection_pipeline']) retrieved from /opt/airflow/dags/fraud_pipeline_dag.py
[2025-07-30T22:29:17.997+0000] {logging_mixin.py:151} INFO - [2025-07-30T22:29:17.997+0000] {dag.py:2915} INFO - Sync 1 DAGs
[2025-07-30T22:29:18.006+0000] {logging_mixin.py:151} INFO - [2025-07-30T22:29:18.006+0000] {dag.py:3696} INFO - Setting next_dagrun for fraud_detection_pipeline to None, run_after=None
[2025-07-30T22:29:18.017+0000] {processor.py:179} INFO - Processing /opt/airflow/dags/fraud_pipeline_dag.py took 0.228 seconds
[2025-07-30T22:29:48.109+0000] {processor.py:157} INFO - Started process (PID=271) to work on /opt/airflow/dags/fraud_pipeline_dag.py
[2025-07-30T22:29:48.110+0000] {processor.py:829} INFO - Processing file /opt/airflow/dags/fraud_pipeline_dag.py for tasks to queue
[2025-07-30T22:29:48.111+0000] {logging_mixin.py:151} INFO - [2025-07-30T22:29:48.110+0000] {dagbag.py:539} INFO - Filling up the DagBag from /opt/airflow/dags/fraud_pipeline_dag.py
[2025-07-30T22:29:48.274+0000] {logging_mixin.py:151} INFO - [2025-07-30T22:29:48.274+0000] {fraud_pipeline_dag.py:19} INFO - Found 183 pkl files
[2025-07-30T22:29:48.278+0000] {processor.py:839} INFO - DAG(s) dict_keys(['fraud_detection_pipeline']) retrieved from /opt/airflow/dags/fraud_pipeline_dag.py
[2025-07-30T22:29:48.297+0000] {logging_mixin.py:151} INFO - [2025-07-30T22:29:48.297+0000] {dag.py:2915} INFO - Sync 1 DAGs
[2025-07-30T22:29:48.304+0000] {logging_mixin.py:151} INFO - [2025-07-30T22:29:48.304+0000] {dag.py:3696} INFO - Setting next_dagrun for fraud_detection_pipeline to None, run_after=None
[2025-07-30T22:29:48.314+0000] {processor.py:179} INFO - Processing /opt/airflow/dags/fraud_pipeline_dag.py took 0.207 seconds
[2025-07-30T22:30:18.481+0000] {processor.py:157} INFO - Started process (PID=275) to work on /opt/airflow/dags/fraud_pipeline_dag.py
[2025-07-30T22:30:18.482+0000] {processor.py:829} INFO - Processing file /opt/airflow/dags/fraud_pipeline_dag.py for tasks to queue
[2025-07-30T22:30:18.483+0000] {logging_mixin.py:151} INFO - [2025-07-30T22:30:18.483+0000] {dagbag.py:539} INFO - Filling up the DagBag from /opt/airflow/dags/fraud_pipeline_dag.py
[2025-07-30T22:30:18.670+0000] {logging_mixin.py:151} INFO - [2025-07-30T22:30:18.670+0000] {fraud_pipeline_dag.py:19} INFO - Found 183 pkl files
[2025-07-30T22:30:18.676+0000] {processor.py:839} INFO - DAG(s) dict_keys(['fraud_detection_pipeline']) retrieved from /opt/airflow/dags/fraud_pipeline_dag.py
[2025-07-30T22:30:18.697+0000] {logging_mixin.py:151} INFO - [2025-07-30T22:30:18.696+0000] {dag.py:2915} INFO - Sync 1 DAGs
[2025-07-30T22:30:18.706+0000] {logging_mixin.py:151} INFO - [2025-07-30T22:30:18.705+0000] {dag.py:3696} INFO - Setting next_dagrun for fraud_detection_pipeline to None, run_after=None
[2025-07-30T22:30:18.720+0000] {processor.py:179} INFO - Processing /opt/airflow/dags/fraud_pipeline_dag.py took 0.241 seconds
[2025-07-30T22:30:49.034+0000] {processor.py:157} INFO - Started process (PID=280) to work on /opt/airflow/dags/fraud_pipeline_dag.py
[2025-07-30T22:30:49.035+0000] {processor.py:829} INFO - Processing file /opt/airflow/dags/fraud_pipeline_dag.py for tasks to queue
[2025-07-30T22:30:49.036+0000] {logging_mixin.py:151} INFO - [2025-07-30T22:30:49.035+0000] {dagbag.py:539} INFO - Filling up the DagBag from /opt/airflow/dags/fraud_pipeline_dag.py
[2025-07-30T22:30:49.207+0000] {logging_mixin.py:151} INFO - [2025-07-30T22:30:49.207+0000] {fraud_pipeline_dag.py:19} INFO - Found 183 pkl files
[2025-07-30T22:30:49.210+0000] {processor.py:839} INFO - DAG(s) dict_keys(['fraud_detection_pipeline']) retrieved from /opt/airflow/dags/fraud_pipeline_dag.py
[2025-07-30T22:30:49.227+0000] {logging_mixin.py:151} INFO - [2025-07-30T22:30:49.226+0000] {dag.py:2915} INFO - Sync 1 DAGs
[2025-07-30T22:30:49.234+0000] {logging_mixin.py:151} INFO - [2025-07-30T22:30:49.234+0000] {dag.py:3696} INFO - Setting next_dagrun for fraud_detection_pipeline to None, run_after=None
[2025-07-30T22:30:49.245+0000] {processor.py:179} INFO - Processing /opt/airflow/dags/fraud_pipeline_dag.py took 0.213 seconds
[2025-07-30T22:31:19.417+0000] {processor.py:157} INFO - Started process (PID=284) to work on /opt/airflow/dags/fraud_pipeline_dag.py
[2025-07-30T22:31:19.418+0000] {processor.py:829} INFO - Processing file /opt/airflow/dags/fraud_pipeline_dag.py for tasks to queue
[2025-07-30T22:31:19.418+0000] {logging_mixin.py:151} INFO - [2025-07-30T22:31:19.418+0000] {dagbag.py:539} INFO - Filling up the DagBag from /opt/airflow/dags/fraud_pipeline_dag.py
[2025-07-30T22:31:19.578+0000] {logging_mixin.py:151} INFO - [2025-07-30T22:31:19.578+0000] {fraud_pipeline_dag.py:19} INFO - Found 183 pkl files
[2025-07-30T22:31:19.582+0000] {processor.py:839} INFO - DAG(s) dict_keys(['fraud_detection_pipeline']) retrieved from /opt/airflow/dags/fraud_pipeline_dag.py
[2025-07-30T22:31:19.599+0000] {logging_mixin.py:151} INFO - [2025-07-30T22:31:19.599+0000] {dag.py:2915} INFO - Sync 1 DAGs
[2025-07-30T22:31:19.606+0000] {logging_mixin.py:151} INFO - [2025-07-30T22:31:19.606+0000] {dag.py:3696} INFO - Setting next_dagrun for fraud_detection_pipeline to None, run_after=None
[2025-07-30T22:31:19.617+0000] {processor.py:179} INFO - Processing /opt/airflow/dags/fraud_pipeline_dag.py took 0.202 seconds
[2025-07-30T22:31:49.830+0000] {processor.py:157} INFO - Started process (PID=288) to work on /opt/airflow/dags/fraud_pipeline_dag.py
[2025-07-30T22:31:49.830+0000] {processor.py:829} INFO - Processing file /opt/airflow/dags/fraud_pipeline_dag.py for tasks to queue
[2025-07-30T22:31:49.831+0000] {logging_mixin.py:151} INFO - [2025-07-30T22:31:49.831+0000] {dagbag.py:539} INFO - Filling up the DagBag from /opt/airflow/dags/fraud_pipeline_dag.py
[2025-07-30T22:31:49.990+0000] {logging_mixin.py:151} INFO - [2025-07-30T22:31:49.990+0000] {fraud_pipeline_dag.py:19} INFO - Found 183 pkl files
[2025-07-30T22:31:49.994+0000] {processor.py:839} INFO - DAG(s) dict_keys(['fraud_detection_pipeline']) retrieved from /opt/airflow/dags/fraud_pipeline_dag.py
[2025-07-30T22:31:50.013+0000] {logging_mixin.py:151} INFO - [2025-07-30T22:31:50.012+0000] {dag.py:2915} INFO - Sync 1 DAGs
[2025-07-30T22:31:50.022+0000] {logging_mixin.py:151} INFO - [2025-07-30T22:31:50.022+0000] {dag.py:3696} INFO - Setting next_dagrun for fraud_detection_pipeline to None, run_after=None
[2025-07-30T22:31:50.034+0000] {processor.py:179} INFO - Processing /opt/airflow/dags/fraud_pipeline_dag.py took 0.207 seconds
[2025-07-30T22:32:20.308+0000] {processor.py:157} INFO - Started process (PID=292) to work on /opt/airflow/dags/fraud_pipeline_dag.py
[2025-07-30T22:32:20.309+0000] {processor.py:829} INFO - Processing file /opt/airflow/dags/fraud_pipeline_dag.py for tasks to queue
[2025-07-30T22:32:20.310+0000] {logging_mixin.py:151} INFO - [2025-07-30T22:32:20.309+0000] {dagbag.py:539} INFO - Filling up the DagBag from /opt/airflow/dags/fraud_pipeline_dag.py
[2025-07-30T22:32:20.490+0000] {logging_mixin.py:151} INFO - [2025-07-30T22:32:20.490+0000] {fraud_pipeline_dag.py:19} INFO - Found 183 pkl files
[2025-07-30T22:32:20.498+0000] {processor.py:839} INFO - DAG(s) dict_keys(['fraud_detection_pipeline']) retrieved from /opt/airflow/dags/fraud_pipeline_dag.py
[2025-07-30T22:32:20.513+0000] {logging_mixin.py:151} INFO - [2025-07-30T22:32:20.513+0000] {dag.py:2915} INFO - Sync 1 DAGs
[2025-07-30T22:32:20.520+0000] {logging_mixin.py:151} INFO - [2025-07-30T22:32:20.520+0000] {dag.py:3696} INFO - Setting next_dagrun for fraud_detection_pipeline to None, run_after=None
[2025-07-30T22:32:20.532+0000] {processor.py:179} INFO - Processing /opt/airflow/dags/fraud_pipeline_dag.py took 0.227 seconds
[2025-07-30T22:32:50.785+0000] {processor.py:157} INFO - Started process (PID=296) to work on /opt/airflow/dags/fraud_pipeline_dag.py
[2025-07-30T22:32:50.786+0000] {processor.py:829} INFO - Processing file /opt/airflow/dags/fraud_pipeline_dag.py for tasks to queue
[2025-07-30T22:32:50.787+0000] {logging_mixin.py:151} INFO - [2025-07-30T22:32:50.786+0000] {dagbag.py:539} INFO - Filling up the DagBag from /opt/airflow/dags/fraud_pipeline_dag.py
[2025-07-30T22:32:50.968+0000] {logging_mixin.py:151} INFO - [2025-07-30T22:32:50.967+0000] {fraud_pipeline_dag.py:19} INFO - Found 183 pkl files
[2025-07-30T22:32:50.975+0000] {processor.py:839} INFO - DAG(s) dict_keys(['fraud_detection_pipeline']) retrieved from /opt/airflow/dags/fraud_pipeline_dag.py
[2025-07-30T22:32:50.992+0000] {logging_mixin.py:151} INFO - [2025-07-30T22:32:50.991+0000] {dag.py:2915} INFO - Sync 1 DAGs
[2025-07-30T22:32:50.999+0000] {logging_mixin.py:151} INFO - [2025-07-30T22:32:50.999+0000] {dag.py:3696} INFO - Setting next_dagrun for fraud_detection_pipeline to None, run_after=None
[2025-07-30T22:32:51.011+0000] {processor.py:179} INFO - Processing /opt/airflow/dags/fraud_pipeline_dag.py took 0.229 seconds
[2025-07-30T22:33:21.199+0000] {processor.py:157} INFO - Started process (PID=300) to work on /opt/airflow/dags/fraud_pipeline_dag.py
[2025-07-30T22:33:21.200+0000] {processor.py:829} INFO - Processing file /opt/airflow/dags/fraud_pipeline_dag.py for tasks to queue
[2025-07-30T22:33:21.200+0000] {logging_mixin.py:151} INFO - [2025-07-30T22:33:21.200+0000] {dagbag.py:539} INFO - Filling up the DagBag from /opt/airflow/dags/fraud_pipeline_dag.py
[2025-07-30T22:33:21.371+0000] {logging_mixin.py:151} INFO - [2025-07-30T22:33:21.371+0000] {fraud_pipeline_dag.py:19} INFO - Found 183 pkl files
[2025-07-30T22:33:21.377+0000] {processor.py:839} INFO - DAG(s) dict_keys(['fraud_detection_pipeline']) retrieved from /opt/airflow/dags/fraud_pipeline_dag.py
[2025-07-30T22:33:21.391+0000] {logging_mixin.py:151} INFO - [2025-07-30T22:33:21.390+0000] {dag.py:2915} INFO - Sync 1 DAGs
[2025-07-30T22:33:21.398+0000] {logging_mixin.py:151} INFO - [2025-07-30T22:33:21.398+0000] {dag.py:3696} INFO - Setting next_dagrun for fraud_detection_pipeline to None, run_after=None
[2025-07-30T22:33:21.407+0000] {processor.py:179} INFO - Processing /opt/airflow/dags/fraud_pipeline_dag.py took 0.211 seconds
[2025-07-30T22:33:51.681+0000] {processor.py:157} INFO - Started process (PID=304) to work on /opt/airflow/dags/fraud_pipeline_dag.py
[2025-07-30T22:33:51.682+0000] {processor.py:829} INFO - Processing file /opt/airflow/dags/fraud_pipeline_dag.py for tasks to queue
[2025-07-30T22:33:51.682+0000] {logging_mixin.py:151} INFO - [2025-07-30T22:33:51.682+0000] {dagbag.py:539} INFO - Filling up the DagBag from /opt/airflow/dags/fraud_pipeline_dag.py
[2025-07-30T22:33:51.928+0000] {logging_mixin.py:151} INFO - [2025-07-30T22:33:51.928+0000] {fraud_pipeline_dag.py:19} INFO - Found 183 pkl files
[2025-07-30T22:33:51.934+0000] {processor.py:839} INFO - DAG(s) dict_keys(['fraud_detection_pipeline']) retrieved from /opt/airflow/dags/fraud_pipeline_dag.py
[2025-07-30T22:33:51.952+0000] {logging_mixin.py:151} INFO - [2025-07-30T22:33:51.952+0000] {dag.py:2915} INFO - Sync 1 DAGs
[2025-07-30T22:33:51.960+0000] {logging_mixin.py:151} INFO - [2025-07-30T22:33:51.960+0000] {dag.py:3696} INFO - Setting next_dagrun for fraud_detection_pipeline to None, run_after=None
[2025-07-30T22:33:51.971+0000] {processor.py:179} INFO - Processing /opt/airflow/dags/fraud_pipeline_dag.py took 0.293 seconds
[2025-07-30T22:34:22.223+0000] {processor.py:157} INFO - Started process (PID=308) to work on /opt/airflow/dags/fraud_pipeline_dag.py
[2025-07-30T22:34:22.224+0000] {processor.py:829} INFO - Processing file /opt/airflow/dags/fraud_pipeline_dag.py for tasks to queue
[2025-07-30T22:34:22.224+0000] {logging_mixin.py:151} INFO - [2025-07-30T22:34:22.224+0000] {dagbag.py:539} INFO - Filling up the DagBag from /opt/airflow/dags/fraud_pipeline_dag.py
[2025-07-30T22:34:22.388+0000] {logging_mixin.py:151} INFO - [2025-07-30T22:34:22.388+0000] {fraud_pipeline_dag.py:19} INFO - Found 183 pkl files
[2025-07-30T22:34:22.393+0000] {processor.py:839} INFO - DAG(s) dict_keys(['fraud_detection_pipeline']) retrieved from /opt/airflow/dags/fraud_pipeline_dag.py
[2025-07-30T22:34:22.409+0000] {logging_mixin.py:151} INFO - [2025-07-30T22:34:22.409+0000] {dag.py:2915} INFO - Sync 1 DAGs
[2025-07-30T22:34:22.417+0000] {logging_mixin.py:151} INFO - [2025-07-30T22:34:22.417+0000] {dag.py:3696} INFO - Setting next_dagrun for fraud_detection_pipeline to None, run_after=None
[2025-07-30T22:34:22.428+0000] {processor.py:179} INFO - Processing /opt/airflow/dags/fraud_pipeline_dag.py took 0.207 seconds
[2025-07-30T22:34:52.495+0000] {processor.py:157} INFO - Started process (PID=312) to work on /opt/airflow/dags/fraud_pipeline_dag.py
[2025-07-30T22:34:52.495+0000] {processor.py:829} INFO - Processing file /opt/airflow/dags/fraud_pipeline_dag.py for tasks to queue
[2025-07-30T22:34:52.496+0000] {logging_mixin.py:151} INFO - [2025-07-30T22:34:52.496+0000] {dagbag.py:539} INFO - Filling up the DagBag from /opt/airflow/dags/fraud_pipeline_dag.py
[2025-07-30T22:34:52.730+0000] {logging_mixin.py:151} INFO - [2025-07-30T22:34:52.730+0000] {fraud_pipeline_dag.py:19} INFO - Found 183 pkl files
[2025-07-30T22:34:52.735+0000] {processor.py:839} INFO - DAG(s) dict_keys(['fraud_detection_pipeline']) retrieved from /opt/airflow/dags/fraud_pipeline_dag.py
[2025-07-30T22:34:52.754+0000] {logging_mixin.py:151} INFO - [2025-07-30T22:34:52.754+0000] {dag.py:2915} INFO - Sync 1 DAGs
[2025-07-30T22:34:52.761+0000] {logging_mixin.py:151} INFO - [2025-07-30T22:34:52.761+0000] {dag.py:3696} INFO - Setting next_dagrun for fraud_detection_pipeline to None, run_after=None
[2025-07-30T22:34:52.772+0000] {processor.py:179} INFO - Processing /opt/airflow/dags/fraud_pipeline_dag.py took 0.279 seconds
[2025-07-30T22:35:22.826+0000] {processor.py:157} INFO - Started process (PID=316) to work on /opt/airflow/dags/fraud_pipeline_dag.py
[2025-07-30T22:35:22.827+0000] {processor.py:829} INFO - Processing file /opt/airflow/dags/fraud_pipeline_dag.py for tasks to queue
[2025-07-30T22:35:22.827+0000] {logging_mixin.py:151} INFO - [2025-07-30T22:35:22.827+0000] {dagbag.py:539} INFO - Filling up the DagBag from /opt/airflow/dags/fraud_pipeline_dag.py
[2025-07-30T22:35:22.983+0000] {logging_mixin.py:151} INFO - [2025-07-30T22:35:22.983+0000] {fraud_pipeline_dag.py:19} INFO - Found 183 pkl files
[2025-07-30T22:35:22.988+0000] {processor.py:839} INFO - DAG(s) dict_keys(['fraud_detection_pipeline']) retrieved from /opt/airflow/dags/fraud_pipeline_dag.py
[2025-07-30T22:35:23.003+0000] {logging_mixin.py:151} INFO - [2025-07-30T22:35:23.003+0000] {dag.py:2915} INFO - Sync 1 DAGs
[2025-07-30T22:35:23.011+0000] {logging_mixin.py:151} INFO - [2025-07-30T22:35:23.011+0000] {dag.py:3696} INFO - Setting next_dagrun for fraud_detection_pipeline to None, run_after=None
[2025-07-30T22:35:23.023+0000] {processor.py:179} INFO - Processing /opt/airflow/dags/fraud_pipeline_dag.py took 0.199 seconds
[2025-07-30T22:35:53.177+0000] {processor.py:157} INFO - Started process (PID=320) to work on /opt/airflow/dags/fraud_pipeline_dag.py
[2025-07-30T22:35:53.177+0000] {processor.py:829} INFO - Processing file /opt/airflow/dags/fraud_pipeline_dag.py for tasks to queue
[2025-07-30T22:35:53.178+0000] {logging_mixin.py:151} INFO - [2025-07-30T22:35:53.178+0000] {dagbag.py:539} INFO - Filling up the DagBag from /opt/airflow/dags/fraud_pipeline_dag.py
[2025-07-30T22:35:53.332+0000] {logging_mixin.py:151} INFO - [2025-07-30T22:35:53.332+0000] {fraud_pipeline_dag.py:19} INFO - Found 183 pkl files
[2025-07-30T22:35:53.337+0000] {processor.py:839} INFO - DAG(s) dict_keys(['fraud_detection_pipeline']) retrieved from /opt/airflow/dags/fraud_pipeline_dag.py
[2025-07-30T22:35:53.350+0000] {logging_mixin.py:151} INFO - [2025-07-30T22:35:53.350+0000] {dag.py:2915} INFO - Sync 1 DAGs
[2025-07-30T22:35:53.358+0000] {logging_mixin.py:151} INFO - [2025-07-30T22:35:53.358+0000] {dag.py:3696} INFO - Setting next_dagrun for fraud_detection_pipeline to None, run_after=None
[2025-07-30T22:35:53.369+0000] {processor.py:179} INFO - Processing /opt/airflow/dags/fraud_pipeline_dag.py took 0.194 seconds
[2025-07-30T22:36:23.398+0000] {processor.py:157} INFO - Started process (PID=324) to work on /opt/airflow/dags/fraud_pipeline_dag.py
[2025-07-30T22:36:23.399+0000] {processor.py:829} INFO - Processing file /opt/airflow/dags/fraud_pipeline_dag.py for tasks to queue
[2025-07-30T22:36:23.399+0000] {logging_mixin.py:151} INFO - [2025-07-30T22:36:23.399+0000] {dagbag.py:539} INFO - Filling up the DagBag from /opt/airflow/dags/fraud_pipeline_dag.py
[2025-07-30T22:36:23.558+0000] {logging_mixin.py:151} INFO - [2025-07-30T22:36:23.558+0000] {fraud_pipeline_dag.py:19} INFO - Found 183 pkl files
[2025-07-30T22:36:23.562+0000] {processor.py:839} INFO - DAG(s) dict_keys(['fraud_detection_pipeline']) retrieved from /opt/airflow/dags/fraud_pipeline_dag.py
[2025-07-30T22:36:23.576+0000] {logging_mixin.py:151} INFO - [2025-07-30T22:36:23.576+0000] {dag.py:2915} INFO - Sync 1 DAGs
[2025-07-30T22:36:23.584+0000] {logging_mixin.py:151} INFO - [2025-07-30T22:36:23.584+0000] {dag.py:3696} INFO - Setting next_dagrun for fraud_detection_pipeline to None, run_after=None
[2025-07-30T22:36:23.594+0000] {processor.py:179} INFO - Processing /opt/airflow/dags/fraud_pipeline_dag.py took 0.198 seconds
[2025-07-30T22:36:54.751+0000] {processor.py:157} INFO - Started process (PID=328) to work on /opt/airflow/dags/fraud_pipeline_dag.py
[2025-07-30T22:36:54.751+0000] {processor.py:829} INFO - Processing file /opt/airflow/dags/fraud_pipeline_dag.py for tasks to queue
[2025-07-30T22:36:54.752+0000] {logging_mixin.py:151} INFO - [2025-07-30T22:36:54.752+0000] {dagbag.py:539} INFO - Filling up the DagBag from /opt/airflow/dags/fraud_pipeline_dag.py
[2025-07-30T22:36:54.913+0000] {logging_mixin.py:151} INFO - [2025-07-30T22:36:54.913+0000] {fraud_pipeline_dag.py:19} INFO - Found 183 pkl files
[2025-07-30T22:36:54.916+0000] {processor.py:839} INFO - DAG(s) dict_keys(['fraud_detection_pipeline']) retrieved from /opt/airflow/dags/fraud_pipeline_dag.py
[2025-07-30T22:36:54.931+0000] {logging_mixin.py:151} INFO - [2025-07-30T22:36:54.930+0000] {dag.py:2915} INFO - Sync 1 DAGs
[2025-07-30T22:36:54.938+0000] {logging_mixin.py:151} INFO - [2025-07-30T22:36:54.938+0000] {dag.py:3696} INFO - Setting next_dagrun for fraud_detection_pipeline to None, run_after=None
[2025-07-30T22:36:54.992+0000] {processor.py:179} INFO - Processing /opt/airflow/dags/fraud_pipeline_dag.py took 0.245 seconds
