[2025-07-21T13:36:10.307+0000] {logging_mixin.py:151} INFO - Changing /opt/***/logs/dag_id=fraud_detection_pipeline/run_id=manual__2025-07-21T13:36:08.444313+00:00/task_id=aggregate_and_store_pickle_data permission to 509
[2025-07-21T13:36:10.308+0000] {logging_mixin.py:151} INFO - Failed to change /opt/***/logs/dag_id=fraud_detection_pipeline/run_id=manual__2025-07-21T13:36:08.444313+00:00/task_id=aggregate_and_store_pickle_data permission to 509: [Errno 1] Operation not permitted: '/opt/***/logs/dag_id=fraud_detection_pipeline/run_id=manual__2025-07-21T13:36:08.444313+00:00/task_id=aggregate_and_store_pickle_data'
[2025-07-21T13:36:10.323+0000] {logging_mixin.py:151} INFO - Changing /opt/***/logs/dag_id=fraud_detection_pipeline/run_id=manual__2025-07-21T13:36:08.444313+00:00/task_id=aggregate_and_store_pickle_data permission to 509
[2025-07-21T13:36:10.323+0000] {logging_mixin.py:151} INFO - Failed to change /opt/***/logs/dag_id=fraud_detection_pipeline/run_id=manual__2025-07-21T13:36:08.444313+00:00/task_id=aggregate_and_store_pickle_data permission to 509: [Errno 1] Operation not permitted: '/opt/***/logs/dag_id=fraud_detection_pipeline/run_id=manual__2025-07-21T13:36:08.444313+00:00/task_id=aggregate_and_store_pickle_data'
[2025-07-21T13:36:10.340+0000] {taskinstance.py:1157} INFO - Dependencies all met for dep_context=non-requeueable deps ti=<TaskInstance: fraud_detection_pipeline.aggregate_and_store_pickle_data manual__2025-07-21T13:36:08.444313+00:00 [queued]>
[2025-07-21T13:36:10.344+0000] {taskinstance.py:1157} INFO - Dependencies all met for dep_context=requeueable deps ti=<TaskInstance: fraud_detection_pipeline.aggregate_and_store_pickle_data manual__2025-07-21T13:36:08.444313+00:00 [queued]>
[2025-07-21T13:36:10.344+0000] {taskinstance.py:1359} INFO - Starting attempt 1 of 1
[2025-07-21T13:36:10.353+0000] {taskinstance.py:1380} INFO - Executing <Task(PythonOperator): aggregate_and_store_pickle_data> on 2025-07-21 13:36:08.444313+00:00
[2025-07-21T13:36:10.355+0000] {standard_task_runner.py:57} INFO - Started process 123 to run task
[2025-07-21T13:36:10.357+0000] {standard_task_runner.py:84} INFO - Running: ['***', 'tasks', 'run', 'fraud_detection_pipeline', 'aggregate_and_store_pickle_data', 'manual__2025-07-21T13:36:08.444313+00:00', '--job-id', '50', '--raw', '--subdir', 'DAGS_FOLDER/fraud_pipeline_dag.py', '--cfg-path', '/tmp/tmposdpju1k']
[2025-07-21T13:36:10.358+0000] {standard_task_runner.py:85} INFO - Job 50: Subtask aggregate_and_store_pickle_data
[2025-07-21T13:36:10.369+0000] {logging_mixin.py:151} WARNING - /home/***/.local/lib/python3.8/site-packages/***/settings.py:195 DeprecationWarning: The sql_alchemy_conn option in [core] has been moved to the sql_alchemy_conn option in [database] - the old setting has been used, but please update your config.
[2025-07-21T13:36:10.388+0000] {logging_mixin.py:151} INFO - Changing /opt/***/logs/dag_id=fraud_detection_pipeline/run_id=manual__2025-07-21T13:36:08.444313+00:00/task_id=aggregate_and_store_pickle_data permission to 509
[2025-07-21T13:36:10.388+0000] {logging_mixin.py:151} INFO - Failed to change /opt/***/logs/dag_id=fraud_detection_pipeline/run_id=manual__2025-07-21T13:36:08.444313+00:00/task_id=aggregate_and_store_pickle_data permission to 509: [Errno 1] Operation not permitted: '/opt/***/logs/dag_id=fraud_detection_pipeline/run_id=manual__2025-07-21T13:36:08.444313+00:00/task_id=aggregate_and_store_pickle_data'
[2025-07-21T13:36:10.389+0000] {task_command.py:415} INFO - Running <TaskInstance: fraud_detection_pipeline.aggregate_and_store_pickle_data manual__2025-07-21T13:36:08.444313+00:00 [running]> on host da615bb59f10
[2025-07-21T13:36:10.432+0000] {taskinstance.py:1660} INFO - Exporting env vars: AIRFLOW_CTX_DAG_OWNER='***' AIRFLOW_CTX_DAG_ID='fraud_detection_pipeline' AIRFLOW_CTX_TASK_ID='aggregate_and_store_pickle_data' AIRFLOW_CTX_EXECUTION_DATE='2025-07-21T13:36:08.444313+00:00' AIRFLOW_CTX_TRY_NUMBER='1' AIRFLOW_CTX_DAG_RUN_ID='manual__2025-07-21T13:36:08.444313+00:00'
[2025-07-21T13:36:10.433+0000] {fraud_pipeline_dag.py:22} INFO - Reading pickle files from /opt/***/data/data_raw
[2025-07-21T13:36:10.433+0000] {fraud_pipeline_dag.py:26} INFO - Reading /opt/***/data/data_raw/2018-04-01.pkl
[2025-07-21T13:36:10.448+0000] {fraud_pipeline_dag.py:26} INFO - Reading /opt/***/data/data_raw/2018-04-02.pkl
[2025-07-21T13:36:10.460+0000] {fraud_pipeline_dag.py:26} INFO - Reading /opt/***/data/data_raw/2018-04-03.pkl
[2025-07-21T13:36:10.473+0000] {fraud_pipeline_dag.py:26} INFO - Reading /opt/***/data/data_raw/2018-04-04.pkl
[2025-07-21T13:36:10.487+0000] {fraud_pipeline_dag.py:26} INFO - Reading /opt/***/data/data_raw/2018-04-05.pkl
[2025-07-21T13:36:10.499+0000] {fraud_pipeline_dag.py:26} INFO - Reading /opt/***/data/data_raw/2018-04-06.pkl
[2025-07-21T13:36:10.513+0000] {fraud_pipeline_dag.py:26} INFO - Reading /opt/***/data/data_raw/2018-04-07.pkl
[2025-07-21T13:36:10.525+0000] {fraud_pipeline_dag.py:26} INFO - Reading /opt/***/data/data_raw/2018-04-08.pkl
[2025-07-21T13:36:10.538+0000] {fraud_pipeline_dag.py:26} INFO - Reading /opt/***/data/data_raw/2018-04-09.pkl
[2025-07-21T13:36:10.552+0000] {fraud_pipeline_dag.py:26} INFO - Reading /opt/***/data/data_raw/2018-04-10.pkl
[2025-07-21T13:36:10.565+0000] {fraud_pipeline_dag.py:26} INFO - Reading /opt/***/data/data_raw/2018-04-11.pkl
[2025-07-21T13:36:10.578+0000] {fraud_pipeline_dag.py:26} INFO - Reading /opt/***/data/data_raw/2018-04-12.pkl
[2025-07-21T13:36:10.591+0000] {fraud_pipeline_dag.py:26} INFO - Reading /opt/***/data/data_raw/2018-04-13.pkl
[2025-07-21T13:36:10.604+0000] {fraud_pipeline_dag.py:26} INFO - Reading /opt/***/data/data_raw/2018-04-14.pkl
[2025-07-21T13:36:10.617+0000] {fraud_pipeline_dag.py:26} INFO - Reading /opt/***/data/data_raw/2018-04-15.pkl
[2025-07-21T13:36:10.630+0000] {fraud_pipeline_dag.py:26} INFO - Reading /opt/***/data/data_raw/2018-04-16.pkl
[2025-07-21T13:36:10.649+0000] {fraud_pipeline_dag.py:26} INFO - Reading /opt/***/data/data_raw/2018-04-17.pkl
[2025-07-21T13:36:10.667+0000] {fraud_pipeline_dag.py:26} INFO - Reading /opt/***/data/data_raw/2018-04-18.pkl
[2025-07-21T13:36:10.683+0000] {fraud_pipeline_dag.py:26} INFO - Reading /opt/***/data/data_raw/2018-04-19.pkl
[2025-07-21T13:36:10.698+0000] {fraud_pipeline_dag.py:26} INFO - Reading /opt/***/data/data_raw/2018-04-20.pkl
[2025-07-21T13:36:10.714+0000] {fraud_pipeline_dag.py:26} INFO - Reading /opt/***/data/data_raw/2018-04-21.pkl
[2025-07-21T13:36:10.730+0000] {fraud_pipeline_dag.py:26} INFO - Reading /opt/***/data/data_raw/2018-04-22.pkl
[2025-07-21T13:36:10.746+0000] {fraud_pipeline_dag.py:26} INFO - Reading /opt/***/data/data_raw/2018-04-23.pkl
[2025-07-21T13:36:10.762+0000] {fraud_pipeline_dag.py:26} INFO - Reading /opt/***/data/data_raw/2018-04-24.pkl
[2025-07-21T13:36:10.779+0000] {fraud_pipeline_dag.py:26} INFO - Reading /opt/***/data/data_raw/2018-04-25.pkl
[2025-07-21T13:36:10.794+0000] {fraud_pipeline_dag.py:26} INFO - Reading /opt/***/data/data_raw/2018-04-26.pkl
[2025-07-21T13:36:10.812+0000] {fraud_pipeline_dag.py:26} INFO - Reading /opt/***/data/data_raw/2018-04-27.pkl
[2025-07-21T13:36:10.829+0000] {fraud_pipeline_dag.py:26} INFO - Reading /opt/***/data/data_raw/2018-04-28.pkl
[2025-07-21T13:36:10.845+0000] {fraud_pipeline_dag.py:26} INFO - Reading /opt/***/data/data_raw/2018-04-29.pkl
[2025-07-21T13:36:10.861+0000] {fraud_pipeline_dag.py:26} INFO - Reading /opt/***/data/data_raw/2018-04-30.pkl
[2025-07-21T13:36:10.877+0000] {fraud_pipeline_dag.py:26} INFO - Reading /opt/***/data/data_raw/2018-05-01.pkl
[2025-07-21T13:36:10.893+0000] {fraud_pipeline_dag.py:26} INFO - Reading /opt/***/data/data_raw/2018-05-02.pkl
[2025-07-21T13:36:10.907+0000] {fraud_pipeline_dag.py:26} INFO - Reading /opt/***/data/data_raw/2018-05-03.pkl
[2025-07-21T13:36:10.923+0000] {fraud_pipeline_dag.py:26} INFO - Reading /opt/***/data/data_raw/2018-05-04.pkl
[2025-07-21T13:36:10.938+0000] {fraud_pipeline_dag.py:26} INFO - Reading /opt/***/data/data_raw/2018-05-05.pkl
[2025-07-21T13:36:10.953+0000] {fraud_pipeline_dag.py:26} INFO - Reading /opt/***/data/data_raw/2018-05-06.pkl
[2025-07-21T13:36:10.968+0000] {fraud_pipeline_dag.py:26} INFO - Reading /opt/***/data/data_raw/2018-05-07.pkl
[2025-07-21T13:36:10.984+0000] {fraud_pipeline_dag.py:26} INFO - Reading /opt/***/data/data_raw/2018-05-08.pkl
[2025-07-21T13:36:11.001+0000] {fraud_pipeline_dag.py:26} INFO - Reading /opt/***/data/data_raw/2018-05-09.pkl
[2025-07-21T13:36:11.017+0000] {fraud_pipeline_dag.py:26} INFO - Reading /opt/***/data/data_raw/2018-05-10.pkl
[2025-07-21T13:36:11.033+0000] {fraud_pipeline_dag.py:26} INFO - Reading /opt/***/data/data_raw/2018-05-11.pkl
[2025-07-21T13:36:11.048+0000] {fraud_pipeline_dag.py:26} INFO - Reading /opt/***/data/data_raw/2018-05-12.pkl
[2025-07-21T13:36:11.082+0000] {fraud_pipeline_dag.py:26} INFO - Reading /opt/***/data/data_raw/2018-05-13.pkl
[2025-07-21T13:36:11.097+0000] {fraud_pipeline_dag.py:26} INFO - Reading /opt/***/data/data_raw/2018-05-14.pkl
[2025-07-21T13:36:11.132+0000] {fraud_pipeline_dag.py:26} INFO - Reading /opt/***/data/data_raw/2018-05-15.pkl
[2025-07-21T13:36:11.154+0000] {fraud_pipeline_dag.py:26} INFO - Reading /opt/***/data/data_raw/2018-05-16.pkl
[2025-07-21T13:36:11.171+0000] {fraud_pipeline_dag.py:26} INFO - Reading /opt/***/data/data_raw/2018-05-17.pkl
[2025-07-21T13:36:11.187+0000] {fraud_pipeline_dag.py:26} INFO - Reading /opt/***/data/data_raw/2018-05-18.pkl
[2025-07-21T13:36:11.206+0000] {fraud_pipeline_dag.py:26} INFO - Reading /opt/***/data/data_raw/2018-05-19.pkl
[2025-07-21T13:36:11.222+0000] {fraud_pipeline_dag.py:26} INFO - Reading /opt/***/data/data_raw/2018-05-20.pkl
[2025-07-21T13:36:11.238+0000] {fraud_pipeline_dag.py:26} INFO - Reading /opt/***/data/data_raw/2018-05-21.pkl
[2025-07-21T13:36:11.253+0000] {fraud_pipeline_dag.py:26} INFO - Reading /opt/***/data/data_raw/2018-05-22.pkl
[2025-07-21T13:36:11.269+0000] {fraud_pipeline_dag.py:26} INFO - Reading /opt/***/data/data_raw/2018-05-23.pkl
[2025-07-21T13:36:11.283+0000] {fraud_pipeline_dag.py:26} INFO - Reading /opt/***/data/data_raw/2018-05-24.pkl
[2025-07-21T13:36:11.298+0000] {fraud_pipeline_dag.py:26} INFO - Reading /opt/***/data/data_raw/2018-05-25.pkl
[2025-07-21T13:36:11.310+0000] {fraud_pipeline_dag.py:26} INFO - Reading /opt/***/data/data_raw/2018-05-26.pkl
[2025-07-21T13:36:11.322+0000] {fraud_pipeline_dag.py:26} INFO - Reading /opt/***/data/data_raw/2018-05-27.pkl
[2025-07-21T13:36:11.335+0000] {fraud_pipeline_dag.py:26} INFO - Reading /opt/***/data/data_raw/2018-05-28.pkl
[2025-07-21T13:36:11.347+0000] {fraud_pipeline_dag.py:26} INFO - Reading /opt/***/data/data_raw/2018-05-29.pkl
[2025-07-21T13:36:11.360+0000] {fraud_pipeline_dag.py:26} INFO - Reading /opt/***/data/data_raw/2018-05-30.pkl
[2025-07-21T13:36:11.373+0000] {fraud_pipeline_dag.py:26} INFO - Reading /opt/***/data/data_raw/2018-05-31.pkl
[2025-07-21T13:36:11.385+0000] {fraud_pipeline_dag.py:26} INFO - Reading /opt/***/data/data_raw/2018-06-01.pkl
[2025-07-21T13:36:11.398+0000] {fraud_pipeline_dag.py:26} INFO - Reading /opt/***/data/data_raw/2018-06-02.pkl
[2025-07-21T13:36:11.414+0000] {fraud_pipeline_dag.py:26} INFO - Reading /opt/***/data/data_raw/2018-06-03.pkl
[2025-07-21T13:36:11.435+0000] {fraud_pipeline_dag.py:26} INFO - Reading /opt/***/data/data_raw/2018-06-04.pkl
[2025-07-21T13:36:11.457+0000] {fraud_pipeline_dag.py:26} INFO - Reading /opt/***/data/data_raw/2018-06-05.pkl
[2025-07-21T13:36:11.476+0000] {fraud_pipeline_dag.py:26} INFO - Reading /opt/***/data/data_raw/2018-06-06.pkl
[2025-07-21T13:36:11.493+0000] {fraud_pipeline_dag.py:26} INFO - Reading /opt/***/data/data_raw/2018-06-07.pkl
[2025-07-21T13:36:11.510+0000] {fraud_pipeline_dag.py:26} INFO - Reading /opt/***/data/data_raw/2018-06-08.pkl
[2025-07-21T13:36:11.524+0000] {fraud_pipeline_dag.py:26} INFO - Reading /opt/***/data/data_raw/2018-06-09.pkl
[2025-07-21T13:36:11.537+0000] {fraud_pipeline_dag.py:26} INFO - Reading /opt/***/data/data_raw/2018-06-10.pkl
[2025-07-21T13:36:11.549+0000] {fraud_pipeline_dag.py:26} INFO - Reading /opt/***/data/data_raw/2018-06-11.pkl
[2025-07-21T13:36:11.563+0000] {fraud_pipeline_dag.py:26} INFO - Reading /opt/***/data/data_raw/2018-06-12.pkl
[2025-07-21T13:36:11.575+0000] {fraud_pipeline_dag.py:26} INFO - Reading /opt/***/data/data_raw/2018-06-13.pkl
[2025-07-21T13:36:11.589+0000] {fraud_pipeline_dag.py:26} INFO - Reading /opt/***/data/data_raw/2018-06-14.pkl
[2025-07-21T13:36:11.602+0000] {fraud_pipeline_dag.py:26} INFO - Reading /opt/***/data/data_raw/2018-06-15.pkl
[2025-07-21T13:36:11.615+0000] {fraud_pipeline_dag.py:26} INFO - Reading /opt/***/data/data_raw/2018-06-16.pkl
[2025-07-21T13:36:11.629+0000] {fraud_pipeline_dag.py:26} INFO - Reading /opt/***/data/data_raw/2018-06-17.pkl
[2025-07-21T13:36:11.642+0000] {fraud_pipeline_dag.py:26} INFO - Reading /opt/***/data/data_raw/2018-06-18.pkl
[2025-07-21T13:36:11.661+0000] {fraud_pipeline_dag.py:26} INFO - Reading /opt/***/data/data_raw/2018-06-19.pkl
[2025-07-21T13:36:11.678+0000] {fraud_pipeline_dag.py:26} INFO - Reading /opt/***/data/data_raw/2018-06-20.pkl
[2025-07-21T13:36:11.690+0000] {fraud_pipeline_dag.py:26} INFO - Reading /opt/***/data/data_raw/2018-06-21.pkl
[2025-07-21T13:36:11.703+0000] {fraud_pipeline_dag.py:26} INFO - Reading /opt/***/data/data_raw/2018-06-22.pkl
[2025-07-21T13:36:11.716+0000] {fraud_pipeline_dag.py:26} INFO - Reading /opt/***/data/data_raw/2018-06-23.pkl
[2025-07-21T13:36:11.729+0000] {fraud_pipeline_dag.py:26} INFO - Reading /opt/***/data/data_raw/2018-06-24.pkl
[2025-07-21T13:36:11.741+0000] {fraud_pipeline_dag.py:26} INFO - Reading /opt/***/data/data_raw/2018-06-25.pkl
[2025-07-21T13:36:11.757+0000] {fraud_pipeline_dag.py:26} INFO - Reading /opt/***/data/data_raw/2018-06-26.pkl
[2025-07-21T13:36:11.779+0000] {fraud_pipeline_dag.py:26} INFO - Reading /opt/***/data/data_raw/2018-06-27.pkl
[2025-07-21T13:36:11.797+0000] {fraud_pipeline_dag.py:26} INFO - Reading /opt/***/data/data_raw/2018-06-28.pkl
[2025-07-21T13:36:11.813+0000] {fraud_pipeline_dag.py:26} INFO - Reading /opt/***/data/data_raw/2018-06-29.pkl
[2025-07-21T13:36:11.826+0000] {fraud_pipeline_dag.py:26} INFO - Reading /opt/***/data/data_raw/2018-06-30.pkl
[2025-07-21T13:36:11.839+0000] {fraud_pipeline_dag.py:26} INFO - Reading /opt/***/data/data_raw/2018-07-01.pkl
[2025-07-21T13:36:11.851+0000] {fraud_pipeline_dag.py:26} INFO - Reading /opt/***/data/data_raw/2018-07-02.pkl
[2025-07-21T13:36:11.864+0000] {fraud_pipeline_dag.py:26} INFO - Reading /opt/***/data/data_raw/2018-07-03.pkl
[2025-07-21T13:36:11.878+0000] {fraud_pipeline_dag.py:26} INFO - Reading /opt/***/data/data_raw/2018-07-04.pkl
[2025-07-21T13:36:11.892+0000] {fraud_pipeline_dag.py:26} INFO - Reading /opt/***/data/data_raw/2018-07-05.pkl
[2025-07-21T13:36:11.954+0000] {fraud_pipeline_dag.py:26} INFO - Reading /opt/***/data/data_raw/2018-07-06.pkl
[2025-07-21T13:36:12.005+0000] {fraud_pipeline_dag.py:26} INFO - Reading /opt/***/data/data_raw/2018-07-07.pkl
[2025-07-21T13:36:12.061+0000] {fraud_pipeline_dag.py:26} INFO - Reading /opt/***/data/data_raw/2018-07-08.pkl
[2025-07-21T13:36:12.099+0000] {fraud_pipeline_dag.py:26} INFO - Reading /opt/***/data/data_raw/2018-07-09.pkl
[2025-07-21T13:36:12.131+0000] {fraud_pipeline_dag.py:26} INFO - Reading /opt/***/data/data_raw/2018-07-10.pkl
[2025-07-21T13:36:12.155+0000] {fraud_pipeline_dag.py:26} INFO - Reading /opt/***/data/data_raw/2018-07-11.pkl
[2025-07-21T13:36:12.173+0000] {fraud_pipeline_dag.py:26} INFO - Reading /opt/***/data/data_raw/2018-07-12.pkl
[2025-07-21T13:36:12.189+0000] {fraud_pipeline_dag.py:26} INFO - Reading /opt/***/data/data_raw/2018-07-13.pkl
[2025-07-21T13:36:12.206+0000] {fraud_pipeline_dag.py:26} INFO - Reading /opt/***/data/data_raw/2018-07-14.pkl
[2025-07-21T13:36:12.221+0000] {fraud_pipeline_dag.py:26} INFO - Reading /opt/***/data/data_raw/2018-07-15.pkl
[2025-07-21T13:36:12.237+0000] {fraud_pipeline_dag.py:26} INFO - Reading /opt/***/data/data_raw/2018-07-16.pkl
[2025-07-21T13:36:12.254+0000] {fraud_pipeline_dag.py:26} INFO - Reading /opt/***/data/data_raw/2018-07-17.pkl
[2025-07-21T13:36:12.269+0000] {fraud_pipeline_dag.py:26} INFO - Reading /opt/***/data/data_raw/2018-07-18.pkl
[2025-07-21T13:36:12.285+0000] {fraud_pipeline_dag.py:26} INFO - Reading /opt/***/data/data_raw/2018-07-19.pkl
[2025-07-21T13:36:12.301+0000] {fraud_pipeline_dag.py:26} INFO - Reading /opt/***/data/data_raw/2018-07-20.pkl
[2025-07-21T13:36:12.317+0000] {fraud_pipeline_dag.py:26} INFO - Reading /opt/***/data/data_raw/2018-07-21.pkl
[2025-07-21T13:36:12.333+0000] {fraud_pipeline_dag.py:26} INFO - Reading /opt/***/data/data_raw/2018-07-22.pkl
[2025-07-21T13:36:12.348+0000] {fraud_pipeline_dag.py:26} INFO - Reading /opt/***/data/data_raw/2018-07-23.pkl
[2025-07-21T13:36:12.364+0000] {fraud_pipeline_dag.py:26} INFO - Reading /opt/***/data/data_raw/2018-07-24.pkl
[2025-07-21T13:36:12.379+0000] {fraud_pipeline_dag.py:26} INFO - Reading /opt/***/data/data_raw/2018-07-25.pkl
[2025-07-21T13:36:12.394+0000] {fraud_pipeline_dag.py:26} INFO - Reading /opt/***/data/data_raw/2018-07-26.pkl
[2025-07-21T13:36:12.410+0000] {fraud_pipeline_dag.py:26} INFO - Reading /opt/***/data/data_raw/2018-07-27.pkl
[2025-07-21T13:36:12.426+0000] {fraud_pipeline_dag.py:26} INFO - Reading /opt/***/data/data_raw/2018-07-28.pkl
[2025-07-21T13:36:12.441+0000] {fraud_pipeline_dag.py:26} INFO - Reading /opt/***/data/data_raw/2018-07-29.pkl
[2025-07-21T13:36:12.459+0000] {fraud_pipeline_dag.py:26} INFO - Reading /opt/***/data/data_raw/2018-07-30.pkl
[2025-07-21T13:36:12.477+0000] {fraud_pipeline_dag.py:26} INFO - Reading /opt/***/data/data_raw/2018-07-31.pkl
[2025-07-21T13:36:12.492+0000] {fraud_pipeline_dag.py:26} INFO - Reading /opt/***/data/data_raw/2018-08-01.pkl
[2025-07-21T13:36:12.508+0000] {fraud_pipeline_dag.py:26} INFO - Reading /opt/***/data/data_raw/2018-08-02.pkl
[2025-07-21T13:36:12.525+0000] {fraud_pipeline_dag.py:26} INFO - Reading /opt/***/data/data_raw/2018-08-03.pkl
[2025-07-21T13:36:12.541+0000] {fraud_pipeline_dag.py:26} INFO - Reading /opt/***/data/data_raw/2018-08-04.pkl
[2025-07-21T13:36:12.557+0000] {fraud_pipeline_dag.py:26} INFO - Reading /opt/***/data/data_raw/2018-08-05.pkl
[2025-07-21T13:36:12.573+0000] {fraud_pipeline_dag.py:26} INFO - Reading /opt/***/data/data_raw/2018-08-06.pkl
[2025-07-21T13:36:12.588+0000] {fraud_pipeline_dag.py:26} INFO - Reading /opt/***/data/data_raw/2018-08-07.pkl
[2025-07-21T13:36:12.605+0000] {fraud_pipeline_dag.py:26} INFO - Reading /opt/***/data/data_raw/2018-08-08.pkl
[2025-07-21T13:36:12.620+0000] {fraud_pipeline_dag.py:26} INFO - Reading /opt/***/data/data_raw/2018-08-09.pkl
[2025-07-21T13:36:12.636+0000] {fraud_pipeline_dag.py:26} INFO - Reading /opt/***/data/data_raw/2018-08-10.pkl
[2025-07-21T13:36:12.656+0000] {fraud_pipeline_dag.py:26} INFO - Reading /opt/***/data/data_raw/2018-08-11.pkl
[2025-07-21T13:36:12.673+0000] {fraud_pipeline_dag.py:26} INFO - Reading /opt/***/data/data_raw/2018-08-12.pkl
[2025-07-21T13:36:12.686+0000] {fraud_pipeline_dag.py:26} INFO - Reading /opt/***/data/data_raw/2018-08-13.pkl
[2025-07-21T13:36:12.699+0000] {fraud_pipeline_dag.py:26} INFO - Reading /opt/***/data/data_raw/2018-08-14.pkl
[2025-07-21T13:36:12.713+0000] {fraud_pipeline_dag.py:26} INFO - Reading /opt/***/data/data_raw/2018-08-15.pkl
[2025-07-21T13:36:12.725+0000] {fraud_pipeline_dag.py:26} INFO - Reading /opt/***/data/data_raw/2018-08-16.pkl
[2025-07-21T13:36:12.738+0000] {fraud_pipeline_dag.py:26} INFO - Reading /opt/***/data/data_raw/2018-08-17.pkl
[2025-07-21T13:36:12.750+0000] {fraud_pipeline_dag.py:26} INFO - Reading /opt/***/data/data_raw/2018-08-18.pkl
[2025-07-21T13:36:12.763+0000] {fraud_pipeline_dag.py:26} INFO - Reading /opt/***/data/data_raw/2018-08-19.pkl
[2025-07-21T13:36:12.774+0000] {fraud_pipeline_dag.py:26} INFO - Reading /opt/***/data/data_raw/2018-08-20.pkl
[2025-07-21T13:36:12.787+0000] {fraud_pipeline_dag.py:26} INFO - Reading /opt/***/data/data_raw/2018-08-21.pkl
[2025-07-21T13:36:12.799+0000] {fraud_pipeline_dag.py:26} INFO - Reading /opt/***/data/data_raw/2018-08-22.pkl
[2025-07-21T13:36:12.810+0000] {fraud_pipeline_dag.py:26} INFO - Reading /opt/***/data/data_raw/2018-08-23.pkl
[2025-07-21T13:36:12.823+0000] {fraud_pipeline_dag.py:26} INFO - Reading /opt/***/data/data_raw/2018-08-24.pkl
[2025-07-21T13:36:12.836+0000] {fraud_pipeline_dag.py:26} INFO - Reading /opt/***/data/data_raw/2018-08-25.pkl
[2025-07-21T13:36:12.849+0000] {fraud_pipeline_dag.py:26} INFO - Reading /opt/***/data/data_raw/2018-08-26.pkl
[2025-07-21T13:36:12.862+0000] {fraud_pipeline_dag.py:26} INFO - Reading /opt/***/data/data_raw/2018-08-27.pkl
[2025-07-21T13:36:12.875+0000] {fraud_pipeline_dag.py:26} INFO - Reading /opt/***/data/data_raw/2018-08-28.pkl
[2025-07-21T13:36:12.888+0000] {fraud_pipeline_dag.py:26} INFO - Reading /opt/***/data/data_raw/2018-08-29.pkl
[2025-07-21T13:36:12.901+0000] {fraud_pipeline_dag.py:26} INFO - Reading /opt/***/data/data_raw/2018-08-30.pkl
[2025-07-21T13:36:12.913+0000] {fraud_pipeline_dag.py:26} INFO - Reading /opt/***/data/data_raw/2018-08-31.pkl
[2025-07-21T13:36:12.926+0000] {fraud_pipeline_dag.py:26} INFO - Reading /opt/***/data/data_raw/2018-09-01.pkl
[2025-07-21T13:36:12.938+0000] {fraud_pipeline_dag.py:26} INFO - Reading /opt/***/data/data_raw/2018-09-02.pkl
[2025-07-21T13:36:12.952+0000] {fraud_pipeline_dag.py:26} INFO - Reading /opt/***/data/data_raw/2018-09-03.pkl
[2025-07-21T13:36:12.964+0000] {fraud_pipeline_dag.py:26} INFO - Reading /opt/***/data/data_raw/2018-09-04.pkl
[2025-07-21T13:36:12.978+0000] {fraud_pipeline_dag.py:26} INFO - Reading /opt/***/data/data_raw/2018-09-05.pkl
[2025-07-21T13:36:12.990+0000] {fraud_pipeline_dag.py:26} INFO - Reading /opt/***/data/data_raw/2018-09-06.pkl
[2025-07-21T13:36:13.003+0000] {fraud_pipeline_dag.py:26} INFO - Reading /opt/***/data/data_raw/2018-09-07.pkl
[2025-07-21T13:36:13.016+0000] {fraud_pipeline_dag.py:26} INFO - Reading /opt/***/data/data_raw/2018-09-08.pkl
[2025-07-21T13:36:13.032+0000] {fraud_pipeline_dag.py:26} INFO - Reading /opt/***/data/data_raw/2018-09-09.pkl
[2025-07-21T13:36:13.049+0000] {fraud_pipeline_dag.py:26} INFO - Reading /opt/***/data/data_raw/2018-09-10.pkl
[2025-07-21T13:36:13.154+0000] {fraud_pipeline_dag.py:26} INFO - Reading /opt/***/data/data_raw/2018-09-11.pkl
[2025-07-21T13:36:13.178+0000] {fraud_pipeline_dag.py:26} INFO - Reading /opt/***/data/data_raw/2018-09-12.pkl
[2025-07-21T13:36:13.196+0000] {fraud_pipeline_dag.py:26} INFO - Reading /opt/***/data/data_raw/2018-09-13.pkl
[2025-07-21T13:36:13.213+0000] {fraud_pipeline_dag.py:26} INFO - Reading /opt/***/data/data_raw/2018-09-14.pkl
[2025-07-21T13:36:13.229+0000] {fraud_pipeline_dag.py:26} INFO - Reading /opt/***/data/data_raw/2018-09-15.pkl
[2025-07-21T13:36:13.242+0000] {fraud_pipeline_dag.py:26} INFO - Reading /opt/***/data/data_raw/2018-09-16.pkl
[2025-07-21T13:36:13.256+0000] {fraud_pipeline_dag.py:26} INFO - Reading /opt/***/data/data_raw/2018-09-17.pkl
[2025-07-21T13:36:13.270+0000] {fraud_pipeline_dag.py:26} INFO - Reading /opt/***/data/data_raw/2018-09-18.pkl
[2025-07-21T13:36:13.286+0000] {fraud_pipeline_dag.py:26} INFO - Reading /opt/***/data/data_raw/2018-09-19.pkl
[2025-07-21T13:36:13.303+0000] {fraud_pipeline_dag.py:26} INFO - Reading /opt/***/data/data_raw/2018-09-20.pkl
[2025-07-21T13:36:13.318+0000] {fraud_pipeline_dag.py:26} INFO - Reading /opt/***/data/data_raw/2018-09-21.pkl
[2025-07-21T13:36:13.331+0000] {fraud_pipeline_dag.py:26} INFO - Reading /opt/***/data/data_raw/2018-09-22.pkl
[2025-07-21T13:36:13.346+0000] {fraud_pipeline_dag.py:26} INFO - Reading /opt/***/data/data_raw/2018-09-23.pkl
[2025-07-21T13:36:13.363+0000] {fraud_pipeline_dag.py:26} INFO - Reading /opt/***/data/data_raw/2018-09-24.pkl
[2025-07-21T13:36:13.378+0000] {fraud_pipeline_dag.py:26} INFO - Reading /opt/***/data/data_raw/2018-09-25.pkl
[2025-07-21T13:36:13.394+0000] {fraud_pipeline_dag.py:26} INFO - Reading /opt/***/data/data_raw/2018-09-26.pkl
[2025-07-21T13:36:13.411+0000] {fraud_pipeline_dag.py:26} INFO - Reading /opt/***/data/data_raw/2018-09-27.pkl
[2025-07-21T13:36:13.427+0000] {fraud_pipeline_dag.py:26} INFO - Reading /opt/***/data/data_raw/2018-09-28.pkl
[2025-07-21T13:36:13.443+0000] {fraud_pipeline_dag.py:26} INFO - Reading /opt/***/data/data_raw/2018-09-29.pkl
[2025-07-21T13:36:13.459+0000] {fraud_pipeline_dag.py:26} INFO - Reading /opt/***/data/data_raw/2018-09-30.pkl
[2025-07-21T13:36:13.624+0000] {fraud_pipeline_dag.py:34} INFO - Total rows to insert: 1754155
[2025-07-21T13:37:47.907+0000] {local_task_job_runner.py:228} INFO - Task exited with return code -9
[2025-07-21T13:37:48.198+0000] {taskinstance.py:2776} INFO - 0 downstream tasks scheduled from follow-on schedule check
