[2025-07-21T14:34:17.682+0000] {logging_mixin.py:151} INFO - Changing /opt/***/logs/dag_id=feature_engineering_dag/run_id=manual__2025-07-21T14:27:03.551913+00:00/task_id=run_feature_engineering permission to 509
[2025-07-21T14:34:17.682+0000] {logging_mixin.py:151} INFO - Failed to change /opt/***/logs/dag_id=feature_engineering_dag/run_id=manual__2025-07-21T14:27:03.551913+00:00/task_id=run_feature_engineering permission to 509: [Errno 1] Operation not permitted: '/opt/***/logs/dag_id=feature_engineering_dag/run_id=manual__2025-07-21T14:27:03.551913+00:00/task_id=run_feature_engineering'
[2025-07-21T14:34:17.694+0000] {logging_mixin.py:151} INFO - Changing /opt/***/logs/dag_id=feature_engineering_dag/run_id=manual__2025-07-21T14:27:03.551913+00:00/task_id=run_feature_engineering permission to 509
[2025-07-21T14:34:17.696+0000] {logging_mixin.py:151} INFO - Failed to change /opt/***/logs/dag_id=feature_engineering_dag/run_id=manual__2025-07-21T14:27:03.551913+00:00/task_id=run_feature_engineering permission to 509: [Errno 1] Operation not permitted: '/opt/***/logs/dag_id=feature_engineering_dag/run_id=manual__2025-07-21T14:27:03.551913+00:00/task_id=run_feature_engineering'
[2025-07-21T14:34:17.714+0000] {taskinstance.py:1157} INFO - Dependencies all met for dep_context=non-requeueable deps ti=<TaskInstance: feature_engineering_dag.run_feature_engineering manual__2025-07-21T14:27:03.551913+00:00 [queued]>
[2025-07-21T14:34:17.718+0000] {taskinstance.py:1157} INFO - Dependencies all met for dep_context=requeueable deps ti=<TaskInstance: feature_engineering_dag.run_feature_engineering manual__2025-07-21T14:27:03.551913+00:00 [queued]>
[2025-07-21T14:34:17.718+0000] {taskinstance.py:1359} INFO - Starting attempt 3 of 4
[2025-07-21T14:34:17.724+0000] {taskinstance.py:1380} INFO - Executing <Task(PythonOperator): run_feature_engineering> on 2025-07-21 14:27:03.551913+00:00
[2025-07-21T14:34:17.726+0000] {standard_task_runner.py:57} INFO - Started process 469 to run task
[2025-07-21T14:34:17.728+0000] {standard_task_runner.py:84} INFO - Running: ['***', 'tasks', 'run', 'feature_engineering_dag', 'run_feature_engineering', 'manual__2025-07-21T14:27:03.551913+00:00', '--job-id', '64', '--raw', '--subdir', 'DAGS_FOLDER/feature_engineering.py', '--cfg-path', '/tmp/tmpt5seuxk4']
[2025-07-21T14:34:17.730+0000] {standard_task_runner.py:85} INFO - Job 64: Subtask run_feature_engineering
[2025-07-21T14:34:17.739+0000] {logging_mixin.py:151} WARNING - /home/***/.local/lib/python3.8/site-packages/***/settings.py:195 DeprecationWarning: The sql_alchemy_conn option in [core] has been moved to the sql_alchemy_conn option in [database] - the old setting has been used, but please update your config.
[2025-07-21T14:34:17.758+0000] {logging_mixin.py:151} INFO - Changing /opt/***/logs/dag_id=feature_engineering_dag/run_id=manual__2025-07-21T14:27:03.551913+00:00/task_id=run_feature_engineering permission to 509
[2025-07-21T14:34:17.758+0000] {logging_mixin.py:151} INFO - Failed to change /opt/***/logs/dag_id=feature_engineering_dag/run_id=manual__2025-07-21T14:27:03.551913+00:00/task_id=run_feature_engineering permission to 509: [Errno 1] Operation not permitted: '/opt/***/logs/dag_id=feature_engineering_dag/run_id=manual__2025-07-21T14:27:03.551913+00:00/task_id=run_feature_engineering'
[2025-07-21T14:34:17.759+0000] {task_command.py:415} INFO - Running <TaskInstance: feature_engineering_dag.run_feature_engineering manual__2025-07-21T14:27:03.551913+00:00 [running]> on host 94007307d8a8
[2025-07-21T14:34:17.799+0000] {taskinstance.py:1660} INFO - Exporting env vars: AIRFLOW_CTX_DAG_OWNER='***' AIRFLOW_CTX_DAG_ID='feature_engineering_dag' AIRFLOW_CTX_TASK_ID='run_feature_engineering' AIRFLOW_CTX_EXECUTION_DATE='2025-07-21T14:27:03.551913+00:00' AIRFLOW_CTX_TRY_NUMBER='3' AIRFLOW_CTX_DAG_RUN_ID='manual__2025-07-21T14:27:03.551913+00:00'
[2025-07-21T14:34:23.761+0000] {feature_engineering.py:29} INFO -    transaction_id         tx_datetime  ...  tx_fraud  tx_fraud_scenario
0               0 2018-04-01 00:00:31  ...         0                  0
1               1 2018-04-01 00:02:10  ...         0                  0
2               2 2018-04-01 00:07:56  ...         0                  0
3               3 2018-04-01 00:09:29  ...         0                  0
4               4 2018-04-01 00:10:34  ...         0                  0

[5 rows x 9 columns]
[2025-07-21T14:35:24.721+0000] {python.py:194} INFO - Done. Returned value was: None
[2025-07-21T14:35:24.726+0000] {taskinstance.py:1398} INFO - Marking task as SUCCESS. dag_id=feature_engineering_dag, task_id=run_feature_engineering, execution_date=20250721T142703, start_date=20250721T143417, end_date=20250721T143524
[2025-07-21T14:35:24.778+0000] {local_task_job_runner.py:228} INFO - Task exited with return code 0
[2025-07-21T14:35:24.788+0000] {taskinstance.py:2776} INFO - 1 downstream tasks scheduled from follow-on schedule check
