[2025-07-20T21:56:27.239+0000] {logging_mixin.py:151} INFO - Changing /opt/***/logs/dag_id=fraud_detection_pipeline/run_id=manual__2025-07-20T21:56:25.229800+00:00/task_id=aggregate_and_store_pickle_data permission to 509
[2025-07-20T21:56:27.239+0000] {logging_mixin.py:151} INFO - Failed to change /opt/***/logs/dag_id=fraud_detection_pipeline/run_id=manual__2025-07-20T21:56:25.229800+00:00/task_id=aggregate_and_store_pickle_data permission to 509: [Errno 1] Operation not permitted: '/opt/***/logs/dag_id=fraud_detection_pipeline/run_id=manual__2025-07-20T21:56:25.229800+00:00/task_id=aggregate_and_store_pickle_data'
[2025-07-20T21:56:27.252+0000] {logging_mixin.py:151} INFO - Changing /opt/***/logs/dag_id=fraud_detection_pipeline/run_id=manual__2025-07-20T21:56:25.229800+00:00/task_id=aggregate_and_store_pickle_data permission to 509
[2025-07-20T21:56:27.253+0000] {logging_mixin.py:151} INFO - Failed to change /opt/***/logs/dag_id=fraud_detection_pipeline/run_id=manual__2025-07-20T21:56:25.229800+00:00/task_id=aggregate_and_store_pickle_data permission to 509: [Errno 1] Operation not permitted: '/opt/***/logs/dag_id=fraud_detection_pipeline/run_id=manual__2025-07-20T21:56:25.229800+00:00/task_id=aggregate_and_store_pickle_data'
[2025-07-20T21:56:27.270+0000] {taskinstance.py:1157} INFO - Dependencies all met for dep_context=non-requeueable deps ti=<TaskInstance: fraud_detection_pipeline.aggregate_and_store_pickle_data manual__2025-07-20T21:56:25.229800+00:00 [queued]>
[2025-07-20T21:56:27.275+0000] {taskinstance.py:1157} INFO - Dependencies all met for dep_context=requeueable deps ti=<TaskInstance: fraud_detection_pipeline.aggregate_and_store_pickle_data manual__2025-07-20T21:56:25.229800+00:00 [queued]>
[2025-07-20T21:56:27.276+0000] {taskinstance.py:1359} INFO - Starting attempt 1 of 1
[2025-07-20T21:56:27.283+0000] {taskinstance.py:1380} INFO - Executing <Task(PythonOperator): aggregate_and_store_pickle_data> on 2025-07-20 21:56:25.229800+00:00
[2025-07-20T21:56:27.285+0000] {standard_task_runner.py:57} INFO - Started process 182 to run task
[2025-07-20T21:56:27.288+0000] {standard_task_runner.py:84} INFO - Running: ['***', 'tasks', 'run', 'fraud_detection_pipeline', 'aggregate_and_store_pickle_data', 'manual__2025-07-20T21:56:25.229800+00:00', '--job-id', '14', '--raw', '--subdir', 'DAGS_FOLDER/fraud_pipeline_dag.py', '--cfg-path', '/tmp/tmpnxlye1a3']
[2025-07-20T21:56:27.289+0000] {standard_task_runner.py:85} INFO - Job 14: Subtask aggregate_and_store_pickle_data
[2025-07-20T21:56:27.301+0000] {logging_mixin.py:151} WARNING - /home/***/.local/lib/python3.8/site-packages/***/settings.py:195 DeprecationWarning: The sql_alchemy_conn option in [core] has been moved to the sql_alchemy_conn option in [database] - the old setting has been used, but please update your config.
[2025-07-20T21:56:27.320+0000] {logging_mixin.py:151} INFO - Changing /opt/***/logs/dag_id=fraud_detection_pipeline/run_id=manual__2025-07-20T21:56:25.229800+00:00/task_id=aggregate_and_store_pickle_data permission to 509
[2025-07-20T21:56:27.320+0000] {logging_mixin.py:151} INFO - Failed to change /opt/***/logs/dag_id=fraud_detection_pipeline/run_id=manual__2025-07-20T21:56:25.229800+00:00/task_id=aggregate_and_store_pickle_data permission to 509: [Errno 1] Operation not permitted: '/opt/***/logs/dag_id=fraud_detection_pipeline/run_id=manual__2025-07-20T21:56:25.229800+00:00/task_id=aggregate_and_store_pickle_data'
[2025-07-20T21:56:27.321+0000] {task_command.py:415} INFO - Running <TaskInstance: fraud_detection_pipeline.aggregate_and_store_pickle_data manual__2025-07-20T21:56:25.229800+00:00 [running]> on host da615bb59f10
[2025-07-20T21:56:27.359+0000] {taskinstance.py:1660} INFO - Exporting env vars: AIRFLOW_CTX_DAG_OWNER='***' AIRFLOW_CTX_DAG_ID='fraud_detection_pipeline' AIRFLOW_CTX_TASK_ID='aggregate_and_store_pickle_data' AIRFLOW_CTX_EXECUTION_DATE='2025-07-20T21:56:25.229800+00:00' AIRFLOW_CTX_TRY_NUMBER='1' AIRFLOW_CTX_DAG_RUN_ID='manual__2025-07-20T21:56:25.229800+00:00'
[2025-07-20T21:56:27.360+0000] {fraud_pipeline_dag.py:15} INFO - Reading pickle files from /opt/***/data/data_raw
[2025-07-20T21:56:27.368+0000] {fraud_pipeline_dag.py:20} INFO - Reading 2018-04-01.pkl
[2025-07-20T21:56:27.379+0000] {fraud_pipeline_dag.py:31} INFO - Total rows to insert: 9488
[2025-07-20T21:56:28.381+0000] {fraud_pipeline_dag.py:42} INFO - Data inserted successfully.
[2025-07-20T21:56:28.382+0000] {python.py:194} INFO - Done. Returned value was: None
[2025-07-20T21:56:28.387+0000] {taskinstance.py:1398} INFO - Marking task as SUCCESS. dag_id=fraud_detection_pipeline, task_id=aggregate_and_store_pickle_data, execution_date=20250720T215625, start_date=20250720T215627, end_date=20250720T215628
[2025-07-20T21:56:28.417+0000] {local_task_job_runner.py:228} INFO - Task exited with return code 0
[2025-07-20T21:56:28.426+0000] {taskinstance.py:2776} INFO - 0 downstream tasks scheduled from follow-on schedule check
